== CPython 3.9.7 (default, Oct 6 2021, 00:00:00) [GCC 10.3.1 20210422 (Red Hat 10.3.1-1)]
== Linux-5.5.0-0.rc5.git0.1.1.riscv64.fc32.riscv64-riscv64-with-glibc2.36 little-endian
== cwd: /tmp/test_python_75413Ã¦
== CPU count: 8
== encodings: locale=UTF-8, FS=utf-8
0:00:00 load avg: 1.67 Run tests sequentially
0:00:00 load avg: 1.67 [  1/425] test_grammar
0:00:01 load avg: 1.67 [  2/425] test_opcodes
0:00:01 load avg: 1.67 [  3/425] test_dict
0:00:03 load avg: 1.67 [  4/425] test_builtin
0:00:05 load avg: 1.70 [  5/425] test_exceptions
0:00:24 load avg: 1.85 [  6/425] test_types
0:00:25 load avg: 1.85 [  7/425] test_unittest
0:00:30 load avg: 1.87 [  8/425] test_doctest
0:00:42 load avg: 1.89 [  9/425] test_doctest2
0:00:42 load avg: 1.89 [ 10/425] test_support
0:01:08 load avg: 1.85 [ 11/425] test___all__
0:01:15 load avg: 1.94 [ 12/425] test___future__
0:01:16 load avg: 1.94 [ 13/425] test__locale
0:01:17 load avg: 1.94 [ 14/425] test__opcode
0:01:17 load avg: 1.94 [ 15/425] test__osx_support
0:01:18 load avg: 1.94 [ 16/425] test__xxsubinterpreters
0:01:38 load avg: 1.96 [ 17/425] test_abc
0:01:39 load avg: 1.96 [ 18/425] test_abstract_numbers
0:01:40 load avg: 1.96 [ 19/425] test_aifc
0:01:41 load avg: 1.96 [ 20/425] test_argparse
0:02:06 load avg: 1.98 [ 21/425] test_array
0:02:15 load avg: 1.98 [ 22/425] test_asdl_parser
test_asdl_parser skipped -- test irrelevant for an installed Python
0:02:15 load avg: 1.98 [ 23/425] test_ast -- test_asdl_parser skipped
0:02:30 load avg: 1.99 [ 24/425] test_asyncgen
0:02:32 load avg: 1.99 [ 25/425] test_asynchat
0:02:36 load avg: 1.99 [ 26/425] test_asyncio
0:06:49 load avg: 1.90 [ 27/425/1] test_asyncore -- test_asyncio failed (1 failure) in 4 min 13 sec
0:06:53 load avg: 1.90 [ 28/425/1] test_atexit
0:06:55 load avg: 1.99 [ 29/425/1] test_audioop
0:06:56 load avg: 1.99 [ 30/425/1] test_audit
0:07:10 load avg: 2.00 [ 31/425/1] test_augassign
0:07:11 load avg: 2.00 [ 32/425/1] test_base64
0:07:15 load avg: 2.00 [ 33/425/1] test_baseexception
0:07:16 load avg: 2.00 [ 34/425/1] test_bdb
0:07:18 load avg: 2.00 [ 35/425/1] test_bigaddrspace
0:07:19 load avg: 2.00 [ 36/425/1] test_bigmem
0:07:20 load avg: 2.00 [ 37/425/1] test_binascii
0:07:22 load avg: 2.00 [ 38/425/1] test_binhex
0:07:22 load avg: 2.00 [ 39/425/1] test_binop
0:07:23 load avg: 2.00 [ 40/425/1] test_bisect
0:07:25 load avg: 2.00 [ 41/425/1] test_bool
0:07:26 load avg: 2.00 [ 42/425/1] test_buffer
0:08:33 load avg: 2.00 [ 43/425/1] test_bufio -- test_buffer passed in 1 min 7 sec
0:08:40 load avg: 2.00 [ 44/425/1] test_bytes
0:08:54 load avg: 2.00 [ 45/425/1] test_bz2
0:09:12 load avg: 2.00 [ 46/425/1] test_c_locale_coercion
0:09:57 load avg: 2.00 [ 47/425/1] test_calendar -- test_c_locale_coercion passed in 45.5 sec
0:10:29 load avg: 2.07 [ 48/425/1] test_call -- test_calendar passed in 31.5 sec
0:10:30 load avg: 2.06 [ 49/425/1] test_capi
0:11:01 load avg: 2.28 [ 50/425/1] test_cgi -- test_capi passed in 30.5 sec
0:11:02 load avg: 2.28 [ 51/425/1] test_cgitb
0:11:06 load avg: 2.26 [ 52/425/1] test_charmapcodec
0:11:07 load avg: 2.26 [ 53/425/1] test_check_c_globals
test_check_c_globals skipped -- c-analyzer directory could not be found
0:11:08 load avg: 2.26 [ 54/425/1] test_class -- test_check_c_globals skipped
0:11:09 load avg: 2.26 [ 55/425/1] test_clinic
test_clinic skipped -- clinic directory could not be found
0:11:09 load avg: 2.26 [ 56/425/1] test_cmath -- test_clinic skipped
0:11:11 load avg: 2.23 [ 57/425/1] test_cmd
0:11:12 load avg: 2.23 [ 58/425/1] test_cmd_line
0:12:11 load avg: 2.08 [ 59/425/1] test_cmd_line_script -- test_cmd_line passed in 59.5 sec
0:12:54 load avg: 2.04 [ 60/425/1] test_code -- test_cmd_line_script passed in 43.0 sec
0:12:56 load avg: 2.04 [ 61/425/1] test_code_module
0:12:57 load avg: 2.04 [ 62/425/1] test_codeccallbacks
0:12:58 load avg: 2.04 [ 63/425/1] test_codecencodings_cn
0:13:00 load avg: 2.04 [ 64/425/1] test_codecencodings_hk
0:13:01 load avg: 2.04 [ 65/425/1] test_codecencodings_iso2022
0:13:04 load avg: 2.04 [ 66/425/1] test_codecencodings_jp
0:13:09 load avg: 2.11 [ 67/425/1] test_codecencodings_kr
0:13:11 load avg: 2.10 [ 68/425/1] test_codecencodings_tw
0:13:12 load avg: 2.10 [ 69/425/1] test_codecmaps_cn
0:13:18 load avg: 2.10 [ 70/425/1] test_codecmaps_hk
0:13:19 load avg: 2.10 [ 71/425/1] test_codecmaps_jp
0:13:25 load avg: 2.08 [ 72/425/1] test_codecmaps_kr
0:13:30 load avg: 2.07 [ 73/425/1] test_codecmaps_tw
0:13:33 load avg: 2.07 [ 74/425/1] test_codecs
0:13:42 load avg: 2.06 [ 75/425/1] test_codeop
0:13:43 load avg: 2.06 [ 76/425/1] test_collections
0:13:48 load avg: 2.06 [ 77/425/1] test_colorsys
0:13:49 load avg: 2.06 [ 78/425/1] test_compare
0:13:50 load avg: 2.05 [ 79/425/1] test_compile
0:14:12 load avg: 2.04 [ 80/425/1] test_compileall
Compiling '/tmp/tmpskgw7wda/_test.py'...
Compiling '/tmp/tmphragqi85/_test.py'...
Compiling '/tmp/tmpcrh88c84/_test.py'...
Compiling '/tmp/tmp0dychh_z/_test.py'...
0:16:07 load avg: 2.05 [ 81/425/1] test_complex -- test_compileall passed in 1 min 54 sec
0:16:09 load avg: 2.05 [ 82/425/1] test_concurrent_futures
0:16:42 load avg: 1.68 [ 83/425/1] test_configparser -- test_concurrent_futures passed in 32.4 sec
0:16:46 load avg: 1.71 [ 84/425/1] test_contains
0:16:47 load avg: 1.71 [ 85/425/1] test_context
0:16:56 load avg: 1.75 [ 86/425/1] test_contextlib
0:16:57 load avg: 1.75 [ 87/425/1] test_contextlib_async
0:16:59 load avg: 1.75 [ 88/425/1] test_copy
0:17:01 load avg: 1.77 [ 89/425/1] test_copyreg
0:17:02 load avg: 1.77 [ 90/425/1] test_coroutines
0:17:07 load avg: 1.79 [ 91/425/1] test_cprofile
0:17:16 load avg: 1.82 [ 92/425/1] test_crashers
0:17:17 load avg: 1.82 [ 93/425/1] test_crypt
0:17:26 load avg: 1.85 [ 94/425/1] test_csv
0:17:28 load avg: 1.85 [ 95/425/1] test_ctypes
0:17:30 load avg: 1.85 [ 96/425/1] test_curses
test_curses skipped -- Use of the 'curses' resource not enabled
0:17:30 load avg: 1.86 [ 97/425/1] test_dataclasses -- test_curses skipped (resource denied)
0:17:33 load avg: 1.86 [ 98/425/1] test_datetime
0:17:35 load avg: 1.86 [ 99/425/1] test_dbm
0:17:36 load avg: 1.88 [100/425/1] test_dbm_dumb
0:17:38 load avg: 1.88 [101/425/1] test_dbm_gnu
0:17:40 load avg: 1.88 [102/425/1] test_dbm_ndbm
0:17:41 load avg: 1.89 [103/425/1] test_decimal
0:18:10 load avg: 1.93 [104/425/1] test_decorators
0:18:11 load avg: 2.01 [105/425/1] test_defaultdict
0:18:13 load avg: 2.01 [106/425/1] test_deque
0:18:28 load avg: 2.01 [107/425/1] test_descr
0:18:37 load avg: 2.01 [108/425/1] test_descrtut
0:18:38 load avg: 2.01 [109/425/1] test_devpoll
test_devpoll skipped -- test works only on Solaris OS family
0:18:39 load avg: 2.01 [110/425/1] test_dict_version -- test_devpoll skipped
0:18:41 load avg: 2.01 [111/425/1] test_dictcomps
0:18:42 load avg: 2.01 [112/425/1] test_dictviews
0:18:43 load avg: 2.01 [113/425/1] test_difflib
0:18:49 load avg: 2.01 [114/425/1] test_dis
0:18:54 load avg: 2.00 [115/425/1] test_distutils
0:18:58 load avg: 2.00 [116/425/1] test_docxmlrpc
0:19:03 load avg: 1.92 [117/425/1] test_dtrace
0:27:34 load avg: 2.00 [118/425/1] test_dynamic -- test_dtrace passed in 8 min 31 sec
0:27:35 load avg: 2.00 [119/425/1] test_dynamicclassattribute
0:27:37 load avg: 2.00 [120/425/1] test_eintr
0:27:57 load avg: 2.19 [121/425/1] test_email
0:28:20 load avg: 2.14 [122/425/1] test_embed
0:28:21 load avg: 2.14 [123/425/1] test_ensurepip
0:28:23 load avg: 2.13 [124/425/1] test_enum
0:28:26 load avg: 2.13 [125/425/1] test_enumerate
0:28:28 load avg: 2.12 [126/425/1] test_eof
0:28:31 load avg: 2.12 [127/425/1] test_epoll
0:28:33 load avg: 2.11 [128/425/1] test_errno
0:28:34 load avg: 2.11 [129/425/1] test_exception_hierarchy
0:28:35 load avg: 2.11 [130/425/1] test_exception_variations
0:28:36 load avg: 2.11 [131/425/1] test_extcall
0:28:38 load avg: 2.10 [132/425/1] test_faulthandler
0:29:29 load avg: 2.15 [133/425/1] test_fcntl -- test_faulthandler passed in 51.7 sec
0:29:31 load avg: 2.15 [134/425/1] test_file
0:29:34 load avg: 2.14 [135/425/1] test_file_eintr
0:29:49 load avg: 2.11 [136/425/1] test_filecmp
0:29:51 load avg: 2.11 [137/425/1] test_fileinput
0:29:52 load avg: 2.10 [138/425/1] test_fileio
0:29:54 load avg: 2.10 [139/425/1] test_finalization
0:30:01 load avg: 2.09 [140/425/1] test_float
0:30:04 load avg: 2.08 [141/425/1] test_flufl
0:30:05 load avg: 2.08 [142/425/1] test_fnmatch
0:30:06 load avg: 2.08 [143/425/1] test_fork1
0:30:10 load avg: 2.08 [144/425/1] test_format
0:30:12 load avg: 2.07 [145/425/1] test_fractions
0:30:13 load avg: 2.07 [146/425/1] test_frame
0:30:15 load avg: 2.07 [147/425/1] test_frozen
0:30:16 load avg: 2.07 [148/425/1] test_fstring
0:30:22 load avg: 2.06 [149/425/1] test_ftplib
0:30:34 load avg: 2.05 [150/425/1] test_funcattrs
0:30:35 load avg: 2.05 [151/425/1] test_functools
0:30:39 load avg: 2.04 [152/425/1] test_future
0:30:41 load avg: 2.04 [153/425/1] test_future3
0:30:42 load avg: 2.04 [154/425/1] test_future4
0:30:43 load avg: 2.04 [155/425/1] test_future5
0:30:44 load avg: 2.04 [156/425/1] test_gc
0:31:02 load avg: 2.03 [157/425/1] test_gdb
test_gdb skipped -- test_gdb only works on source builds at the moment.
0:31:05 load avg: 2.03 [158/425/1] test_generator_stop -- test_gdb skipped
0:31:06 load avg: 2.03 [159/425/1] test_generators
0:31:09 load avg: 2.03 [160/425/1] test_genericalias
0:31:10 load avg: 2.03 [161/425/1] test_genericclass
0:31:12 load avg: 2.03 [162/425/1] test_genericpath
0:31:13 load avg: 2.02 [163/425/1] test_genexps
0:31:14 load avg: 2.02 [164/425/1] test_getargs2
0:31:16 load avg: 2.02 [165/425/1] test_getopt
0:31:17 load avg: 2.02 [166/425/1] test_getpass
0:31:19 load avg: 2.02 [167/425/1] test_gettext
0:31:21 load avg: 2.02 [168/425/1] test_glob
0:31:28 load avg: 2.02 [169/425/1] test_global
0:31:29 load avg: 2.02 [170/425/1] test_graphlib
0:31:32 load avg: 2.02 [171/425/1] test_grp
0:31:33 load avg: 2.02 [172/425/1] test_gzip
0:31:42 load avg: 2.01 [173/425/1] test_hash
0:31:59 load avg: 2.01 [174/425/1] test_hashlib
0:32:05 load avg: 2.01 [175/425/1] test_heapq
0:32:10 load avg: 2.01 [176/425/1] test_hmac
0:32:12 load avg: 2.01 [177/425/1] test_html
0:32:13 load avg: 2.01 [178/425/1] test_htmlparser
0:32:15 load avg: 2.01 [179/425/1] test_http_cookiejar
0:32:22 load avg: 2.01 [180/425/1] test_http_cookies
0:32:23 load avg: 2.01 [181/425/1] test_httplib
0:32:26 load avg: 2.01 [182/425/1] test_httpservers
0:32:29 load avg: 2.09 [183/425/1] test_idle
test_idle skipped -- No module named 'idlelib'
0:32:30 load avg: 2.09 [184/425/1] test_imaplib -- test_idle skipped
0:32:58 load avg: 1.74 [185/425/1] test_imghdr
0:32:59 load avg: 1.74 [186/425/1] test_imp
0:33:03 load avg: 1.76 [187/425/1] test_import
0:33:09 load avg: 1.78 [188/425/1] test_importlib
0:33:31 load avg: 2.15 [189/425/1] test_index
0:33:33 load avg: 2.14 [190/425/1] test_inspect
0:33:41 load avg: 2.13 [191/425/1] test_int
0:33:43 load avg: 2.12 [192/425/1] test_int_literal
0:33:45 load avg: 2.12 [193/425/1] test_io
0:35:19 load avg: 1.89 [194/425/1] test_ioctl -- test_io passed in 1 min 34 sec
0:35:21 load avg: 1.89 [195/425/1] test_ipaddress
0:35:24 load avg: 1.90 [196/425/1] test_isinstance
0:35:25 load avg: 1.90 [197/425/1] test_iter
0:35:27 load avg: 1.91 [198/425/1] test_iterlen
0:35:29 load avg: 1.91 [199/425/1] test_itertools
0:35:57 load avg: 1.94 [200/425/1] test_json
0:36:22 load avg: 1.96 [201/425/1] test_keyword
0:36:24 load avg: 1.97 [202/425/1] test_keywordonlyarg
0:36:25 load avg: 1.97 [203/425/1] test_kqueue
test_kqueue skipped -- test works only on BSD
0:36:26 load avg: 1.97 [204/425/1] test_largefile -- test_kqueue skipped
0:36:28 load avg: 1.97 [205/425/1] test_lib2to3
0:37:06 load avg: 1.98 [206/425/1] test_linecache -- test_lib2to3 passed in 37.7 sec
0:37:08 load avg: 1.99 [207/425/1] test_list
0:37:11 load avg: 1.99 [208/425/1] test_listcomps
0:37:13 load avg: 1.99 [209/425/1] test_lltrace
0:37:16 load avg: 1.99 [210/425/1] test_locale
0:37:17 load avg: 1.99 [211/425/1] test_logging
0:37:46 load avg: 1.72 [212/425/1] test_long
0:38:09 load avg: 1.82 [213/425/1] test_longexp
0:38:12 load avg: 1.82 [214/425/1] test_lzma
0:38:35 load avg: 1.88 [215/425/1] test_mailbox
0:38:44 load avg: 1.90 [216/425/1] test_mailcap
0:38:46 load avg: 1.90 [217/425/1] test_marshal
0:38:49 load avg: 1.91 [218/425/1] test_math
0:39:15 load avg: 1.94 [219/425/1] test_memoryio
0:39:17 load avg: 1.94 [220/425/1] test_memoryview
0:39:23 load avg: 1.95 [221/425/1] test_metaclass
0:39:25 load avg: 1.95 [222/425/1] test_mimetypes
0:39:26 load avg: 1.95 [223/425/1] test_minidom
0:39:28 load avg: 1.95 [224/425/1] test_mmap
0:39:31 load avg: 1.95 [225/425/1] test_module
0:39:35 load avg: 1.96 [226/425/1] test_modulefinder
0:39:39 load avg: 1.96 [227/425/1] test_msilib
test_msilib skipped -- No module named 'msilib'
0:39:40 load avg: 1.96 [228/425/1] test_multibytecodec -- test_msilib skipped
0:39:52 load avg: 1.97 [229/425/1] test_multiprocessing_fork
0:41:55 load avg: 1.78 [230/425/1] test_multiprocessing_forkserver -- test_multiprocessing_fork passed in 2 min 3 sec
0:44:10 load avg: 2.08 [231/425/1] test_multiprocessing_main_handling -- test_multiprocessing_forkserver passed in 2 min 14 sec
0:45:31 load avg: 3.11 [232/425/1] test_multiprocessing_spawn -- test_multiprocessing_main_handling passed in 1 min 20 sec
0:50:32 load avg: 2.25 [233/425/1] test_named_expressions -- test_multiprocessing_spawn passed in 5 min
0:50:34 load avg: 2.25 [234/425/1] test_netrc
0:50:35 load avg: 2.23 [235/425/1] test_nis
0:50:37 load avg: 2.23 [236/425/1] test_nntplib
0:50:39 load avg: 2.23 [237/425/1] test_ntpath
0:50:42 load avg: 2.21 [238/425/1] test_numeric_tower
0:50:45 load avg: 2.20 [239/425/1] test_openpty
0:50:46 load avg: 2.20 [240/425/1] test_operator
0:50:48 load avg: 2.20 [241/425/1] test_optparse
0:50:51 load avg: 2.18 [242/425/1] test_ordered_dict
0:51:04 load avg: 2.15 [243/425/1] test_os
0:51:37 load avg: 2.08 [244/425/1] test_ossaudiodev -- test_os passed in 33.5 sec
test_ossaudiodev skipped -- Use of the 'audio' resource not enabled
0:51:38 load avg: 2.08 [245/425/1] test_osx_env -- test_ossaudiodev skipped (resource denied)
0:51:40 load avg: 2.16 [246/425/1] test_parser
0:51:43 load avg: 2.16 [247/425/1] test_pathlib
0:51:58 load avg: 2.12 [248/425/1] test_pdb
End of file
*** Blank or comment
*** Blank or comment
*** Blank or comment
*** Blank or comment
*** Blank or comment
End of file
0:52:21 load avg: 2.16 [249/425/1] test_peepholer
0:52:23 load avg: 2.16 [250/425/1] test_peg_generator
0:52:25 load avg: 2.15 [251/425/1] test_peg_parser
0:52:27 load avg: 2.15 [252/425/1] test_pickle
0:54:13 load avg: 2.02 [253/425/1] test_picklebuffer -- test_pickle passed in 1 min 45 sec
0:54:15 load avg: 2.02 [254/425/1] test_pickletools
0:54:36 load avg: 2.01 [255/425/1] test_pipes
0:54:39 load avg: 2.01 [256/425/1] test_pkg
0:54:41 load avg: 2.01 [257/425/1] test_pkgutil
0:54:43 load avg: 2.01 [258/425/1] test_platform
0:54:48 load avg: 2.01 [259/425/1] test_plistlib
0:54:51 load avg: 2.01 [260/425/1] test_poll
0:55:05 load avg: 1.87 [261/425/1] test_popen
0:55:09 load avg: 1.87 [262/425/1] test_poplib
0:55:17 load avg: 1.81 [263/425/1] test_positional_only_arg
0:55:19 load avg: 1.81 [264/425/1] test_posix
0:55:39 load avg: 1.79 [265/425/1] test_posixpath
0:55:42 load avg: 1.81 [266/425/1] test_pow
0:55:48 load avg: 1.82 [267/425/1] test_pprint
0:55:51 load avg: 1.84 [268/425/1] test_print
0:55:52 load avg: 1.84 [269/425/1] test_profile
0:55:58 load avg: 1.85 [270/425/1] test_property
0:55:59 load avg: 1.85 [271/425/1] test_pstats
0:56:02 load avg: 1.86 [272/425/1] test_pty
0:56:04 load avg: 1.86 [273/425/1] test_pulldom
0:56:06 load avg: 1.87 [274/425/1] test_pwd
0:56:08 load avg: 1.87 [275/425/1] test_py_compile
0:56:13 load avg: 1.88 [276/425/1] test_pyclbr
0:56:32 load avg: 1.92 [277/425/1] test_pydoc
0:57:21 load avg: 1.60 [278/425/1] test_pyexpat -- test_pydoc passed in 48.7 sec
0:57:23 load avg: 1.60 [279/425/1] test_queue
0:58:03 load avg: 1.91 [280/425/1] test_quopri -- test_queue passed in 39.6 sec
0:58:06 load avg: 1.92 [281/425/1] test_raise
0:58:08 load avg: 1.92 [282/425/1] test_random
0:58:25 load avg: 1.93 [283/425/1] test_range
0:58:31 load avg: 1.94 [284/425/1] test_re
0:58:39 load avg: 1.95 [285/425/1] test_readline
0:58:45 load avg: 1.95 [286/425/1] test_regrtest
1:00:39 load avg: 2.59 [287/425/1] test_repl -- test_regrtest passed in 1 min 53 sec
1:00:44 load avg: 2.55 [288/425/1] test_reprlib
1:00:46 load avg: 2.50 [289/425/1] test_resource
1:00:49 load avg: 2.50 [290/425/1] test_richcmp
1:00:52 load avg: 2.46 [291/425/1] test_rlcompleter
1:00:53 load avg: 2.46 [292/425/1] test_robotparser
1:00:55 load avg: 2.42 [293/425/1] test_runpy
1:01:12 load avg: 2.33 [294/425/1] test_sax
1:01:15 load avg: 2.33 [295/425/1] test_sched
1:01:18 load avg: 2.30 [296/425/1] test_scope
1:01:21 load avg: 2.28 [297/425/1] test_script_helper
1:01:25 load avg: 2.26 [298/425/1] test_secrets
1:01:27 load avg: 2.26 [299/425/1] test_select
1:01:42 load avg: 2.06 [300/425/1] test_selectors
1:02:53 load avg: 1.94 [301/425/1] test_set -- test_selectors passed in 1 min 11 sec
1:03:05 load avg: 1.95 [302/425/1] test_setcomps
1:03:07 load avg: 1.96 [303/425/1] test_shelve
1:03:12 load avg: 1.96 [304/425/1] test_shlex
1:03:14 load avg: 1.96 [305/425/1] test_shutil
1:03:22 load avg: 1.97 [306/425/1] test_signal
1:04:34 load avg: 1.56 [307/425/1] test_site -- test_signal passed in 1 min 11 sec
1:04:42 load avg: 1.62 [308/425/1] test_slice
1:04:45 load avg: 1.62 [309/425/1] test_smtpd
1:04:47 load avg: 1.65 [310/425/1] test_smtplib
1:04:51 load avg: 1.68 [311/425/1] test_smtpnet
test_smtpnet skipped -- Use of the 'network' resource not enabled
1:04:52 load avg: 1.68 [312/425/1] test_sndhdr -- test_smtpnet skipped (resource denied)
1:04:54 load avg: 1.68 [313/425/1] test_socket
1:05:37 load avg: 1.71 [314/425/1] test_socketserver -- test_socket passed in 43.6 sec
test_socketserver skipped -- Use of the 'network' resource not enabled
1:05:38 load avg: 1.71 [315/425/1] test_sort -- test_socketserver skipped (resource denied)
1:05:41 load avg: 1.73 [316/425/1] test_source_encoding
1:05:50 load avg: 1.75 [317/425/1] test_spwd
1:05:52 load avg: 1.77 [318/425/1] test_sqlite
1:05:54 load avg: 1.77 [319/425/1] test_ssl -- test_sqlite ran no tests
1:06:08 load avg: 1.74 [320/425/1] test_startfile
test_startfile skipped -- object <module 'os' from '/usr/lib64/python3.9/os.py'> has no attribute 'startfile'
1:06:09 load avg: 1.74 [321/425/1] test_stat -- test_startfile skipped
1:06:11 load avg: 1.74 [322/425/1] test_statistics
1:07:49 load avg: 1.95 [323/425/1] test_strftime -- test_statistics passed in 1 min 38 sec
1:07:53 load avg: 1.96 [324/425/1] test_string
1:07:55 load avg: 1.96 [325/425/1] test_string_literals
1:07:59 load avg: 1.96 [326/425/1] test_stringprep
1:08:01 load avg: 2.12 [327/425/1] test_strptime
1:08:04 load avg: 2.12 [328/425/1] test_strtod
1:08:11 load avg: 2.11 [329/425/1] test_struct
1:08:18 load avg: 2.10 [330/425/1] test_structmembers
1:08:20 load avg: 2.10 [331/425/1] test_structseq
1:08:22 load avg: 2.09 [332/425/1] test_subclassinit
1:08:24 load avg: 2.09 [333/425/1] test_subprocess
1:14:23 load avg: 2.05 [334/425/1] test_sunau -- test_subprocess passed in 5 min 59 sec
1:14:26 load avg: 2.05 [335/425/1] test_sundry
1:14:28 load avg: 2.04 [336/425/1] test_super
1:14:30 load avg: 2.04 [337/425/1] test_symbol
1:14:32 load avg: 2.04 [338/425/1] test_symtable
1:14:34 load avg: 2.04 [339/425/1] test_syntax
1:14:36 load avg: 2.04 [340/425/1] test_sys
1:15:05 load avg: 2.20 [341/425/1] test_sys_setprofile
1:15:07 load avg: 2.18 [342/425/1] test_sys_settrace
1:15:10 load avg: 2.18 [343/425/1] test_sysconfig
1:15:14 load avg: 2.17 [344/425/1] test_syslog
1:15:16 load avg: 2.17 [345/425/1] test_tabnanny
1:15:23 load avg: 2.14 [346/425/1] test_tarfile
1:16:38 load avg: 2.09 [347/425/1] test_tcl -- test_tarfile passed in 1 min 15 sec
1:16:42 load avg: 2.09 [348/425/1] test_telnetlib
1:16:44 load avg: 2.08 [349/425/1] test_tempfile
1:16:55 load avg: 2.07 [350/425/1] test_textwrap
1:16:58 load avg: 2.07 [351/425/1] test_thread
1:17:02 load avg: 2.07 [352/425/1] test_threadedtempfile
1:17:05 load avg: 2.06 [353/425/1] test_threading
1:17:42 load avg: 2.06 [354/425/1] test_threading_local -- test_threading passed in 37.1 sec
1:17:52 load avg: 2.04 [355/425/1] test_threadsignals
1:18:00 load avg: 1.96 [356/425/1] test_time
1:18:04 load avg: 1.88 [357/425/1] test_timeit
1:18:07 load avg: 1.88 [358/425/1] test_timeout
test_timeout skipped -- Use of the 'network' resource not enabled
1:18:09 load avg: 1.89 [359/425/1] test_tix -- test_timeout skipped (resource denied)
test_tix skipped -- Use of the 'gui' resource not enabled
1:18:10 load avg: 1.89 [360/425/1] test_tk -- test_tix skipped (resource denied)
test_tk skipped -- Use of the 'gui' resource not enabled
1:18:11 load avg: 1.89 [361/425/1] test_tokenize -- test_tk skipped (resource denied)
1:18:18 load avg: 1.91 [362/425/1] test_tools
1:18:20 load avg: 1.91 [363/425/1] test_trace
1:19:09 load avg: 2.00 [364/425/1] test_traceback -- test_trace passed in 48.8 sec
1:19:24 load avg: 2.00 [365/425/1] test_tracemalloc
1:19:40 load avg: 2.00 [366/425/1] test_ttk_guionly
test_ttk_guionly skipped -- Use of the 'gui' resource not enabled
1:19:42 load avg: 2.00 [367/425/1] test_ttk_textonly -- test_ttk_guionly skipped (resource denied)
1:19:44 load avg: 2.00 [368/425/1] test_tuple
1:20:13 load avg: 2.00 [369/425/1] test_turtle
1:20:15 load avg: 2.00 [370/425/1] test_type_comments
1:20:18 load avg: 2.00 [371/425/1] test_typechecks
1:20:20 load avg: 2.00 [372/425/1] test_typing
1:20:23 load avg: 2.00 [373/425/1] test_ucn
1:20:27 load avg: 2.00 [374/425/1] test_unary
1:20:29 load avg: 2.00 [375/425/1] test_unicode
1:20:41 load avg: 2.07 [376/425/1] test_unicode_file
1:20:43 load avg: 2.07 [377/425/1] test_unicode_file_functions
1:20:46 load avg: 2.07 [378/425/1] test_unicode_identifiers
1:20:48 load avg: 2.06 [379/425/1] test_unicodedata
1:21:02 load avg: 2.05 [380/425/1] test_univnewlines
1:21:05 load avg: 2.05 [381/425/1] test_unpack
1:21:07 load avg: 2.05 [382/425/1] test_unpack_ex
1:21:09 load avg: 2.04 [383/425/1] test_unparse
1:21:21 load avg: 2.18 [384/425/1] test_urllib
1:21:26 load avg: 2.17 [385/425/1] test_urllib2
1:21:31 load avg: 2.24 [386/425/1] test_urllib2_localnet
1:21:35 load avg: 2.14 [387/425/1] test_urllib2net
test_urllib2net skipped -- Use of the 'network' resource not enabled
1:21:36 load avg: 2.14 [388/425/1] test_urllib_response -- test_urllib2net skipped (resource denied)
1:21:38 load avg: 2.12 [389/425/1] test_urllibnet
test_urllibnet skipped -- Use of the 'network' resource not enabled
1:21:39 load avg: 2.12 [390/425/1] test_urlparse -- test_urllibnet skipped (resource denied)
1:21:49 load avg: 2.11 [391/425/1] test_userdict
1:21:51 load avg: 2.11 [392/425/1] test_userlist
1:21:54 load avg: 2.10 [393/425/1] test_userstring
1:22:04 load avg: 2.08 [394/425/1] test_utf8_mode
1:22:26 load avg: 2.06 [395/425/1] test_utf8source
1:22:28 load avg: 2.05 [396/425/1] test_uu
1:22:30 load avg: 2.05 [397/425/1] test_uuid
1:22:35 load avg: 2.05 [398/425/1] test_venv
1:24:11 load avg: 2.12 [399/425/1] test_wait3 -- test_venv passed in 1 min 35 sec
1:24:16 load avg: 2.03 [400/425/1] test_wait4
1:24:22 load avg: 1.95 [401/425/1] test_warnings
1:24:39 load avg: 1.96 [402/425/1] test_wave
1:24:42 load avg: 1.96 [403/425/1] test_weakref
1:32:35 load avg: 2.08 [404/425/1] test_weakset -- test_weakref passed in 7 min 52 sec
1:32:40 load avg: 2.07 [405/425/1] test_webbrowser
1:32:43 load avg: 2.07 [406/425/1] test_winconsoleio
test_winconsoleio skipped -- test only relevant on win32
1:32:44 load avg: 2.07 [407/425/1] test_winreg -- test_winconsoleio skipped
test_winreg skipped -- No module named 'winreg'
1:32:46 load avg: 2.07 [408/425/1] test_winsound -- test_winreg skipped
test_winsound skipped -- Use of the 'audio' resource not enabled
1:32:47 load avg: 2.07 [409/425/1] test_with -- test_winsound skipped (resource denied)
1:32:49 load avg: 2.14 [410/425/1] test_wsgiref
1:32:52 load avg: 2.14 [411/425/1] test_xdrlib
1:32:54 load avg: 2.13 [412/425/1] test_xml_dom_minicompat
1:32:56 load avg: 2.13 [413/425/1] test_xml_etree
1:33:03 load avg: 2.12 [414/425/1] test_xml_etree_c
1:33:13 load avg: 2.10 [415/425/1] test_xmlrpc
1:33:45 load avg: 1.80 [416/425/1] test_xmlrpc_net -- test_xmlrpc passed in 32.1 sec
test_xmlrpc_net skipped -- Use of the 'network' resource not enabled
1:33:47 load avg: 1.80 [417/425/1] test_xxtestfuzz -- test_xmlrpc_net skipped (resource denied)
1:33:49 load avg: 1.80 [418/425/1] test_yield_from
1:33:52 load avg: 1.82 [419/425/1] test_zipapp
1:33:55 load avg: 1.83 [420/425/1] test_zipfile
1:35:16 load avg: 1.96 [421/425/1] test_zipfile64 -- test_zipfile passed in 1 min 21 sec
test_zipfile64 skipped -- test requires loads of disk-space bytes and a long time to run
1:35:17 load avg: 1.96 [422/425/1] test_zipimport -- test_zipfile64 skipped (resource denied)
1:35:20 load avg: 1.96 [423/425/1] test_zipimport_support
1:35:28 load avg: 1.97 [424/425/1] test_zlib
1:35:33 load avg: 1.97 [425/425/1] test_zoneinfo

== Tests result: FAILURE ==

399 tests OK.

1 test failed:
    test_asyncio

24 tests skipped:
    test_asdl_parser test_check_c_globals test_clinic test_curses
    test_devpoll test_gdb test_idle test_kqueue test_msilib
    test_ossaudiodev test_smtpnet test_socketserver test_startfile
    test_timeout test_tix test_tk test_ttk_guionly test_urllib2net
    test_urllibnet test_winconsoleio test_winreg test_winsound
    test_xmlrpc_net test_zipfile64

1 re-run test:
    test_asyncio

1 test run no tests:
    test_sqlite
1:35:40 load avg: 1.97
1:35:40 load avg: 1.97 Re-running failed tests in verbose mode
1:35:40 load avg: 1.97 Re-running test_asyncio in verbose mode (matching: test_grammar, test_opcodes, test_dict, test_builtin, test_exceptions, test_types, test_unittest, test_doctest, test_doctest2, test_support, test___all__, test___future__, test__locale, test__opcode, test__osx_support, test__xxsubinterpreters, test_abc, test_abstract_numbers, test_aifc, test_argparse, test_array, test_asdl_parser, test_ast, test_asyncgen, test_asynchat, test_asyncio, test_asyncore, test_atexit, test_audioop, test_audit, test_augassign, test_base64, test_baseexception, test_bdb, test_bigaddrspace, test_bigmem, test_binascii, test_binhex, test_binop, test_bisect, test_bool, test_buffer, test_bufio, test_bytes, test_bz2, test_c_locale_coercion, test_calendar, test_call, test_capi, test_cgi, test_cgitb, test_charmapcodec, test_check_c_globals, test_class, test_clinic, test_cmath, test_cmd, test_cmd_line, test_cmd_line_script, test_code, test_code_module, test_codeccallbacks, test_codecencodings_cn, test_codecencodings_hk, test_codecencodings_iso2022, test_codecencodings_jp, test_codecencodings_kr, test_codecencodings_tw, test_codecmaps_cn, test_codecmaps_hk, test_codecmaps_jp, test_codecmaps_kr, test_codecmaps_tw, test_codecs, test_codeop, test_collections, test_colorsys, test_compare, test_compile, test_compileall, test_complex, test_configparser, test_contains, test_context, test_contextlib, test_contextlib_async, test_copy, test_copyreg, test_coroutines, test_cprofile, test_crashers, test_crypt, test_csv, test_ctypes, test_curses, test_dataclasses, test_datetime, test_dbm, test_dbm_dumb, test_dbm_gnu, test_dbm_ndbm, test_decimal, test_decorators, test_defaultdict, test_deque, test_descr, test_descrtut, test_devpoll, test_dict_version, test_dictcomps, test_dictviews, test_difflib, test_dis, test_distutils, test_docxmlrpc, test_dtrace, test_dynamic, test_dynamicclassattribute, test_eintr, test_email, test_embed, test_ensurepip, test_enum, test_enumerate, test_eof, test_epoll, test_errno, test_exception_hierarchy, test_exception_variations, test_extcall, test_faulthandler, test_fcntl, test_file, test_file_eintr, test_filecmp, test_fileinput, test_fileio, test_finalization, test_float, test_flufl, test_fnmatch, test_fork1, test_format, test_fractions, test_frame, test_frozen, test_fstring, test_ftplib, test_funcattrs, test_functools, test_future, test_future3, test_future4, test_future5, test_gc, test_gdb, test_generator_stop, test_generators, test_genericalias, test_genericclass, test_genericpath, test_genexps, test_getargs2, test_getopt, test_getpass, test_gettext, test_glob, test_global, test_graphlib, test_grp, test_gzip, test_hash, test_hashlib, test_heapq, test_hmac, test_html, test_htmlparser, test_http_cookiejar, test_http_cookies, test_httplib, test_httpservers, test_idle, test_imaplib, test_imghdr, test_imp, test_import, test_importlib, test_index, test_inspect, test_int, test_int_literal, test_io, test_ioctl, test_ipaddress, test_isinstance, test_iter, test_iterlen, test_itertools, test_json, test_keyword, test_keywordonlyarg, test_kqueue, test_largefile, test_lib2to3, test_linecache, test_list, test_listcomps, test_lltrace, test_locale, test_logging, test_long, test_longexp, test_lzma, test_mailbox, test_mailcap, test_marshal, test_math, test_memoryio, test_memoryview, test_metaclass, test_mimetypes, test_minidom, test_mmap, test_module, test_modulefinder, test_msilib, test_multibytecodec, test_multiprocessing_fork, test_multiprocessing_forkserver, test_multiprocessing_main_handling, test_multiprocessing_spawn, test_named_expressions, test_netrc, test_nis, test_nntplib, test_ntpath, test_numeric_tower, test_openpty, test_operator, test_optparse, test_ordered_dict, test_os, test_ossaudiodev, test_osx_env, test_parser, test_pathlib, test_pdb, test_peepholer, test_peg_generator, test_peg_parser, test_pickle, test_picklebuffer, test_pickletools, test_pipes, test_pkg, test_pkgutil, test_platform, test_plistlib, test_poll, test_popen, test_poplib, test_positional_only_arg, test_posix, test_posixpath, test_pow, test_pprint, test_print, test_profile, test_property, test_pstats, test_pty, test_pulldom, test_pwd, test_py_compile, test_pyclbr, test_pydoc, test_pyexpat, test_queue, test_quopri, test_raise, test_random, test_range, test_re, test_readline, test_regrtest, test_repl, test_reprlib, test_resource, test_richcmp, test_rlcompleter, test_robotparser, test_runpy, test_sax, test_sched, test_scope, test_script_helper, test_secrets, test_select, test_selectors, test_set, test_setcomps, test_shelve, test_shlex, test_shutil, test_signal, test_site, test_slice, test_smtpd, test_smtplib, test_smtpnet, test_sndhdr, test_socket, test_socketserver, test_sort, test_source_encoding, test_spwd, test_sqlite, test_ssl, test_startfile, test_stat, test_statistics, test_strftime, test_string, test_string_literals, test_stringprep, test_strptime, test_strtod, test_struct, test_structmembers, test_structseq, test_subclassinit, test_subprocess, test_sunau, test_sundry, test_super, test_symbol, test_symtable, test_syntax, test_sys, test_sys_setprofile, test_sys_settrace, test_sysconfig, test_syslog, test_tabnanny, test_tarfile, test_tcl, test_telnetlib, test_tempfile, test_textwrap, test_thread, test_threadedtempfile, test_threading, test_threading_local, test_threadsignals, test_time, test_timeit, test_timeout, test_tix, test_tk, test_tokenize, test_tools, test_trace, test_traceback, test_tracemalloc, test_ttk_guionly, test_ttk_textonly, test_tuple, test_turtle, test_type_comments, test_typechecks, test_typing, test_ucn, test_unary, test_unicode, test_unicode_file, test_unicode_file_functions, test_unicode_identifiers, test_unicodedata, test_univnewlines, test_unpack, test_unpack_ex, test_unparse, test_urllib, test_urllib2, test_urllib2_localnet, test_urllib2net, test_urllib_response, test_urllibnet, test_urlparse, test_userdict, test_userlist, test_userstring, test_utf8_mode, test_utf8source, test_uu, test_uuid, test_venv, test_wait3, test_wait4, test_warnings, test_wave, test_weakref, test_weakset, test_webbrowser, test_winconsoleio, test_winreg, test_winsound, test_with, test_wsgiref, test_xdrlib, test_xml_dom_minicompat, test_xml_etree, test_xml_etree_c, test_xmlrpc, test_xmlrpc_net, test_xxtestfuzz, test_yield_from, test_zipapp, test_zipfile, test_zipfile64, test_zipimport, test_zipimport_support, test_zlib, test_zoneinfo, test_stdin_broken_pipe)
test_asyncio_wait_for_cancelled (test.test_asyncio.test_asyncio_waitfor.AsyncioWaitForTest) ... ok
test_asyncio_wait_for_timeout (test.test_asyncio.test_asyncio_waitfor.AsyncioWaitForTest) ... ok
test__add_callback_cancelled_handle (test.test_asyncio.test_base_events.BaseEventLoopTests) ... ok
test__add_callback_handle (test.test_asyncio.test_base_events.BaseEventLoopTests) ... ok
test__run_once (test.test_asyncio.test_base_events.BaseEventLoopTests) ... ok
test__run_once_cancelled_event_cleanup (test.test_asyncio.test_base_events.BaseEventLoopTests) ... ok
test__run_once_schedule_handle (test.test_asyncio.test_base_events.BaseEventLoopTests) ... ok
test_asyncgen_finalization_by_gc (test.test_asyncio.test_base_events.BaseEventLoopTests) ... ok
test_asyncgen_finalization_by_gc_in_other_thread (test.test_asyncio.test_base_events.BaseEventLoopTests) ... ok
test_call_later (test.test_asyncio.test_base_events.BaseEventLoopTests) ... ok
test_call_later_negative_delays (test.test_asyncio.test_base_events.BaseEventLoopTests) ... ok
test_call_soon (test.test_asyncio.test_base_events.BaseEventLoopTests) ... ok
test_call_soon_non_callable (test.test_asyncio.test_base_events.BaseEventLoopTests) ... ok
test_check_thread (test.test_asyncio.test_base_events.BaseEventLoopTests) ... ok
test_close (test.test_asyncio.test_base_events.BaseEventLoopTests) ... ok
test_create_named_task_with_custom_factory (test.test_asyncio.test_base_events.BaseEventLoopTests) ... ok
test_create_named_task_with_default_factory (test.test_asyncio.test_base_events.BaseEventLoopTests) ... ok
test_create_task (test.test_asyncio.test_base_events.BaseEventLoopTests) ... ok
test_default_exc_handler_broken (test.test_asyncio.test_base_events.BaseEventLoopTests) ... ok
test_default_exc_handler_callback (test.test_asyncio.test_base_events.BaseEventLoopTests) ... ok
test_default_exc_handler_coro (test.test_asyncio.test_base_events.BaseEventLoopTests) ... ok
test_env_var_debug (test.test_asyncio.test_base_events.BaseEventLoopTests) ... ok
test_not_implemented (test.test_asyncio.test_base_events.BaseEventLoopTests) ... ok
test_run_forever_keyboard_interrupt (test.test_asyncio.test_base_events.BaseEventLoopTests) ... ok
test_run_forever_pre_stopped (test.test_asyncio.test_base_events.BaseEventLoopTests) ... ok
test_run_once (test.test_asyncio.test_base_events.BaseEventLoopTests) ... ok
test_run_until_complete_baseexception (test.test_asyncio.test_base_events.BaseEventLoopTests) ... ok
test_run_until_complete_loop (test.test_asyncio.test_base_events.BaseEventLoopTests) ... ok
test_run_until_complete_loop_orphan_future_close_loop (test.test_asyncio.test_base_events.BaseEventLoopTests) ... ok
test_run_until_complete_type_error (test.test_asyncio.test_base_events.BaseEventLoopTests) ... ok
test_set_debug (test.test_asyncio.test_base_events.BaseEventLoopTests) ... ok
test_set_default_executor (test.test_asyncio.test_base_events.BaseEventLoopTests) ... ok
test_set_default_executor_deprecation_warnings (test.test_asyncio.test_base_events.BaseEventLoopTests) ... ok
test_set_exc_handler_broken (test.test_asyncio.test_base_events.BaseEventLoopTests) ... ok
test_set_exc_handler_custom (test.test_asyncio.test_base_events.BaseEventLoopTests) ... ok
test_set_exc_handler_invalid (test.test_asyncio.test_base_events.BaseEventLoopTests) ... ok
test_set_task_factory (test.test_asyncio.test_base_events.BaseEventLoopTests) ... ok
test_set_task_factory_invalid (test.test_asyncio.test_base_events.BaseEventLoopTests) ... ok
test_single_selecter_event_callback_after_stopping (test.test_asyncio.test_base_events.BaseEventLoopTests) ... ok
test_subprocess_exec_invalid_args (test.test_asyncio.test_base_events.BaseEventLoopTests) ... ok
test_subprocess_shell_invalid_args (test.test_asyncio.test_base_events.BaseEventLoopTests) ... ok
test_time_and_call_at (test.test_asyncio.test_base_events.BaseEventLoopTests) ... ok
test_accept_connection_exception (test.test_asyncio.test_base_events.BaseEventLoopWithSelectorTests) ... ok
test_accept_connection_retry (test.test_asyncio.test_base_events.BaseEventLoopWithSelectorTests) ... ok
test_call_coroutine (test.test_asyncio.test_base_events.BaseEventLoopWithSelectorTests) ... ok
test_create_connection_bluetooth (test.test_asyncio.test_base_events.BaseEventLoopWithSelectorTests) ... ok
test_create_connection_connect_err (test.test_asyncio.test_base_events.BaseEventLoopWithSelectorTests) ... ok
test_create_connection_host_port_sock (test.test_asyncio.test_base_events.BaseEventLoopWithSelectorTests) ... ok
test_create_connection_ip_addr (test.test_asyncio.test_base_events.BaseEventLoopWithSelectorTests) ... ok
test_create_connection_ipv6_scope (test.test_asyncio.test_base_events.BaseEventLoopWithSelectorTests) ... ok
test_create_connection_multiple (test.test_asyncio.test_base_events.BaseEventLoopWithSelectorTests) ... ok
test_create_connection_multiple_errors (test.test_asyncio.test_base_events.BaseEventLoopWithSelectorTests) ... ok
test_create_connection_multiple_errors_local_addr (test.test_asyncio.test_base_events.BaseEventLoopWithSelectorTests) ... ok
test_create_connection_no_getaddrinfo (test.test_asyncio.test_base_events.BaseEventLoopWithSelectorTests) ... ok
test_create_connection_no_host_port_sock (test.test_asyncio.test_base_events.BaseEventLoopWithSelectorTests) ... ok
test_create_connection_no_inet_pton (test.test_asyncio.test_base_events.BaseEventLoopWithSelectorTests) ... ok
test_create_connection_no_local_addr (test.test_asyncio.test_base_events.BaseEventLoopWithSelectorTests) ... ok
test_create_connection_no_ssl_server_hostname_errors (test.test_asyncio.test_base_events.BaseEventLoopWithSelectorTests) ... ok
test_create_connection_service_name (test.test_asyncio.test_base_events.BaseEventLoopWithSelectorTests) ... ok
test_create_connection_ssl_server_hostname_default (test.test_asyncio.test_base_events.BaseEventLoopWithSelectorTests) ... ok
test_create_connection_ssl_server_hostname_errors (test.test_asyncio.test_base_events.BaseEventLoopWithSelectorTests) ... ok
test_create_connection_ssl_timeout_for_plain_socket (test.test_asyncio.test_base_events.BaseEventLoopWithSelectorTests) ... ok
test_create_connection_timeout (test.test_asyncio.test_base_events.BaseEventLoopWithSelectorTests) ... ok
test_create_connection_wrong_sock (test.test_asyncio.test_base_events.BaseEventLoopWithSelectorTests) ... ok
test_create_datagram_endpoint_addr_error (test.test_asyncio.test_base_events.BaseEventLoopWithSelectorTests) ... ok
test_create_datagram_endpoint_allow_broadcast (test.test_asyncio.test_base_events.BaseEventLoopWithSelectorTests) ... ok
test_create_datagram_endpoint_cant_bind (test.test_asyncio.test_base_events.BaseEventLoopWithSelectorTests) ... ok
test_create_datagram_endpoint_connect_err (test.test_asyncio.test_base_events.BaseEventLoopWithSelectorTests) ... ok
test_create_datagram_endpoint_existing_sock_unix (test.test_asyncio.test_base_events.BaseEventLoopWithSelectorTests) ... ok
test_create_datagram_endpoint_ip_addr (test.test_asyncio.test_base_events.BaseEventLoopWithSelectorTests) ... ok
test_create_datagram_endpoint_no_addrinfo (test.test_asyncio.test_base_events.BaseEventLoopWithSelectorTests) ... ok
test_create_datagram_endpoint_no_matching_family (test.test_asyncio.test_base_events.BaseEventLoopWithSelectorTests) ... ok
test_create_datagram_endpoint_noaddr_nofamily (test.test_asyncio.test_base_events.BaseEventLoopWithSelectorTests) ... ok
test_create_datagram_endpoint_nosoreuseport (test.test_asyncio.test_base_events.BaseEventLoopWithSelectorTests) ... ok
test_create_datagram_endpoint_reuse_address_error (test.test_asyncio.test_base_events.BaseEventLoopWithSelectorTests) ... ok
test_create_datagram_endpoint_reuse_address_warning (test.test_asyncio.test_base_events.BaseEventLoopWithSelectorTests) ... ok
test_create_datagram_endpoint_setblk_err (test.test_asyncio.test_base_events.BaseEventLoopWithSelectorTests) ... ok
test_create_datagram_endpoint_sock (test.test_asyncio.test_base_events.BaseEventLoopWithSelectorTests) ... ok
test_create_datagram_endpoint_sock_sockopts (test.test_asyncio.test_base_events.BaseEventLoopWithSelectorTests) ... ok
test_create_datagram_endpoint_sock_unix (test.test_asyncio.test_base_events.BaseEventLoopWithSelectorTests) ... ok
test_create_datagram_endpoint_socket_err (test.test_asyncio.test_base_events.BaseEventLoopWithSelectorTests) ... ok
test_create_datagram_endpoint_sockopts (test.test_asyncio.test_base_events.BaseEventLoopWithSelectorTests) ... ok
test_create_datagram_endpoint_wrong_sock (test.test_asyncio.test_base_events.BaseEventLoopWithSelectorTests) ... ok
test_create_server_cant_bind (test.test_asyncio.test_base_events.BaseEventLoopWithSelectorTests) ... ok
test_create_server_empty_host (test.test_asyncio.test_base_events.BaseEventLoopWithSelectorTests) ... ok
test_create_server_host_port_sock (test.test_asyncio.test_base_events.BaseEventLoopWithSelectorTests) ... ok
test_create_server_ipv6 (test.test_asyncio.test_base_events.BaseEventLoopWithSelectorTests) ... ok
test_create_server_no_getaddrinfo (test.test_asyncio.test_base_events.BaseEventLoopWithSelectorTests) ... ok
test_create_server_no_host_port_sock (test.test_asyncio.test_base_events.BaseEventLoopWithSelectorTests) ... ok
test_create_server_nosoreuseport (test.test_asyncio.test_base_events.BaseEventLoopWithSelectorTests) ... ok
test_create_server_soreuseport_only_defined (test.test_asyncio.test_base_events.BaseEventLoopWithSelectorTests) ... ok
test_create_server_ssl_timeout_for_plain_socket (test.test_asyncio.test_base_events.BaseEventLoopWithSelectorTests) ... ok
test_create_server_stream_bittype (test.test_asyncio.test_base_events.BaseEventLoopWithSelectorTests) ... ok
test_create_server_wrong_sock (test.test_asyncio.test_base_events.BaseEventLoopWithSelectorTests) ... ok
test_getnameinfo (test.test_asyncio.test_base_events.BaseEventLoopWithSelectorTests) ... ok
test_log_slow_callbacks (test.test_asyncio.test_base_events.BaseEventLoopWithSelectorTests) ... ok
test_ipaddr_info (test.test_asyncio.test_base_events.BaseEventTests) ... ok
test_ipaddr_info_no_inet_pton (test.test_asyncio.test_base_events.BaseEventTests) ... ok
test_port_parameter_types (test.test_asyncio.test_base_events.BaseEventTests) ... ok
test__sock_sendfile_native_failure (test.test_asyncio.test_base_events.BaseLoopSockSendfileTests) ... ok
test_blocking_socket (test.test_asyncio.test_base_events.BaseLoopSockSendfileTests) ... ok
test_negative_count (test.test_asyncio.test_base_events.BaseLoopSockSendfileTests) ... ok
test_negative_offset (test.test_asyncio.test_base_events.BaseLoopSockSendfileTests) ... ok
test_nonbinary_file (test.test_asyncio.test_base_events.BaseLoopSockSendfileTests) ... ok
test_nonstream_socket (test.test_asyncio.test_base_events.BaseLoopSockSendfileTests) ... ok
test_notint_count (test.test_asyncio.test_base_events.BaseLoopSockSendfileTests) ... ok
test_notint_offset (test.test_asyncio.test_base_events.BaseLoopSockSendfileTests) ... ok
test_sock_sendfile_fallback (test.test_asyncio.test_base_events.BaseLoopSockSendfileTests) ... ok
test_sock_sendfile_fallback_offset_and_count (test.test_asyncio.test_base_events.BaseLoopSockSendfileTests) ... ok
test_sock_sendfile_no_fallback (test.test_asyncio.test_base_events.BaseLoopSockSendfileTests) ... ok
test_running_loop_within_a_loop (test.test_asyncio.test_base_events.RunningLoopTests) ... ok
test_set_nodelay (test.test_asyncio.test_base_events.TestSelectorUtils) ... ok
test_buffered_proto_create_connection (test.test_asyncio.test_buffered_proto.BufferedProtocolProactorTests) ... skipped 'Windows only'
test_buffered_proto_create_connection (test.test_asyncio.test_buffered_proto.BufferedProtocolSelectorTests) ... ok
test_asyncio_task_decimal_context (test.test_asyncio.test_context.DecimalContextTest) ... ok
test_not_implemented (test.test_asyncio.test_events.AbstractEventLoopTests) ... ok
test_not_implemented_async (test.test_asyncio.test_events.AbstractEventLoopTests) ... ok
test_add_fds_after_closing (test.test_asyncio.test_events.EPollEventLoopTests) ... ok
test_add_signal_handler (test.test_asyncio.test_events.EPollEventLoopTests) ... ok
test_bidirectional_pty (test.test_asyncio.test_events.EPollEventLoopTests) ... ok
test_call_later (test.test_asyncio.test_events.EPollEventLoopTests) ... ok
test_call_soon (test.test_asyncio.test_events.EPollEventLoopTests) ... ok
test_call_soon_threadsafe (test.test_asyncio.test_events.EPollEventLoopTests) ... ok
test_call_soon_threadsafe_same_thread (test.test_asyncio.test_events.EPollEventLoopTests) ... ok
test_close (test.test_asyncio.test_events.EPollEventLoopTests) ... ok
test_close_running_event_loop (test.test_asyncio.test_events.EPollEventLoopTests) ... ok
test_connect_accepted_socket (test.test_asyncio.test_events.EPollEventLoopTests) ... ok
test_connect_accepted_socket_ssl_timeout_for_plain_socket (test.test_asyncio.test_events.EPollEventLoopTests) ... ok
test_create_connection (test.test_asyncio.test_events.EPollEventLoopTests) ... ok
test_create_connection_local_addr (test.test_asyncio.test_events.EPollEventLoopTests) ... ok
test_create_connection_local_addr_in_use (test.test_asyncio.test_events.EPollEventLoopTests) ... ok
test_create_datagram_endpoint (test.test_asyncio.test_events.EPollEventLoopTests) ... ok
test_create_datagram_endpoint_ipv6 (test.test_asyncio.test_events.EPollEventLoopTests) ... ok
test_create_datagram_endpoint_sock (test.test_asyncio.test_events.EPollEventLoopTests) ... ok
test_create_server (test.test_asyncio.test_events.EPollEventLoopTests) ... ok
test_create_server_addr_in_use (test.test_asyncio.test_events.EPollEventLoopTests) ... ok
test_create_server_dual_stack (test.test_asyncio.test_events.EPollEventLoopTests) ... ok
test_create_server_multiple_hosts_ipv4 (test.test_asyncio.test_events.EPollEventLoopTests) ... ok
test_create_server_multiple_hosts_ipv6 (test.test_asyncio.test_events.EPollEventLoopTests) ... ok
test_create_server_reuse_port (test.test_asyncio.test_events.EPollEventLoopTests) ... ok
test_create_server_sock (test.test_asyncio.test_events.EPollEventLoopTests) ... ok
test_create_server_ssl (test.test_asyncio.test_events.EPollEventLoopTests) ... ok
test_create_server_ssl_match_failed (test.test_asyncio.test_events.EPollEventLoopTests) ... ok
test_create_server_ssl_verified (test.test_asyncio.test_events.EPollEventLoopTests) ... ok
test_create_server_ssl_verify_failed (test.test_asyncio.test_events.EPollEventLoopTests) ... ok
test_create_ssl_connection (test.test_asyncio.test_events.EPollEventLoopTests) ... ok
test_create_ssl_unix_connection (test.test_asyncio.test_events.EPollEventLoopTests) ... ok
test_create_unix_connection (test.test_asyncio.test_events.EPollEventLoopTests) ... ok
test_create_unix_server (test.test_asyncio.test_events.EPollEventLoopTests) ... ok
test_create_unix_server_path_socket_error (test.test_asyncio.test_events.EPollEventLoopTests) ... ok
test_create_unix_server_ssl (test.test_asyncio.test_events.EPollEventLoopTests) ... ok
test_create_unix_server_ssl_verified (test.test_asyncio.test_events.EPollEventLoopTests) ... ok
test_create_unix_server_ssl_verify_failed (test.test_asyncio.test_events.EPollEventLoopTests) ... ok
test_internal_fds (test.test_asyncio.test_events.EPollEventLoopTests) ... ok
test_prompt_cancellation (test.test_asyncio.test_events.EPollEventLoopTests) ... ok
test_read_pipe (test.test_asyncio.test_events.EPollEventLoopTests) ... ok
test_read_pty_output (test.test_asyncio.test_events.EPollEventLoopTests) ... ok
test_reader_callback (test.test_asyncio.test_events.EPollEventLoopTests) ... ok
test_remove_fds_after_closing (test.test_asyncio.test_events.EPollEventLoopTests) ... ok
test_run_in_executor (test.test_asyncio.test_events.EPollEventLoopTests) ... ok
test_run_in_executor_cancel (test.test_asyncio.test_events.EPollEventLoopTests) ... ok
test_run_until_complete (test.test_asyncio.test_events.EPollEventLoopTests) ... ok
test_run_until_complete_nesting (test.test_asyncio.test_events.EPollEventLoopTests) ... ok
test_run_until_complete_stopped (test.test_asyncio.test_events.EPollEventLoopTests) ... ok
test_server_close (test.test_asyncio.test_events.EPollEventLoopTests) ... ok
test_signal_handling_args (test.test_asyncio.test_events.EPollEventLoopTests) ... ok
test_signal_handling_while_selecting (test.test_asyncio.test_events.EPollEventLoopTests) ... ok
test_ssl_connect_accepted_socket (test.test_asyncio.test_events.EPollEventLoopTests) ... ok
test_subprocess_close_after_finish (test.test_asyncio.test_events.EPollEventLoopTests) ... ok
test_subprocess_close_client_stream (test.test_asyncio.test_events.EPollEventLoopTests) ... ok
test_subprocess_exec (test.test_asyncio.test_events.EPollEventLoopTests) ... ok
test_subprocess_exec_invalid_args (test.test_asyncio.test_events.EPollEventLoopTests) ... ok
test_subprocess_exitcode (test.test_asyncio.test_events.EPollEventLoopTests) ... ok
test_subprocess_interactive (test.test_asyncio.test_events.EPollEventLoopTests) ... ok
test_subprocess_kill (test.test_asyncio.test_events.EPollEventLoopTests) ... ok
test_subprocess_send_signal (test.test_asyncio.test_events.EPollEventLoopTests) ... ok
test_subprocess_shell (test.test_asyncio.test_events.EPollEventLoopTests) ... ok
test_subprocess_shell_invalid_args (test.test_asyncio.test_events.EPollEventLoopTests) ... ok
test_subprocess_stderr (test.test_asyncio.test_events.EPollEventLoopTests) ... ok
test_subprocess_stderr_redirect_to_stdout (test.test_asyncio.test_events.EPollEventLoopTests) ... ok
test_subprocess_terminate (test.test_asyncio.test_events.EPollEventLoopTests) ... ok
test_subprocess_wait_no_same_group (test.test_asyncio.test_events.EPollEventLoopTests) ... ok
test_timeout_rounding (test.test_asyncio.test_events.EPollEventLoopTests) ... ok
test_unclosed_pipe_transport (test.test_asyncio.test_events.EPollEventLoopTests) ... ok
test_write_pipe (test.test_asyncio.test_events.EPollEventLoopTests) ... ok
test_write_pipe_disconnect_on_close (test.test_asyncio.test_events.EPollEventLoopTests) ... ok
test_write_pty (test.test_asyncio.test_events.EPollEventLoopTests) ... ok
test_writer_callback (test.test_asyncio.test_events.EPollEventLoopTests) ... ok
test_callback_with_exception (test.test_asyncio.test_events.HandleTests) ... ok
test_coroutine_like_object_debug_formatting (test.test_asyncio.test_events.HandleTests) ... ok
test_handle (test.test_asyncio.test_events.HandleTests) ... ok
test_handle_repr (test.test_asyncio.test_events.HandleTests) ... ok
test_handle_repr_debug (test.test_asyncio.test_events.HandleTests) ... ok
test_handle_source_traceback (test.test_asyncio.test_events.HandleTests) ... ok
test_handle_weakref (test.test_asyncio.test_events.HandleTests) ... ok
test_event_loop_policy (test.test_asyncio.test_events.PolicyTests) ... ok
test_get_event_loop (test.test_asyncio.test_events.PolicyTests) ... ok
test_get_event_loop_after_set_none (test.test_asyncio.test_events.PolicyTests) ... ok
test_get_event_loop_calls_set_event_loop (test.test_asyncio.test_events.PolicyTests) ... ok
test_get_event_loop_policy (test.test_asyncio.test_events.PolicyTests) ... ok
test_get_event_loop_thread (test.test_asyncio.test_events.PolicyTests) ... ok
test_new_event_loop (test.test_asyncio.test_events.PolicyTests) ... ok
test_set_event_loop (test.test_asyncio.test_events.PolicyTests) ... ok
test_set_event_loop_policy (test.test_asyncio.test_events.PolicyTests) ... ok
test_add_fds_after_closing (test.test_asyncio.test_events.PollEventLoopTests) ... ok
test_add_signal_handler (test.test_asyncio.test_events.PollEventLoopTests) ... ok
test_bidirectional_pty (test.test_asyncio.test_events.PollEventLoopTests) ... ok
test_call_later (test.test_asyncio.test_events.PollEventLoopTests) ... ok
test_call_soon (test.test_asyncio.test_events.PollEventLoopTests) ... ok
test_call_soon_threadsafe (test.test_asyncio.test_events.PollEventLoopTests) ... ok
test_call_soon_threadsafe_same_thread (test.test_asyncio.test_events.PollEventLoopTests) ... ok
test_close (test.test_asyncio.test_events.PollEventLoopTests) ... ok
test_close_running_event_loop (test.test_asyncio.test_events.PollEventLoopTests) ... ok
test_connect_accepted_socket (test.test_asyncio.test_events.PollEventLoopTests) ... ok
test_connect_accepted_socket_ssl_timeout_for_plain_socket (test.test_asyncio.test_events.PollEventLoopTests) ... ok
test_create_connection (test.test_asyncio.test_events.PollEventLoopTests) ... ok
test_create_connection_local_addr (test.test_asyncio.test_events.PollEventLoopTests) ... ok
test_create_connection_local_addr_in_use (test.test_asyncio.test_events.PollEventLoopTests) ... ok
test_create_datagram_endpoint (test.test_asyncio.test_events.PollEventLoopTests) ... ok
test_create_datagram_endpoint_ipv6 (test.test_asyncio.test_events.PollEventLoopTests) ... ok
test_create_datagram_endpoint_sock (test.test_asyncio.test_events.PollEventLoopTests) ... ok
test_create_server (test.test_asyncio.test_events.PollEventLoopTests) ... ok
test_create_server_addr_in_use (test.test_asyncio.test_events.PollEventLoopTests) ... ok
test_create_server_dual_stack (test.test_asyncio.test_events.PollEventLoopTests) ... ok
test_create_server_multiple_hosts_ipv4 (test.test_asyncio.test_events.PollEventLoopTests) ... ok
test_create_server_multiple_hosts_ipv6 (test.test_asyncio.test_events.PollEventLoopTests) ... ok
test_create_server_reuse_port (test.test_asyncio.test_events.PollEventLoopTests) ... ok
test_create_server_sock (test.test_asyncio.test_events.PollEventLoopTests) ... ok
test_create_server_ssl (test.test_asyncio.test_events.PollEventLoopTests) ... ok
test_create_server_ssl_match_failed (test.test_asyncio.test_events.PollEventLoopTests) ... ok
test_create_server_ssl_verified (test.test_asyncio.test_events.PollEventLoopTests) ... ok
test_create_server_ssl_verify_failed (test.test_asyncio.test_events.PollEventLoopTests) ... ok
test_create_ssl_connection (test.test_asyncio.test_events.PollEventLoopTests) ... ok
test_create_ssl_unix_connection (test.test_asyncio.test_events.PollEventLoopTests) ... ok
test_create_unix_connection (test.test_asyncio.test_events.PollEventLoopTests) ... ok
test_create_unix_server (test.test_asyncio.test_events.PollEventLoopTests) ... ok
test_create_unix_server_path_socket_error (test.test_asyncio.test_events.PollEventLoopTests) ... ok
test_create_unix_server_ssl (test.test_asyncio.test_events.PollEventLoopTests) ... ok
test_create_unix_server_ssl_verified (test.test_asyncio.test_events.PollEventLoopTests) ... ok
test_create_unix_server_ssl_verify_failed (test.test_asyncio.test_events.PollEventLoopTests) ... ok
test_internal_fds (test.test_asyncio.test_events.PollEventLoopTests) ... ok
test_prompt_cancellation (test.test_asyncio.test_events.PollEventLoopTests) ... ok
test_read_pipe (test.test_asyncio.test_events.PollEventLoopTests) ... ok
test_read_pty_output (test.test_asyncio.test_events.PollEventLoopTests) ... ok
test_reader_callback (test.test_asyncio.test_events.PollEventLoopTests) ... ok
test_remove_fds_after_closing (test.test_asyncio.test_events.PollEventLoopTests) ... ok
test_run_in_executor (test.test_asyncio.test_events.PollEventLoopTests) ... ok
test_run_in_executor_cancel (test.test_asyncio.test_events.PollEventLoopTests) ... ok
test_run_until_complete (test.test_asyncio.test_events.PollEventLoopTests) ... ok
test_run_until_complete_nesting (test.test_asyncio.test_events.PollEventLoopTests) ... ok
test_run_until_complete_stopped (test.test_asyncio.test_events.PollEventLoopTests) ... ok
test_server_close (test.test_asyncio.test_events.PollEventLoopTests) ... ok
test_signal_handling_args (test.test_asyncio.test_events.PollEventLoopTests) ... ok
test_signal_handling_while_selecting (test.test_asyncio.test_events.PollEventLoopTests) ... ok
test_ssl_connect_accepted_socket (test.test_asyncio.test_events.PollEventLoopTests) ... ok
test_subprocess_close_after_finish (test.test_asyncio.test_events.PollEventLoopTests) ... ok
test_subprocess_close_client_stream (test.test_asyncio.test_events.PollEventLoopTests) ... ok
test_subprocess_exec (test.test_asyncio.test_events.PollEventLoopTests) ... ok
test_subprocess_exec_invalid_args (test.test_asyncio.test_events.PollEventLoopTests) ... ok
test_subprocess_exitcode (test.test_asyncio.test_events.PollEventLoopTests) ... ok
test_subprocess_interactive (test.test_asyncio.test_events.PollEventLoopTests) ... ok
test_subprocess_kill (test.test_asyncio.test_events.PollEventLoopTests) ... ok
test_subprocess_send_signal (test.test_asyncio.test_events.PollEventLoopTests) ... ok
test_subprocess_shell (test.test_asyncio.test_events.PollEventLoopTests) ... ok
test_subprocess_shell_invalid_args (test.test_asyncio.test_events.PollEventLoopTests) ... ok
test_subprocess_stderr (test.test_asyncio.test_events.PollEventLoopTests) ... ok
test_subprocess_stderr_redirect_to_stdout (test.test_asyncio.test_events.PollEventLoopTests) ... ok
test_subprocess_terminate (test.test_asyncio.test_events.PollEventLoopTests) ... ok
test_subprocess_wait_no_same_group (test.test_asyncio.test_events.PollEventLoopTests) ... ok
test_timeout_rounding (test.test_asyncio.test_events.PollEventLoopTests) ... ok
test_unclosed_pipe_transport (test.test_asyncio.test_events.PollEventLoopTests) ... ok
test_write_pipe (test.test_asyncio.test_events.PollEventLoopTests) ... ok
test_write_pipe_disconnect_on_close (test.test_asyncio.test_events.PollEventLoopTests) ... ok
test_write_pty (test.test_asyncio.test_events.PollEventLoopTests) ... ok
test_writer_callback (test.test_asyncio.test_events.PollEventLoopTests) ... ok
test_add_fds_after_closing (test.test_asyncio.test_events.SelectEventLoopTests) ... ok
test_add_signal_handler (test.test_asyncio.test_events.SelectEventLoopTests) ... ok
test_bidirectional_pty (test.test_asyncio.test_events.SelectEventLoopTests) ... ok
test_call_later (test.test_asyncio.test_events.SelectEventLoopTests) ... ok
test_call_soon (test.test_asyncio.test_events.SelectEventLoopTests) ... ok
test_call_soon_threadsafe (test.test_asyncio.test_events.SelectEventLoopTests) ... ok
test_call_soon_threadsafe_same_thread (test.test_asyncio.test_events.SelectEventLoopTests) ... ok
test_close (test.test_asyncio.test_events.SelectEventLoopTests) ... ok
test_close_running_event_loop (test.test_asyncio.test_events.SelectEventLoopTests) ... ok
test_connect_accepted_socket (test.test_asyncio.test_events.SelectEventLoopTests) ... ok
test_connect_accepted_socket_ssl_timeout_for_plain_socket (test.test_asyncio.test_events.SelectEventLoopTests) ... ok
test_create_connection (test.test_asyncio.test_events.SelectEventLoopTests) ... ok
test_create_connection_local_addr (test.test_asyncio.test_events.SelectEventLoopTests) ... ok
test_create_connection_local_addr_in_use (test.test_asyncio.test_events.SelectEventLoopTests) ... ok
test_create_datagram_endpoint (test.test_asyncio.test_events.SelectEventLoopTests) ... ok
test_create_datagram_endpoint_ipv6 (test.test_asyncio.test_events.SelectEventLoopTests) ... ok
test_create_datagram_endpoint_sock (test.test_asyncio.test_events.SelectEventLoopTests) ... ok
test_create_server (test.test_asyncio.test_events.SelectEventLoopTests) ... ok
test_create_server_addr_in_use (test.test_asyncio.test_events.SelectEventLoopTests) ... ok
test_create_server_dual_stack (test.test_asyncio.test_events.SelectEventLoopTests) ... ok
test_create_server_multiple_hosts_ipv4 (test.test_asyncio.test_events.SelectEventLoopTests) ... ok
test_create_server_multiple_hosts_ipv6 (test.test_asyncio.test_events.SelectEventLoopTests) ... ok
test_create_server_reuse_port (test.test_asyncio.test_events.SelectEventLoopTests) ... ok
test_create_server_sock (test.test_asyncio.test_events.SelectEventLoopTests) ... ok
test_create_server_ssl (test.test_asyncio.test_events.SelectEventLoopTests) ... ok
test_create_server_ssl_match_failed (test.test_asyncio.test_events.SelectEventLoopTests) ... ok
test_create_server_ssl_verified (test.test_asyncio.test_events.SelectEventLoopTests) ... ok
test_create_server_ssl_verify_failed (test.test_asyncio.test_events.SelectEventLoopTests) ... ok
test_create_ssl_connection (test.test_asyncio.test_events.SelectEventLoopTests) ... ok
test_create_ssl_unix_connection (test.test_asyncio.test_events.SelectEventLoopTests) ... ok
test_create_unix_connection (test.test_asyncio.test_events.SelectEventLoopTests) ... ok
test_create_unix_server (test.test_asyncio.test_events.SelectEventLoopTests) ... ok
test_create_unix_server_path_socket_error (test.test_asyncio.test_events.SelectEventLoopTests) ... ok
test_create_unix_server_ssl (test.test_asyncio.test_events.SelectEventLoopTests) ... ok
test_create_unix_server_ssl_verified (test.test_asyncio.test_events.SelectEventLoopTests) ... ok
test_create_unix_server_ssl_verify_failed (test.test_asyncio.test_events.SelectEventLoopTests) ... ok
test_internal_fds (test.test_asyncio.test_events.SelectEventLoopTests) ... ok
test_prompt_cancellation (test.test_asyncio.test_events.SelectEventLoopTests) ... ok
test_read_pipe (test.test_asyncio.test_events.SelectEventLoopTests) ... ok
test_read_pty_output (test.test_asyncio.test_events.SelectEventLoopTests) ... ok
test_reader_callback (test.test_asyncio.test_events.SelectEventLoopTests) ... ok
test_remove_fds_after_closing (test.test_asyncio.test_events.SelectEventLoopTests) ... ok
test_run_in_executor (test.test_asyncio.test_events.SelectEventLoopTests) ... ok
test_run_in_executor_cancel (test.test_asyncio.test_events.SelectEventLoopTests) ... ok
test_run_until_complete (test.test_asyncio.test_events.SelectEventLoopTests) ... ok
test_run_until_complete_nesting (test.test_asyncio.test_events.SelectEventLoopTests) ... ok
test_run_until_complete_stopped (test.test_asyncio.test_events.SelectEventLoopTests) ... ok
test_server_close (test.test_asyncio.test_events.SelectEventLoopTests) ... ok
test_signal_handling_args (test.test_asyncio.test_events.SelectEventLoopTests) ... ok
test_signal_handling_while_selecting (test.test_asyncio.test_events.SelectEventLoopTests) ... ok
test_ssl_connect_accepted_socket (test.test_asyncio.test_events.SelectEventLoopTests) ... ok
test_subprocess_close_after_finish (test.test_asyncio.test_events.SelectEventLoopTests) ... ok
test_subprocess_close_client_stream (test.test_asyncio.test_events.SelectEventLoopTests) ... ok
test_subprocess_exec (test.test_asyncio.test_events.SelectEventLoopTests) ... ok
test_subprocess_exec_invalid_args (test.test_asyncio.test_events.SelectEventLoopTests) ... ok
test_subprocess_exitcode (test.test_asyncio.test_events.SelectEventLoopTests) ... ok
test_subprocess_interactive (test.test_asyncio.test_events.SelectEventLoopTests) ... ok
test_subprocess_kill (test.test_asyncio.test_events.SelectEventLoopTests) ... ok
test_subprocess_send_signal (test.test_asyncio.test_events.SelectEventLoopTests) ... ok
test_subprocess_shell (test.test_asyncio.test_events.SelectEventLoopTests) ... ok
test_subprocess_shell_invalid_args (test.test_asyncio.test_events.SelectEventLoopTests) ... ok
test_subprocess_stderr (test.test_asyncio.test_events.SelectEventLoopTests) ... ok
test_subprocess_stderr_redirect_to_stdout (test.test_asyncio.test_events.SelectEventLoopTests) ... ok
test_subprocess_terminate (test.test_asyncio.test_events.SelectEventLoopTests) ... ok
test_subprocess_wait_no_same_group (test.test_asyncio.test_events.SelectEventLoopTests) ... ok
test_timeout_rounding (test.test_asyncio.test_events.SelectEventLoopTests) ... ok
test_unclosed_pipe_transport (test.test_asyncio.test_events.SelectEventLoopTests) ... ok
test_write_pipe (test.test_asyncio.test_events.SelectEventLoopTests) ... ok
test_write_pipe_disconnect_on_close (test.test_asyncio.test_events.SelectEventLoopTests) ... ok
test_write_pty (test.test_asyncio.test_events.SelectEventLoopTests) ... ok
test_writer_callback (test.test_asyncio.test_events.SelectEventLoopTests) ... ok
test_close (test.test_asyncio.test_events.TestAbstractServer) ... ok
test_get_loop (test.test_asyncio.test_events.TestAbstractServer) ... ok
test_wait_closed (test.test_asyncio.test_events.TestAbstractServer) ... ok
test_get_event_loop_new_process (test.test_asyncio.test_events.TestCGetEventLoop) ... ok
test_get_event_loop_returns_running_loop (test.test_asyncio.test_events.TestCGetEventLoop) ... ok
test_get_event_loop_new_process (test.test_asyncio.test_events.TestPyGetEventLoop) ... ok
test_get_event_loop_returns_running_loop (test.test_asyncio.test_events.TestPyGetEventLoop) ... ok
test_get_loop (test.test_asyncio.test_events.TestServer) ... ok
test_hash (test.test_asyncio.test_events.TimerTests) ... ok
test_timer (test.test_asyncio.test_events.TimerTests) ... ok
test_timer_comparison (test.test_asyncio.test_events.TimerTests) ... ok
test_timer_repr (test.test_asyncio.test_events.TimerTests) ... ok
test_timer_repr_debug (test.test_asyncio.test_events.TimerTests) ... ok
test_when (test.test_asyncio.test_events.TimerTests) ... ok
test_callbacks_invoked_on_set_exception (test.test_asyncio.test_futures.CFutureDoneCallbackTests) ... ok
test_callbacks_invoked_on_set_result (test.test_asyncio.test_futures.CFutureDoneCallbackTests) ... ok
test_callbacks_remove_first_and_second_callback (test.test_asyncio.test_futures.CFutureDoneCallbackTests) ... ok
test_callbacks_remove_first_callback (test.test_asyncio.test_futures.CFutureDoneCallbackTests) ... ok
test_callbacks_remove_third_callback (test.test_asyncio.test_futures.CFutureDoneCallbackTests) ... ok
test_remove_done_callback (test.test_asyncio.test_futures.CFutureDoneCallbackTests) ... ok
test_remove_done_callbacks_list_mutation (test.test_asyncio.test_futures.CFutureDoneCallbackTests) ... ok
test_schedule_callbacks_list_mutation_1 (test.test_asyncio.test_futures.CFutureDoneCallbackTests) ... ok
test_schedule_callbacks_list_mutation_2 (test.test_asyncio.test_futures.CFutureDoneCallbackTests) ... ok
test_inherit_without_calling_super_init (test.test_asyncio.test_futures.CFutureInheritanceTests) ... ok
test_cancel (test.test_asyncio.test_futures.CFutureTests) ... ok
test_constructor_positional (test.test_asyncio.test_futures.CFutureTests) ... ok
test_copy_state (test.test_asyncio.test_futures.CFutureTests) ... ok
test_exception (test.test_asyncio.test_futures.CFutureTests) ... ok
test_exception_class (test.test_asyncio.test_futures.CFutureTests) ... ok
test_future_cancel_message_getter (test.test_asyncio.test_futures.CFutureTests) ... ok
test_future_cancel_message_setter (test.test_asyncio.test_futures.CFutureTests) ... ok
test_future_del_collect (test.test_asyncio.test_futures.CFutureTests) ... ok
test_future_del_segfault (test.test_asyncio.test_futures.CFutureTests) ... ok
test_future_exception_never_retrieved (test.test_asyncio.test_futures.CFutureTests) ... ok
test_future_exception_never_retrieved_debug (test.test_asyncio.test_futures.CFutureTests) ... ok
test_future_iter_throw (test.test_asyncio.test_futures.CFutureTests) ... ok
test_future_repr (test.test_asyncio.test_futures.CFutureTests) ... ok
test_future_source_traceback (test.test_asyncio.test_futures.CFutureTests) ... ok
test_future_stop_iteration_args (test.test_asyncio.test_futures.CFutureTests) ... ok
test_init_constructor_default_loop (test.test_asyncio.test_futures.CFutureTests) ... ok
test_initial_state (test.test_asyncio.test_futures.CFutureTests) ... ok
test_isfuture (test.test_asyncio.test_futures.CFutureTests) ... ok
test_iter (test.test_asyncio.test_futures.CFutureTests) ... ok
test_log_traceback (test.test_asyncio.test_futures.CFutureTests) ... ok
test_result (test.test_asyncio.test_futures.CFutureTests) ... ok
test_set_result_unless_cancelled (test.test_asyncio.test_futures.CFutureTests) ... ok
test_tb_logger_abandoned (test.test_asyncio.test_futures.CFutureTests) ... ok
test_tb_logger_exception_result_retrieved (test.test_asyncio.test_futures.CFutureTests) ... ok
test_tb_logger_exception_retrieved (test.test_asyncio.test_futures.CFutureTests) ... ok
test_tb_logger_exception_unretrieved (test.test_asyncio.test_futures.CFutureTests) ... ok
test_tb_logger_not_called_after_cancel (test.test_asyncio.test_futures.CFutureTests) ... ok
test_tb_logger_result_retrieved (test.test_asyncio.test_futures.CFutureTests) ... ok
test_tb_logger_result_unretrieved (test.test_asyncio.test_futures.CFutureTests) ... ok
test_uninitialized (test.test_asyncio.test_futures.CFutureTests) ... ok
test_wrap_future (test.test_asyncio.test_futures.CFutureTests) ... ok
test_wrap_future_cancel (test.test_asyncio.test_futures.CFutureTests) ... ok
test_wrap_future_cancel2 (test.test_asyncio.test_futures.CFutureTests) ... ok
test_wrap_future_future (test.test_asyncio.test_futures.CFutureTests) ... ok
test_wrap_future_use_global_loop (test.test_asyncio.test_futures.CFutureTests) ... ok
test_yield_from_twice (test.test_asyncio.test_futures.CFutureTests) ... ok
test_callbacks_invoked_on_set_exception (test.test_asyncio.test_futures.CSubFutureDoneCallbackTests) ... ok
test_callbacks_invoked_on_set_result (test.test_asyncio.test_futures.CSubFutureDoneCallbackTests) ... ok
test_callbacks_remove_first_and_second_callback (test.test_asyncio.test_futures.CSubFutureDoneCallbackTests) ... ok
test_callbacks_remove_first_callback (test.test_asyncio.test_futures.CSubFutureDoneCallbackTests) ... ok
test_callbacks_remove_third_callback (test.test_asyncio.test_futures.CSubFutureDoneCallbackTests) ... ok
test_remove_done_callback (test.test_asyncio.test_futures.CSubFutureDoneCallbackTests) ... ok
test_remove_done_callbacks_list_mutation (test.test_asyncio.test_futures.CSubFutureDoneCallbackTests) ... ok
test_schedule_callbacks_list_mutation_1 (test.test_asyncio.test_futures.CSubFutureDoneCallbackTests) ... ok
test_schedule_callbacks_list_mutation_2 (test.test_asyncio.test_futures.CSubFutureDoneCallbackTests) ... ok
test_cancel (test.test_asyncio.test_futures.CSubFutureTests) ... ok
test_constructor_positional (test.test_asyncio.test_futures.CSubFutureTests) ... ok
test_copy_state (test.test_asyncio.test_futures.CSubFutureTests) ... ok
test_exception (test.test_asyncio.test_futures.CSubFutureTests) ... ok
test_exception_class (test.test_asyncio.test_futures.CSubFutureTests) ... ok
test_future_cancel_message_getter (test.test_asyncio.test_futures.CSubFutureTests) ... ok
test_future_cancel_message_setter (test.test_asyncio.test_futures.CSubFutureTests) ... ok
test_future_del_collect (test.test_asyncio.test_futures.CSubFutureTests) ... ok
test_future_exception_never_retrieved (test.test_asyncio.test_futures.CSubFutureTests) ... ok
test_future_exception_never_retrieved_debug (test.test_asyncio.test_futures.CSubFutureTests) ... ok
test_future_iter_throw (test.test_asyncio.test_futures.CSubFutureTests) ... ok
test_future_repr (test.test_asyncio.test_futures.CSubFutureTests) ... ok
test_future_source_traceback (test.test_asyncio.test_futures.CSubFutureTests) ... ok
test_future_stop_iteration_args (test.test_asyncio.test_futures.CSubFutureTests) ... ok
test_init_constructor_default_loop (test.test_asyncio.test_futures.CSubFutureTests) ... ok
test_initial_state (test.test_asyncio.test_futures.CSubFutureTests) ... ok
test_isfuture (test.test_asyncio.test_futures.CSubFutureTests) ... ok
test_iter (test.test_asyncio.test_futures.CSubFutureTests) ... ok
test_log_traceback (test.test_asyncio.test_futures.CSubFutureTests) ... ok
test_result (test.test_asyncio.test_futures.CSubFutureTests) ... ok
test_set_result_unless_cancelled (test.test_asyncio.test_futures.CSubFutureTests) ... ok
test_tb_logger_abandoned (test.test_asyncio.test_futures.CSubFutureTests) ... ok
test_tb_logger_exception_result_retrieved (test.test_asyncio.test_futures.CSubFutureTests) ... ok
test_tb_logger_exception_retrieved (test.test_asyncio.test_futures.CSubFutureTests) ... ok
test_tb_logger_exception_unretrieved (test.test_asyncio.test_futures.CSubFutureTests) ... ok
test_tb_logger_not_called_after_cancel (test.test_asyncio.test_futures.CSubFutureTests) ... ok
test_tb_logger_result_retrieved (test.test_asyncio.test_futures.CSubFutureTests) ... ok
test_tb_logger_result_unretrieved (test.test_asyncio.test_futures.CSubFutureTests) ... ok
test_uninitialized (test.test_asyncio.test_futures.CSubFutureTests) ... ok
test_wrap_future (test.test_asyncio.test_futures.CSubFutureTests) ... ok
test_wrap_future_cancel (test.test_asyncio.test_futures.CSubFutureTests) ... ok
test_wrap_future_cancel2 (test.test_asyncio.test_futures.CSubFutureTests) ... ok
test_wrap_future_future (test.test_asyncio.test_futures.CSubFutureTests) ... ok
test_wrap_future_use_global_loop (test.test_asyncio.test_futures.CSubFutureTests) ... ok
test_yield_from_twice (test.test_asyncio.test_futures.CSubFutureTests) ... ok
test_ensure_future (test.test_asyncio.test_futures.DuckTests) ... ok
test_wrap_future (test.test_asyncio.test_futures.DuckTests) ... ok
test_callbacks_invoked_on_set_exception (test.test_asyncio.test_futures.PyFutureDoneCallbackTests) ... ok
test_callbacks_invoked_on_set_result (test.test_asyncio.test_futures.PyFutureDoneCallbackTests) ... ok
test_callbacks_remove_first_and_second_callback (test.test_asyncio.test_futures.PyFutureDoneCallbackTests) ... ok
test_callbacks_remove_first_callback (test.test_asyncio.test_futures.PyFutureDoneCallbackTests) ... ok
test_callbacks_remove_third_callback (test.test_asyncio.test_futures.PyFutureDoneCallbackTests) ... ok
test_remove_done_callback (test.test_asyncio.test_futures.PyFutureDoneCallbackTests) ... ok
test_remove_done_callbacks_list_mutation (test.test_asyncio.test_futures.PyFutureDoneCallbackTests) ... ok
test_schedule_callbacks_list_mutation_1 (test.test_asyncio.test_futures.PyFutureDoneCallbackTests) ... ok
test_schedule_callbacks_list_mutation_2 (test.test_asyncio.test_futures.PyFutureDoneCallbackTests) ... ok
test_inherit_without_calling_super_init (test.test_asyncio.test_futures.PyFutureInheritanceTests) ... ok
test_cancel (test.test_asyncio.test_futures.PyFutureTests) ... ok
test_constructor_positional (test.test_asyncio.test_futures.PyFutureTests) ... ok
test_copy_state (test.test_asyncio.test_futures.PyFutureTests) ... ok
test_exception (test.test_asyncio.test_futures.PyFutureTests) ... ok
test_exception_class (test.test_asyncio.test_futures.PyFutureTests) ... ok
test_future_cancel_message_getter (test.test_asyncio.test_futures.PyFutureTests) ... ok
test_future_cancel_message_setter (test.test_asyncio.test_futures.PyFutureTests) ... ok
test_future_del_collect (test.test_asyncio.test_futures.PyFutureTests) ... ok
test_future_exception_never_retrieved (test.test_asyncio.test_futures.PyFutureTests) ... ok
test_future_exception_never_retrieved_debug (test.test_asyncio.test_futures.PyFutureTests) ... ok
test_future_iter_throw (test.test_asyncio.test_futures.PyFutureTests) ... ok
test_future_repr (test.test_asyncio.test_futures.PyFutureTests) ... ok
test_future_source_traceback (test.test_asyncio.test_futures.PyFutureTests) ... ok
test_future_stop_iteration_args (test.test_asyncio.test_futures.PyFutureTests) ... ok
test_init_constructor_default_loop (test.test_asyncio.test_futures.PyFutureTests) ... ok
test_initial_state (test.test_asyncio.test_futures.PyFutureTests) ... ok
test_isfuture (test.test_asyncio.test_futures.PyFutureTests) ... ok
test_iter (test.test_asyncio.test_futures.PyFutureTests) ... ok
test_log_traceback (test.test_asyncio.test_futures.PyFutureTests) ... ok
test_result (test.test_asyncio.test_futures.PyFutureTests) ... ok
test_set_result_unless_cancelled (test.test_asyncio.test_futures.PyFutureTests) ... ok
test_tb_logger_abandoned (test.test_asyncio.test_futures.PyFutureTests) ... ok
test_tb_logger_exception_result_retrieved (test.test_asyncio.test_futures.PyFutureTests) ... ok
test_tb_logger_exception_retrieved (test.test_asyncio.test_futures.PyFutureTests) ... ok
test_tb_logger_exception_unretrieved (test.test_asyncio.test_futures.PyFutureTests) ... ok
test_tb_logger_not_called_after_cancel (test.test_asyncio.test_futures.PyFutureTests) ... ok
test_tb_logger_result_retrieved (test.test_asyncio.test_futures.PyFutureTests) ... ok
test_tb_logger_result_unretrieved (test.test_asyncio.test_futures.PyFutureTests) ... ok
test_uninitialized (test.test_asyncio.test_futures.PyFutureTests) ... ok
test_wrap_future (test.test_asyncio.test_futures.PyFutureTests) ... ok
test_wrap_future_cancel (test.test_asyncio.test_futures.PyFutureTests) ... ok
test_wrap_future_cancel2 (test.test_asyncio.test_futures.PyFutureTests) ... ok
test_wrap_future_future (test.test_asyncio.test_futures.PyFutureTests) ... ok
test_wrap_future_use_global_loop (test.test_asyncio.test_futures.PyFutureTests) ... ok
test_yield_from_twice (test.test_asyncio.test_futures.PyFutureTests) ... ok
test_recursive_repr_for_pending_tasks (test.test_asyncio.test_futures2.FutureTests) ... ok
test_ambiguous_loops (test.test_asyncio.test_locks.ConditionTests) ... ok
test_context_manager (test.test_asyncio.test_locks.ConditionTests) ... ok
test_ctor_loop (test.test_asyncio.test_locks.ConditionTests) ... ok
test_ctor_noloop (test.test_asyncio.test_locks.ConditionTests) ... ok
test_explicit_lock (test.test_asyncio.test_locks.ConditionTests) ... ok
test_notify (test.test_asyncio.test_locks.ConditionTests) ... ok
test_notify_all (test.test_asyncio.test_locks.ConditionTests) ... ok
test_notify_all_unacquired (test.test_asyncio.test_locks.ConditionTests) ... ok
test_notify_unacquired (test.test_asyncio.test_locks.ConditionTests) ... ok
test_repr (test.test_asyncio.test_locks.ConditionTests) ... ok
test_timeout_in_block (test.test_asyncio.test_locks.ConditionTests) ... ok
test_wait (test.test_asyncio.test_locks.ConditionTests) ... ok
test_wait_cancel (test.test_asyncio.test_locks.ConditionTests) ... ok
test_wait_cancel_after_notify (test.test_asyncio.test_locks.ConditionTests) ... ok
test_wait_cancel_contested (test.test_asyncio.test_locks.ConditionTests) ... ok
test_wait_for (test.test_asyncio.test_locks.ConditionTests) ... ok
test_wait_for_unacquired (test.test_asyncio.test_locks.ConditionTests) ... ok
test_wait_unacquired (test.test_asyncio.test_locks.ConditionTests) ... ok
test_clear (test.test_asyncio.test_locks.EventTests) ... ok
test_clear_with_waiters (test.test_asyncio.test_locks.EventTests) ... ok
test_ctor_loop (test.test_asyncio.test_locks.EventTests) ... ok
test_ctor_noloop (test.test_asyncio.test_locks.EventTests) ... ok
test_repr (test.test_asyncio.test_locks.EventTests) ... ok
test_wait (test.test_asyncio.test_locks.EventTests) ... ok
test_wait_cancel (test.test_asyncio.test_locks.EventTests) ... ok
test_wait_on_set (test.test_asyncio.test_locks.EventTests) ... ok
test_acquire (test.test_asyncio.test_locks.LockTests) ... ok
test_acquire_cancel (test.test_asyncio.test_locks.LockTests) ... ok
test_cancel_race (test.test_asyncio.test_locks.LockTests) ... ok
test_cancel_release_race (test.test_asyncio.test_locks.LockTests) ... ok
test_context_manager (test.test_asyncio.test_locks.LockTests) ... ok
test_ctor_loop (test.test_asyncio.test_locks.LockTests) ... ok
test_ctor_noloop (test.test_asyncio.test_locks.LockTests) ... ok
test_finished_waiter_cancelled (test.test_asyncio.test_locks.LockTests) ... ok
test_lock (test.test_asyncio.test_locks.LockTests) ... ok
test_lock_by_with_statement (test.test_asyncio.test_locks.LockTests) ... ok
test_release_no_waiters (test.test_asyncio.test_locks.LockTests) ... ok
test_release_not_acquired (test.test_asyncio.test_locks.LockTests) ... ok
test_repr (test.test_asyncio.test_locks.LockTests) ... ok
test_acquire (test.test_asyncio.test_locks.SemaphoreTests) ... ok
test_acquire_cancel (test.test_asyncio.test_locks.SemaphoreTests) ... ok
test_acquire_cancel_before_awoken (test.test_asyncio.test_locks.SemaphoreTests) ... ok
test_acquire_hang (test.test_asyncio.test_locks.SemaphoreTests) ... ok
test_ctor_loop (test.test_asyncio.test_locks.SemaphoreTests) ... ok
test_ctor_noloop (test.test_asyncio.test_locks.SemaphoreTests) ... ok
test_initial_value_zero (test.test_asyncio.test_locks.SemaphoreTests) ... ok
test_release_no_waiters (test.test_asyncio.test_locks.SemaphoreTests) ... ok
test_release_not_acquired (test.test_asyncio.test_locks.SemaphoreTests) ... ok
test_repr (test.test_asyncio.test_locks.SemaphoreTests) ... ok
test_semaphore (test.test_asyncio.test_locks.SemaphoreTests) ... ok
test_semaphore_value (test.test_asyncio.test_locks.SemaphoreTests) ... ok
test_async_def_coroutines (test.test_asyncio.test_pep492.CoroutineTests) ... ok
test_debug_mode_manages_coroutine_origin_tracking (test.test_asyncio.test_pep492.CoroutineTests) ... ok
test_double_await (test.test_asyncio.test_pep492.CoroutineTests) ... ok
test_function_returning_awaitable (test.test_asyncio.test_pep492.CoroutineTests) ... ok
test_iscoroutine (test.test_asyncio.test_pep492.CoroutineTests) ... ok
test_iscoroutinefunction (test.test_asyncio.test_pep492.CoroutineTests) ... ok
test_task_print_stack (test.test_asyncio.test_pep492.CoroutineTests) ... ok
test_types_coroutine (test.test_asyncio.test_pep492.CoroutineTests) ... ok
test_context_manager_async_with (test.test_asyncio.test_pep492.LockTests) ... ok
test_context_manager_with_await (test.test_asyncio.test_pep492.LockTests) ... ok
test_readline (test.test_asyncio.test_pep492.StreamReaderTests) ... ok
test_close (test.test_asyncio.test_proactor_events.BaseProactorEventLoopTests) ... ok
test_close_self_pipe (test.test_asyncio.test_proactor_events.BaseProactorEventLoopTests) ... ok
test_create_server (test.test_asyncio.test_proactor_events.BaseProactorEventLoopTests) ... ok
test_create_server_cancel (test.test_asyncio.test_proactor_events.BaseProactorEventLoopTests) ... ok
test_ctor (test.test_asyncio.test_proactor_events.BaseProactorEventLoopTests) ... ok
test_datagram_loop_reading (test.test_asyncio.test_proactor_events.BaseProactorEventLoopTests) ... ok
test_datagram_loop_reading_aborted (test.test_asyncio.test_proactor_events.BaseProactorEventLoopTests) ... ok
test_datagram_loop_reading_data (test.test_asyncio.test_proactor_events.BaseProactorEventLoopTests) ... ok
test_datagram_loop_reading_no_data (test.test_asyncio.test_proactor_events.BaseProactorEventLoopTests) ... ok
test_datagram_loop_writing (test.test_asyncio.test_proactor_events.BaseProactorEventLoopTests) ... ok
test_datagram_loop_writing_aborted (test.test_asyncio.test_proactor_events.BaseProactorEventLoopTests) ... ok
test_loop_self_reading (test.test_asyncio.test_proactor_events.BaseProactorEventLoopTests) ... ok
test_loop_self_reading_exception (test.test_asyncio.test_proactor_events.BaseProactorEventLoopTests) ... ok
test_loop_self_reading_fut (test.test_asyncio.test_proactor_events.BaseProactorEventLoopTests) ... ok
test_make_datagram_transport (test.test_asyncio.test_proactor_events.BaseProactorEventLoopTests) ... ok
test_make_socket_transport (test.test_asyncio.test_proactor_events.BaseProactorEventLoopTests) ... ok
test_process_events (test.test_asyncio.test_proactor_events.BaseProactorEventLoopTests) ... ok
test_stop_serving (test.test_asyncio.test_proactor_events.BaseProactorEventLoopTests) ... ok
test_write_to_self (test.test_asyncio.test_proactor_events.BaseProactorEventLoopTests) ... ok
test__loop_writing_closing (test.test_asyncio.test_proactor_events.ProactorDatagramTransportTests) ... ok
test__loop_writing_error_received (test.test_asyncio.test_proactor_events.ProactorDatagramTransportTests) ... ok
test__loop_writing_error_received_connection (test.test_asyncio.test_proactor_events.ProactorDatagramTransportTests) ... ok
test__loop_writing_exception (test.test_asyncio.test_proactor_events.ProactorDatagramTransportTests) ... ok
test_fatal_error_connected (test.test_asyncio.test_proactor_events.ProactorDatagramTransportTests) ... ok
test_sendto (test.test_asyncio.test_proactor_events.ProactorDatagramTransportTests) ... ok
test_sendto_buffer (test.test_asyncio.test_proactor_events.ProactorDatagramTransportTests) ... ok
test_sendto_buffer_bytearray (test.test_asyncio.test_proactor_events.ProactorDatagramTransportTests) ... ok
test_sendto_buffer_memoryview (test.test_asyncio.test_proactor_events.ProactorDatagramTransportTests) ... ok
test_sendto_bytearray (test.test_asyncio.test_proactor_events.ProactorDatagramTransportTests) ... ok
test_sendto_closing (test.test_asyncio.test_proactor_events.ProactorDatagramTransportTests) ... ok
test_sendto_connected_addr (test.test_asyncio.test_proactor_events.ProactorDatagramTransportTests) ... ok
test_sendto_error_received (test.test_asyncio.test_proactor_events.ProactorDatagramTransportTests) ... ok
test_sendto_error_received_connected (test.test_asyncio.test_proactor_events.ProactorDatagramTransportTests) ... ok
test_sendto_exception (test.test_asyncio.test_proactor_events.ProactorDatagramTransportTests) ... ok
test_sendto_memoryview (test.test_asyncio.test_proactor_events.ProactorDatagramTransportTests) ... ok
test_sendto_no_data (test.test_asyncio.test_proactor_events.ProactorDatagramTransportTests) ... ok
test_sendto_str (test.test_asyncio.test_proactor_events.ProactorDatagramTransportTests) ... ok
test_sock_sendfile_iobuffer (test.test_asyncio.test_proactor_events.ProactorEventLoopUnixSockSendfileTests) ... skipped 'Proactor is supported on Windows only'
test_sock_sendfile_not_a_file (test.test_asyncio.test_proactor_events.ProactorEventLoopUnixSockSendfileTests) ... skipped 'Proactor is supported on Windows only'
test_sock_sendfile_not_regular_file (test.test_asyncio.test_proactor_events.ProactorEventLoopUnixSockSendfileTests) ... skipped 'Proactor is supported on Windows only'
test_abort (test.test_asyncio.test_proactor_events.ProactorSocketTransportTests) ... ok
test_call_connection_lost (test.test_asyncio.test_proactor_events.ProactorSocketTransportTests) ... ok
test_close (test.test_asyncio.test_proactor_events.ProactorSocketTransportTests) ... ok
test_close_buffer (test.test_asyncio.test_proactor_events.ProactorSocketTransportTests) ... ok
test_close_write_fut (test.test_asyncio.test_proactor_events.ProactorSocketTransportTests) ... ok
test_ctor (test.test_asyncio.test_proactor_events.ProactorSocketTransportTests) ... ok
test_dont_pause_writing (test.test_asyncio.test_proactor_events.ProactorSocketTransportTests) ... ok
test_fatal_error (test.test_asyncio.test_proactor_events.ProactorSocketTransportTests) ... ok
test_fatal_error_2 (test.test_asyncio.test_proactor_events.ProactorSocketTransportTests) ... ok
test_force_close (test.test_asyncio.test_proactor_events.ProactorSocketTransportTests) ... ok
test_force_close_idempotent (test.test_asyncio.test_proactor_events.ProactorSocketTransportTests) ... ok
test_loop_reading (test.test_asyncio.test_proactor_events.ProactorSocketTransportTests) ... ok
test_loop_reading_aborted (test.test_asyncio.test_proactor_events.ProactorSocketTransportTests) ... ok
test_loop_reading_aborted_closing (test.test_asyncio.test_proactor_events.ProactorSocketTransportTests) ... ok
test_loop_reading_aborted_is_fatal (test.test_asyncio.test_proactor_events.ProactorSocketTransportTests) ... ok
test_loop_reading_conn_reset_lost (test.test_asyncio.test_proactor_events.ProactorSocketTransportTests) ... ok
test_loop_reading_data (test.test_asyncio.test_proactor_events.ProactorSocketTransportTests) ... ok
test_loop_reading_exception (test.test_asyncio.test_proactor_events.ProactorSocketTransportTests) ... ok
test_loop_reading_no_data (test.test_asyncio.test_proactor_events.ProactorSocketTransportTests) ... ok
test_loop_writing (test.test_asyncio.test_proactor_events.ProactorSocketTransportTests) ... ok
test_loop_writing_closing (test.test_asyncio.test_proactor_events.ProactorSocketTransportTests) ... ok
test_loop_writing_err (test.test_asyncio.test_proactor_events.ProactorSocketTransportTests) ... ok
test_loop_writing_force_close (test.test_asyncio.test_proactor_events.ProactorSocketTransportTests) ... ok
test_loop_writing_stop (test.test_asyncio.test_proactor_events.ProactorSocketTransportTests) ... ok
test_pause_resume_reading (test.test_asyncio.test_proactor_events.ProactorSocketTransportTests) ... ok
test_pause_resume_writing (test.test_asyncio.test_proactor_events.ProactorSocketTransportTests) ... ok
test_pause_writing_2write (test.test_asyncio.test_proactor_events.ProactorSocketTransportTests) ... ok
test_pause_writing_3write (test.test_asyncio.test_proactor_events.ProactorSocketTransportTests) ... ok
test_write (test.test_asyncio.test_proactor_events.ProactorSocketTransportTests) ... ok
test_write_eof (test.test_asyncio.test_proactor_events.ProactorSocketTransportTests) ... ok
test_write_eof_buffer (test.test_asyncio.test_proactor_events.ProactorSocketTransportTests) ... ok
test_write_eof_buffer_write_pipe (test.test_asyncio.test_proactor_events.ProactorSocketTransportTests) ... ok
test_write_eof_duplex_pipe (test.test_asyncio.test_proactor_events.ProactorSocketTransportTests) ... ok
test_write_eof_write_pipe (test.test_asyncio.test_proactor_events.ProactorSocketTransportTests) ... ok
test_write_more (test.test_asyncio.test_proactor_events.ProactorSocketTransportTests) ... ok
test_write_no_data (test.test_asyncio.test_proactor_events.ProactorSocketTransportTests) ... ok
test_base_protocol (test.test_asyncio.test_protocols.ProtocolsAbsTests) ... ok
test_buffered_protocol (test.test_asyncio.test_protocols.ProtocolsAbsTests) ... ok
test_datagram_protocol (test.test_asyncio.test_protocols.ProtocolsAbsTests) ... ok
test_protocol (test.test_asyncio.test_protocols.ProtocolsAbsTests) ... ok
test_subprocess_protocol (test.test_asyncio.test_protocols.ProtocolsAbsTests) ... ok
test_format (test.test_asyncio.test_queues.LifoQueueJoinTests) ... ok
test_join_empty_queue (test.test_asyncio.test_queues.LifoQueueJoinTests) ... ok
test_task_done (test.test_asyncio.test_queues.LifoQueueJoinTests) ... ok
test_task_done_underflow (test.test_asyncio.test_queues.LifoQueueJoinTests) ... ok
test_order (test.test_asyncio.test_queues.LifoQueueTests) ... ok
test_format (test.test_asyncio.test_queues.PriorityQueueJoinTests) ... ok
test_join_empty_queue (test.test_asyncio.test_queues.PriorityQueueJoinTests) ... ok
test_task_done (test.test_asyncio.test_queues.PriorityQueueJoinTests) ... ok
test_task_done_underflow (test.test_asyncio.test_queues.PriorityQueueJoinTests) ... ok
test_order (test.test_asyncio.test_queues.PriorityQueueTests) ... ok
test_ctor_loop (test.test_asyncio.test_queues.QueueBasicTests) ... ok
test_ctor_noloop (test.test_asyncio.test_queues.QueueBasicTests) ... ok
test_empty (test.test_asyncio.test_queues.QueueBasicTests) ... ok
test_full (test.test_asyncio.test_queues.QueueBasicTests) ... ok
test_maxsize (test.test_asyncio.test_queues.QueueBasicTests) ... ok
test_order (test.test_asyncio.test_queues.QueueBasicTests) ... ok
test_repr (test.test_asyncio.test_queues.QueueBasicTests) ... ok
test_str (test.test_asyncio.test_queues.QueueBasicTests) ... ok
test_blocking_get (test.test_asyncio.test_queues.QueueGetTests) ... ok
test_blocking_get_wait (test.test_asyncio.test_queues.QueueGetTests) ... ok
test_cancelled_getters_not_being_held_in_self_getters (test.test_asyncio.test_queues.QueueGetTests) ... ok
test_get_cancelled (test.test_asyncio.test_queues.QueueGetTests) ... ok
test_get_cancelled_race (test.test_asyncio.test_queues.QueueGetTests) ... ok
test_get_with_putters (test.test_asyncio.test_queues.QueueGetTests) ... ok
test_get_with_waiting_putters (test.test_asyncio.test_queues.QueueGetTests) ... ok
test_nonblocking_get (test.test_asyncio.test_queues.QueueGetTests) ... ok
test_nonblocking_get_exception (test.test_asyncio.test_queues.QueueGetTests) ... ok
test_why_are_getters_waiting (test.test_asyncio.test_queues.QueueGetTests) ... ok
test_format (test.test_asyncio.test_queues.QueueJoinTests) ... ok
test_join_empty_queue (test.test_asyncio.test_queues.QueueJoinTests) ... ok
test_task_done (test.test_asyncio.test_queues.QueueJoinTests) ... ok
test_task_done_underflow (test.test_asyncio.test_queues.QueueJoinTests) ... ok
test_blocking_put (test.test_asyncio.test_queues.QueuePutTests) ... ok
test_blocking_put_wait (test.test_asyncio.test_queues.QueuePutTests) ... ok
test_cancelled_put_silence_value_error_exception (test.test_asyncio.test_queues.QueuePutTests) ... ok
test_cancelled_puts_not_being_held_in_self_putters (test.test_asyncio.test_queues.QueuePutTests) ... ok
test_float_maxsize (test.test_asyncio.test_queues.QueuePutTests) ... ok
test_get_cancel_drop_many_pending_readers (test.test_asyncio.test_queues.QueuePutTests) ... ok
test_get_cancel_drop_one_pending_reader (test.test_asyncio.test_queues.QueuePutTests) ... ok
test_nonblocking_put (test.test_asyncio.test_queues.QueuePutTests) ... ok
test_nonblocking_put_exception (test.test_asyncio.test_queues.QueuePutTests) ... ok
test_put_cancel_drop (test.test_asyncio.test_queues.QueuePutTests) ... ok
test_put_cancelled (test.test_asyncio.test_queues.QueuePutTests) ... ok
test_put_cancelled_race (test.test_asyncio.test_queues.QueuePutTests) ... ok
test_put_with_waiting_getters (test.test_asyncio.test_queues.QueuePutTests) ... ok
test_why_are_putters_waiting (test.test_asyncio.test_queues.QueuePutTests) ... ok
test_asyncio_run_cancels_hanging_tasks (test.test_asyncio.test_runners.RunTests) ... ok
test_asyncio_run_closes_gens_after_hanging_tasks_errors (test.test_asyncio.test_runners.RunTests) ... ok
test_asyncio_run_debug (test.test_asyncio.test_runners.RunTests) ... ok
test_asyncio_run_from_running_loop (test.test_asyncio.test_runners.RunTests) ... ok
test_asyncio_run_only_coro (test.test_asyncio.test_runners.RunTests) ... ok
test_asyncio_run_raises (test.test_asyncio.test_runners.RunTests) ... ok
test_asyncio_run_reports_hanging_tasks_errors (test.test_asyncio.test_runners.RunTests) ... ok
test_asyncio_run_return (test.test_asyncio.test_runners.RunTests) ... ok
test_accept_connection_multiple (test.test_asyncio.test_selector_events.BaseSelectorEventLoopTests) ... ok
test_add_reader (test.test_asyncio.test_selector_events.BaseSelectorEventLoopTests) ... ok
test_add_reader_existing (test.test_asyncio.test_selector_events.BaseSelectorEventLoopTests) ... ok
test_add_reader_existing_writer (test.test_asyncio.test_selector_events.BaseSelectorEventLoopTests) ... ok
test_add_writer (test.test_asyncio.test_selector_events.BaseSelectorEventLoopTests) ... ok
test_add_writer_existing (test.test_asyncio.test_selector_events.BaseSelectorEventLoopTests) ... ok
test_close (test.test_asyncio.test_selector_events.BaseSelectorEventLoopTests) ... ok
test_close_no_selector (test.test_asyncio.test_selector_events.BaseSelectorEventLoopTests) ... ok
test_make_socket_transport (test.test_asyncio.test_selector_events.BaseSelectorEventLoopTests) ... ok
test_make_ssl_transport (test.test_asyncio.test_selector_events.BaseSelectorEventLoopTests) ... ok
test_make_ssl_transport_without_ssl_error (test.test_asyncio.test_selector_events.BaseSelectorEventLoopTests) ... ok
test_process_events_read (test.test_asyncio.test_selector_events.BaseSelectorEventLoopTests) ... ok
test_process_events_read_cancelled (test.test_asyncio.test_selector_events.BaseSelectorEventLoopTests) ... ok
test_process_events_write (test.test_asyncio.test_selector_events.BaseSelectorEventLoopTests) ... ok
test_process_events_write_cancelled (test.test_asyncio.test_selector_events.BaseSelectorEventLoopTests) ... ok
test_read_from_self_exception (test.test_asyncio.test_selector_events.BaseSelectorEventLoopTests) ... ok
test_read_from_self_tryagain (test.test_asyncio.test_selector_events.BaseSelectorEventLoopTests) ... ok
test_remove_reader (test.test_asyncio.test_selector_events.BaseSelectorEventLoopTests) ... ok
test_remove_reader_read_write (test.test_asyncio.test_selector_events.BaseSelectorEventLoopTests) ... ok
test_remove_reader_unknown (test.test_asyncio.test_selector_events.BaseSelectorEventLoopTests) ... ok
test_remove_writer (test.test_asyncio.test_selector_events.BaseSelectorEventLoopTests) ... ok
test_remove_writer_read_write (test.test_asyncio.test_selector_events.BaseSelectorEventLoopTests) ... ok
test_remove_writer_unknown (test.test_asyncio.test_selector_events.BaseSelectorEventLoopTests) ... ok
test_write_to_self_exception (test.test_asyncio.test_selector_events.BaseSelectorEventLoopTests) ... ok
test_write_to_self_tryagain (test.test_asyncio.test_selector_events.BaseSelectorEventLoopTests) ... ok
test_fatal_error_connected (test.test_asyncio.test_selector_events.SelectorDatagramTransportTests) ... ok
test_fatal_error_connected_custom_error (test.test_asyncio.test_selector_events.SelectorDatagramTransportTests) ... ok
test_read_ready (test.test_asyncio.test_selector_events.SelectorDatagramTransportTests) ... ok
test_read_ready_err (test.test_asyncio.test_selector_events.SelectorDatagramTransportTests) ... ok
test_read_ready_oserr (test.test_asyncio.test_selector_events.SelectorDatagramTransportTests) ... ok
test_read_ready_tryagain (test.test_asyncio.test_selector_events.SelectorDatagramTransportTests) ... ok
test_sendto (test.test_asyncio.test_selector_events.SelectorDatagramTransportTests) ... ok
test_sendto_buffer (test.test_asyncio.test_selector_events.SelectorDatagramTransportTests) ... ok
test_sendto_buffer_bytearray (test.test_asyncio.test_selector_events.SelectorDatagramTransportTests) ... ok
test_sendto_buffer_memoryview (test.test_asyncio.test_selector_events.SelectorDatagramTransportTests) ... ok
test_sendto_bytearray (test.test_asyncio.test_selector_events.SelectorDatagramTransportTests) ... ok
test_sendto_closing (test.test_asyncio.test_selector_events.SelectorDatagramTransportTests) ... ok
test_sendto_connected_addr (test.test_asyncio.test_selector_events.SelectorDatagramTransportTests) ... ok
test_sendto_error_received (test.test_asyncio.test_selector_events.SelectorDatagramTransportTests) ... ok
test_sendto_error_received_connected (test.test_asyncio.test_selector_events.SelectorDatagramTransportTests) ... ok
test_sendto_exception (test.test_asyncio.test_selector_events.SelectorDatagramTransportTests) ... ok
test_sendto_memoryview (test.test_asyncio.test_selector_events.SelectorDatagramTransportTests) ... ok
test_sendto_no_data (test.test_asyncio.test_selector_events.SelectorDatagramTransportTests) ... ok
test_sendto_ready (test.test_asyncio.test_selector_events.SelectorDatagramTransportTests) ... ok
test_sendto_ready_closing (test.test_asyncio.test_selector_events.SelectorDatagramTransportTests) ... ok
test_sendto_ready_error_received (test.test_asyncio.test_selector_events.SelectorDatagramTransportTests) ... ok
test_sendto_ready_error_received_connection (test.test_asyncio.test_selector_events.SelectorDatagramTransportTests) ... ok
test_sendto_ready_exception (test.test_asyncio.test_selector_events.SelectorDatagramTransportTests) ... ok
test_sendto_ready_no_data (test.test_asyncio.test_selector_events.SelectorDatagramTransportTests) ... ok
test_sendto_ready_tryagain (test.test_asyncio.test_selector_events.SelectorDatagramTransportTests) ... ok
test_sendto_str (test.test_asyncio.test_selector_events.SelectorDatagramTransportTests) ... ok
test_sendto_tryagain (test.test_asyncio.test_selector_events.SelectorDatagramTransportTests) ... ok
test_buffer_updated_error (test.test_asyncio.test_selector_events.SelectorSocketTransportBufferedProtocolTests) ... ok
test_ctor (test.test_asyncio.test_selector_events.SelectorSocketTransportBufferedProtocolTests) ... ok
test_get_buffer_error (test.test_asyncio.test_selector_events.SelectorSocketTransportBufferedProtocolTests) ... ok
test_get_buffer_zerosized (test.test_asyncio.test_selector_events.SelectorSocketTransportBufferedProtocolTests) ... ok
test_proto_type_switch (test.test_asyncio.test_selector_events.SelectorSocketTransportBufferedProtocolTests) ... ok
test_read_eof_received_error (test.test_asyncio.test_selector_events.SelectorSocketTransportBufferedProtocolTests) ... ok
test_read_ready (test.test_asyncio.test_selector_events.SelectorSocketTransportBufferedProtocolTests) ... ok
test_read_ready_conn_reset (test.test_asyncio.test_selector_events.SelectorSocketTransportBufferedProtocolTests) ... ok
test_read_ready_eof (test.test_asyncio.test_selector_events.SelectorSocketTransportBufferedProtocolTests) ... ok
test_read_ready_eof_keep_open (test.test_asyncio.test_selector_events.SelectorSocketTransportBufferedProtocolTests) ... ok
test_read_ready_err (test.test_asyncio.test_selector_events.SelectorSocketTransportBufferedProtocolTests) ... ok
test_read_ready_tryagain (test.test_asyncio.test_selector_events.SelectorSocketTransportBufferedProtocolTests) ... ok
test_read_ready_tryagain_interrupted (test.test_asyncio.test_selector_events.SelectorSocketTransportBufferedProtocolTests) ... ok
test_ctor (test.test_asyncio.test_selector_events.SelectorSocketTransportTests) ... ok
test_ctor_with_waiter (test.test_asyncio.test_selector_events.SelectorSocketTransportTests) ... ok
test_data_received_error (test.test_asyncio.test_selector_events.SelectorSocketTransportTests) ... ok
test_pause_resume_reading (test.test_asyncio.test_selector_events.SelectorSocketTransportTests) ... ok
test_read_eof_received_error (test.test_asyncio.test_selector_events.SelectorSocketTransportTests) ... ok
test_read_ready (test.test_asyncio.test_selector_events.SelectorSocketTransportTests) ... ok
test_read_ready_conn_reset (test.test_asyncio.test_selector_events.SelectorSocketTransportTests) ... ok
test_read_ready_eof (test.test_asyncio.test_selector_events.SelectorSocketTransportTests) ... ok
test_read_ready_eof_keep_open (test.test_asyncio.test_selector_events.SelectorSocketTransportTests) ... ok
test_read_ready_err (test.test_asyncio.test_selector_events.SelectorSocketTransportTests) ... ok
test_read_ready_tryagain (test.test_asyncio.test_selector_events.SelectorSocketTransportTests) ... ok
test_read_ready_tryagain_interrupted (test.test_asyncio.test_selector_events.SelectorSocketTransportTests) ... ok
test_transport_close_remove_writer (test.test_asyncio.test_selector_events.SelectorSocketTransportTests) ... ok
test_write (test.test_asyncio.test_selector_events.SelectorSocketTransportTests) ... ok
test_write_buffer (test.test_asyncio.test_selector_events.SelectorSocketTransportTests) ... ok
test_write_bytearray (test.test_asyncio.test_selector_events.SelectorSocketTransportTests) ... ok
test_write_closing (test.test_asyncio.test_selector_events.SelectorSocketTransportTests) ... ok
test_write_eof (test.test_asyncio.test_selector_events.SelectorSocketTransportTests) ... ok
test_write_eof_after_close (test.test_asyncio.test_selector_events.SelectorSocketTransportTests) ... ok
test_write_eof_buffer (test.test_asyncio.test_selector_events.SelectorSocketTransportTests) ... ok
test_write_exception (test.test_asyncio.test_selector_events.SelectorSocketTransportTests) ... ok
test_write_memoryview (test.test_asyncio.test_selector_events.SelectorSocketTransportTests) ... ok
test_write_no_data (test.test_asyncio.test_selector_events.SelectorSocketTransportTests) ... ok
test_write_partial (test.test_asyncio.test_selector_events.SelectorSocketTransportTests) ... ok
test_write_partial_bytearray (test.test_asyncio.test_selector_events.SelectorSocketTransportTests) ... ok
test_write_partial_memoryview (test.test_asyncio.test_selector_events.SelectorSocketTransportTests) ... ok
test_write_partial_none (test.test_asyncio.test_selector_events.SelectorSocketTransportTests) ... ok
test_write_ready (test.test_asyncio.test_selector_events.SelectorSocketTransportTests) ... ok
test_write_ready_closing (test.test_asyncio.test_selector_events.SelectorSocketTransportTests) ... ok
test_write_ready_exception (test.test_asyncio.test_selector_events.SelectorSocketTransportTests) ... ok
test_write_ready_no_data (test.test_asyncio.test_selector_events.SelectorSocketTransportTests) ... ok
test_write_ready_partial (test.test_asyncio.test_selector_events.SelectorSocketTransportTests) ... ok
test_write_ready_partial_none (test.test_asyncio.test_selector_events.SelectorSocketTransportTests) ... ok
test_write_ready_tryagain (test.test_asyncio.test_selector_events.SelectorSocketTransportTests) ... ok
test_write_str (test.test_asyncio.test_selector_events.SelectorSocketTransportTests) ... ok
test_write_tryagain (test.test_asyncio.test_selector_events.SelectorSocketTransportTests) ... ok
test__add_reader (test.test_asyncio.test_selector_events.SelectorTransportTests) ... ok
test_abort (test.test_asyncio.test_selector_events.SelectorTransportTests) ... ok
test_close (test.test_asyncio.test_selector_events.SelectorTransportTests) ... ok
test_close_write_buffer (test.test_asyncio.test_selector_events.SelectorTransportTests) ... ok
test_connection_lost (test.test_asyncio.test_selector_events.SelectorTransportTests) ... ok
test_ctor (test.test_asyncio.test_selector_events.SelectorTransportTests) ... ok
test_fatal_error (test.test_asyncio.test_selector_events.SelectorTransportTests) ... ok
test_fatal_error_custom_exception (test.test_asyncio.test_selector_events.SelectorTransportTests) ... ok
test_force_close (test.test_asyncio.test_selector_events.SelectorTransportTests) ... ok
test_sendfile (test.test_asyncio.test_sendfile.EPollEventLoopTests) ... ok
test_sendfile_close_peer_after_receiving (test.test_asyncio.test_sendfile.EPollEventLoopTests) ... ok
test_sendfile_close_peer_in_the_middle_of_receiving (test.test_asyncio.test_sendfile.EPollEventLoopTests) ... ok
test_sendfile_fallback_close_peer_in_the_middle_of_receiving (test.test_asyncio.test_sendfile.EPollEventLoopTests) ... ok
test_sendfile_for_closing_transp (test.test_asyncio.test_sendfile.EPollEventLoopTests) ... ok
test_sendfile_force_fallback (test.test_asyncio.test_sendfile.EPollEventLoopTests) ... ok
test_sendfile_force_unsupported_native (test.test_asyncio.test_sendfile.EPollEventLoopTests) ... ok
test_sendfile_no_fallback_for_fallback_transport (test.test_asyncio.test_sendfile.EPollEventLoopTests) ... ok
test_sendfile_not_supported (test.test_asyncio.test_sendfile.EPollEventLoopTests) ... ok
test_sendfile_partial (test.test_asyncio.test_sendfile.EPollEventLoopTests) ... ok
test_sendfile_pre_and_post_data (test.test_asyncio.test_sendfile.EPollEventLoopTests) ... ok
test_sendfile_prevents_bare_write (test.test_asyncio.test_sendfile.EPollEventLoopTests) ... ok
test_sendfile_ssl (test.test_asyncio.test_sendfile.EPollEventLoopTests) ... ok
test_sendfile_ssl_close_peer_after_receiving (test.test_asyncio.test_sendfile.EPollEventLoopTests) ... ok
test_sendfile_ssl_partial (test.test_asyncio.test_sendfile.EPollEventLoopTests) ... ok
test_sendfile_ssl_pre_and_post_data (test.test_asyncio.test_sendfile.EPollEventLoopTests) ... ok
test_sock_sendfile_mix_with_regular_send (test.test_asyncio.test_sendfile.EPollEventLoopTests) ... ok
test_sock_sendfile_success (test.test_asyncio.test_sendfile.EPollEventLoopTests) ... ok
test_sock_sendfile_with_offset_and_count (test.test_asyncio.test_sendfile.EPollEventLoopTests) ... ok
test_sock_sendfile_zero_size (test.test_asyncio.test_sendfile.EPollEventLoopTests) ... ok
test_sendfile (test.test_asyncio.test_sendfile.PollEventLoopTests) ... ok
test_sendfile_close_peer_after_receiving (test.test_asyncio.test_sendfile.PollEventLoopTests) ... ok
test_sendfile_close_peer_in_the_middle_of_receiving (test.test_asyncio.test_sendfile.PollEventLoopTests) ... ok
test_sendfile_fallback_close_peer_in_the_middle_of_receiving (test.test_asyncio.test_sendfile.PollEventLoopTests) ... ok
test_sendfile_for_closing_transp (test.test_asyncio.test_sendfile.PollEventLoopTests) ... ok
test_sendfile_force_fallback (test.test_asyncio.test_sendfile.PollEventLoopTests) ... ok
test_sendfile_force_unsupported_native (test.test_asyncio.test_sendfile.PollEventLoopTests) ... ok
test_sendfile_no_fallback_for_fallback_transport (test.test_asyncio.test_sendfile.PollEventLoopTests) ... ok
test_sendfile_not_supported (test.test_asyncio.test_sendfile.PollEventLoopTests) ... ok
test_sendfile_partial (test.test_asyncio.test_sendfile.PollEventLoopTests) ... ok
test_sendfile_pre_and_post_data (test.test_asyncio.test_sendfile.PollEventLoopTests) ... ok
test_sendfile_prevents_bare_write (test.test_asyncio.test_sendfile.PollEventLoopTests) ... ok
test_sendfile_ssl (test.test_asyncio.test_sendfile.PollEventLoopTests) ... ok
test_sendfile_ssl_close_peer_after_receiving (test.test_asyncio.test_sendfile.PollEventLoopTests) ... ok
test_sendfile_ssl_partial (test.test_asyncio.test_sendfile.PollEventLoopTests) ... ok
test_sendfile_ssl_pre_and_post_data (test.test_asyncio.test_sendfile.PollEventLoopTests) ... ok
test_sock_sendfile_mix_with_regular_send (test.test_asyncio.test_sendfile.PollEventLoopTests) ... ok
test_sock_sendfile_success (test.test_asyncio.test_sendfile.PollEventLoopTests) ... ok
test_sock_sendfile_with_offset_and_count (test.test_asyncio.test_sendfile.PollEventLoopTests) ... ok
test_sock_sendfile_zero_size (test.test_asyncio.test_sendfile.PollEventLoopTests) ... ok
test_sendfile (test.test_asyncio.test_sendfile.SelectEventLoopTests) ... ok
test_sendfile_close_peer_after_receiving (test.test_asyncio.test_sendfile.SelectEventLoopTests) ... ok
test_sendfile_close_peer_in_the_middle_of_receiving (test.test_asyncio.test_sendfile.SelectEventLoopTests) ... ok
test_sendfile_fallback_close_peer_in_the_middle_of_receiving (test.test_asyncio.test_sendfile.SelectEventLoopTests) ... ok
test_sendfile_for_closing_transp (test.test_asyncio.test_sendfile.SelectEventLoopTests) ... ok
test_sendfile_force_fallback (test.test_asyncio.test_sendfile.SelectEventLoopTests) ... ok
test_sendfile_force_unsupported_native (test.test_asyncio.test_sendfile.SelectEventLoopTests) ... ok
test_sendfile_no_fallback_for_fallback_transport (test.test_asyncio.test_sendfile.SelectEventLoopTests) ... ok
test_sendfile_not_supported (test.test_asyncio.test_sendfile.SelectEventLoopTests) ... ok
test_sendfile_partial (test.test_asyncio.test_sendfile.SelectEventLoopTests) ... ok
test_sendfile_pre_and_post_data (test.test_asyncio.test_sendfile.SelectEventLoopTests) ... ok
test_sendfile_prevents_bare_write (test.test_asyncio.test_sendfile.SelectEventLoopTests) ... ok
test_sendfile_ssl (test.test_asyncio.test_sendfile.SelectEventLoopTests) ... ok
test_sendfile_ssl_close_peer_after_receiving (test.test_asyncio.test_sendfile.SelectEventLoopTests) ... ok
test_sendfile_ssl_partial (test.test_asyncio.test_sendfile.SelectEventLoopTests) ... ok
test_sendfile_ssl_pre_and_post_data (test.test_asyncio.test_sendfile.SelectEventLoopTests) ... ok
test_sock_sendfile_mix_with_regular_send (test.test_asyncio.test_sendfile.SelectEventLoopTests) ... ok
test_sock_sendfile_success (test.test_asyncio.test_sendfile.SelectEventLoopTests) ... ok
test_sock_sendfile_with_offset_and_count (test.test_asyncio.test_sendfile.SelectEventLoopTests) ... ok
test_sock_sendfile_zero_size (test.test_asyncio.test_sendfile.SelectEventLoopTests) ... ok
test_start_server_1 (test.test_asyncio.test_server.ProactorStartServerTests) ... skipped 'Windows only'
test_start_server_1 (test.test_asyncio.test_server.SelectorStartServerTests) ... ok
test_start_unix_server_1 (test.test_asyncio.test_server.SelectorStartServerTests) ... ok
test_cancel_sock_accept (test.test_asyncio.test_sock_lowlevel.EPollEventLoopTests) ... ok
test_create_connection_sock (test.test_asyncio.test_sock_lowlevel.EPollEventLoopTests) ... ok
test_huge_content (test.test_asyncio.test_sock_lowlevel.EPollEventLoopTests) ... ok
test_huge_content_recvinto (test.test_asyncio.test_sock_lowlevel.EPollEventLoopTests) ... ok
test_sock_accept (test.test_asyncio.test_sock_lowlevel.EPollEventLoopTests) ... ok
test_sock_client_connect_racing (test.test_asyncio.test_sock_lowlevel.EPollEventLoopTests) ... ok
test_sock_client_fail (test.test_asyncio.test_sock_lowlevel.EPollEventLoopTests) ... ok
test_sock_client_ops (test.test_asyncio.test_sock_lowlevel.EPollEventLoopTests) ... ok
test_sock_client_racing (test.test_asyncio.test_sock_lowlevel.EPollEventLoopTests) ... ok
test_unix_sock_client_ops (test.test_asyncio.test_sock_lowlevel.EPollEventLoopTests) ... ok
test_cancel_sock_accept (test.test_asyncio.test_sock_lowlevel.PollEventLoopTests) ... ok
test_create_connection_sock (test.test_asyncio.test_sock_lowlevel.PollEventLoopTests) ... ok
test_huge_content (test.test_asyncio.test_sock_lowlevel.PollEventLoopTests) ... ok
test_huge_content_recvinto (test.test_asyncio.test_sock_lowlevel.PollEventLoopTests) ... ok
test_sock_accept (test.test_asyncio.test_sock_lowlevel.PollEventLoopTests) ... ok
test_sock_client_connect_racing (test.test_asyncio.test_sock_lowlevel.PollEventLoopTests) ... ok
test_sock_client_fail (test.test_asyncio.test_sock_lowlevel.PollEventLoopTests) ... ok
test_sock_client_ops (test.test_asyncio.test_sock_lowlevel.PollEventLoopTests) ... ok
test_sock_client_racing (test.test_asyncio.test_sock_lowlevel.PollEventLoopTests) ... ok
test_unix_sock_client_ops (test.test_asyncio.test_sock_lowlevel.PollEventLoopTests) ... ok
test_cancel_sock_accept (test.test_asyncio.test_sock_lowlevel.SelectEventLoopTests) ... ok
test_create_connection_sock (test.test_asyncio.test_sock_lowlevel.SelectEventLoopTests) ... ok
test_huge_content (test.test_asyncio.test_sock_lowlevel.SelectEventLoopTests) ... ok
test_huge_content_recvinto (test.test_asyncio.test_sock_lowlevel.SelectEventLoopTests) ... ok
test_sock_accept (test.test_asyncio.test_sock_lowlevel.SelectEventLoopTests) ... ok
test_sock_client_connect_racing (test.test_asyncio.test_sock_lowlevel.SelectEventLoopTests) ... ok
test_sock_client_fail (test.test_asyncio.test_sock_lowlevel.SelectEventLoopTests) ... ok
test_sock_client_ops (test.test_asyncio.test_sock_lowlevel.SelectEventLoopTests) ... ok
test_sock_client_racing (test.test_asyncio.test_sock_lowlevel.SelectEventLoopTests) ... ok
test_unix_sock_client_ops (test.test_asyncio.test_sock_lowlevel.SelectEventLoopTests) ... ok
test_buf_feed_data (test.test_asyncio.test_sslproto.ProactorStartTLSTests) ... skipped 'Windows only'
test_create_connection_memory_leak (test.test_asyncio.test_sslproto.ProactorStartTLSTests) ... skipped 'Windows only'
test_create_connection_ssl_failed_certificate (test.test_asyncio.test_sslproto.ProactorStartTLSTests) ... skipped 'Windows only'
test_create_connection_ssl_slow_handshake (test.test_asyncio.test_sslproto.ProactorStartTLSTests) ... skipped 'Windows only'
test_handshake_timeout (test.test_asyncio.test_sslproto.ProactorStartTLSTests) ... skipped 'Windows only'
test_start_tls_client_buf_proto_1 (test.test_asyncio.test_sslproto.ProactorStartTLSTests) ... skipped 'Windows only'
test_start_tls_client_corrupted_ssl (test.test_asyncio.test_sslproto.ProactorStartTLSTests) ... skipped 'Windows only'
test_start_tls_client_reg_proto_1 (test.test_asyncio.test_sslproto.ProactorStartTLSTests) ... skipped 'Windows only'
test_start_tls_server_1 (test.test_asyncio.test_sslproto.ProactorStartTLSTests) ... skipped 'Windows only'
test_start_tls_slow_client_cancel (test.test_asyncio.test_sslproto.ProactorStartTLSTests) ... skipped 'Windows only'
test_start_tls_wrong_args (test.test_asyncio.test_sslproto.ProactorStartTLSTests) ... skipped 'Windows only'
test_buf_feed_data (test.test_asyncio.test_sslproto.SelectorStartTLSTests) ... ok
test_create_connection_memory_leak (test.test_asyncio.test_sslproto.SelectorStartTLSTests) ... ok
test_create_connection_ssl_failed_certificate (test.test_asyncio.test_sslproto.SelectorStartTLSTests) ... ok
test_create_connection_ssl_slow_handshake (test.test_asyncio.test_sslproto.SelectorStartTLSTests) ... ok
test_handshake_timeout (test.test_asyncio.test_sslproto.SelectorStartTLSTests) ... ok
test_start_tls_client_buf_proto_1 (test.test_asyncio.test_sslproto.SelectorStartTLSTests) ... ok
test_start_tls_client_corrupted_ssl (test.test_asyncio.test_sslproto.SelectorStartTLSTests) ... ok
test_start_tls_client_reg_proto_1 (test.test_asyncio.test_sslproto.SelectorStartTLSTests) ... ok
test_start_tls_server_1 (test.test_asyncio.test_sslproto.SelectorStartTLSTests) ... ok
test_start_tls_slow_client_cancel (test.test_asyncio.test_sslproto.SelectorStartTLSTests) ... ok
test_start_tls_wrong_args (test.test_asyncio.test_sslproto.SelectorStartTLSTests) ... ok
test_close_during_handshake (test.test_asyncio.test_sslproto.SslProtoHandshakeTests) ... ok
test_connection_lost (test.test_asyncio.test_sslproto.SslProtoHandshakeTests) ... ok
test_data_received_after_closing (test.test_asyncio.test_sslproto.SslProtoHandshakeTests) ... ok
test_eof_received_waiter (test.test_asyncio.test_sslproto.SslProtoHandshakeTests) ... ok
test_fatal_error_no_name_error (test.test_asyncio.test_sslproto.SslProtoHandshakeTests) ... ok
test_get_extra_info_on_closed_connection (test.test_asyncio.test_sslproto.SslProtoHandshakeTests) ... ok
test_handshake_timeout_negative (test.test_asyncio.test_sslproto.SslProtoHandshakeTests) ... ok
test_handshake_timeout_zero (test.test_asyncio.test_sslproto.SslProtoHandshakeTests) ... ok
test_set_new_app_protocol (test.test_asyncio.test_sslproto.SslProtoHandshakeTests) ... ok
test_write_after_closing (test.test_asyncio.test_sslproto.SslProtoHandshakeTests) ... ok
test_IncompleteReadError_pickleable (test.test_asyncio.test_streams.StreamTests) ... ok
test_LimitOverrunError_pickleable (test.test_asyncio.test_streams.StreamTests) ... ok
test___repr__ (test.test_asyncio.test_streams.StreamTests) ... ok
test___repr__data (test.test_asyncio.test_streams.StreamTests) ... ok
test___repr__eof (test.test_asyncio.test_streams.StreamTests) ... ok
test___repr__exception (test.test_asyncio.test_streams.StreamTests) ... ok
test___repr__nondefault_limit (test.test_asyncio.test_streams.StreamTests) ... ok
test___repr__transport (test.test_asyncio.test_streams.StreamTests) ... ok
test___repr__waiter (test.test_asyncio.test_streams.StreamTests) ... ok
test_async_writer_api (test.test_asyncio.test_streams.StreamTests) ... ok
test_async_writer_api_exception_after_close (test.test_asyncio.test_streams.StreamTests) ... ok
test_at_eof (test.test_asyncio.test_streams.StreamTests) ... ok
test_ctor_global_loop (test.test_asyncio.test_streams.StreamTests) ... ok
test_drain_raises (test.test_asyncio.test_streams.StreamTests) ... ok
test_eof_feed_when_closing_writer (test.test_asyncio.test_streams.StreamTests) ... ok
test_exception (test.test_asyncio.test_streams.StreamTests) ... ok
test_exception_cancel (test.test_asyncio.test_streams.StreamTests) ... ok
test_exception_waiter (test.test_asyncio.test_streams.StreamTests) ... ok
test_feed_empty_data (test.test_asyncio.test_streams.StreamTests) ... ok
test_feed_nonempty_data (test.test_asyncio.test_streams.StreamTests) ... ok
test_invalid_limit (test.test_asyncio.test_streams.StreamTests) ... ok
test_open_connection (test.test_asyncio.test_streams.StreamTests) ... ok
test_open_connection_error (test.test_asyncio.test_streams.StreamTests) ... ok
test_open_connection_no_loop_ssl (test.test_asyncio.test_streams.StreamTests) ... ok
test_open_unix_connection (test.test_asyncio.test_streams.StreamTests) ... ok
test_open_unix_connection_error (test.test_asyncio.test_streams.StreamTests) ... ok
test_open_unix_connection_no_loop_ssl (test.test_asyncio.test_streams.StreamTests) ... ok
test_read (test.test_asyncio.test_streams.StreamTests) ... ok
test_read_all_from_pipe_reader (test.test_asyncio.test_streams.StreamTests) ... ok
test_read_eof (test.test_asyncio.test_streams.StreamTests) ... ok
test_read_exception (test.test_asyncio.test_streams.StreamTests) ... ok
test_read_limit (test.test_asyncio.test_streams.StreamTests) ... ok
test_read_line_breaks (test.test_asyncio.test_streams.StreamTests) ... ok
test_read_until_eof (test.test_asyncio.test_streams.StreamTests) ... ok
test_read_zero (test.test_asyncio.test_streams.StreamTests) ... ok
test_readexactly (test.test_asyncio.test_streams.StreamTests) ... ok
test_readexactly_eof (test.test_asyncio.test_streams.StreamTests) ... ok
test_readexactly_exception (test.test_asyncio.test_streams.StreamTests) ... ok
test_readexactly_limit (test.test_asyncio.test_streams.StreamTests) ... ok
test_readexactly_zero_or_less (test.test_asyncio.test_streams.StreamTests) ... ok
test_readline (test.test_asyncio.test_streams.StreamTests) ... ok
test_readline_empty_eof (test.test_asyncio.test_streams.StreamTests) ... ok
test_readline_eof (test.test_asyncio.test_streams.StreamTests) ... ok
test_readline_exception (test.test_asyncio.test_streams.StreamTests) ... ok
test_readline_limit (test.test_asyncio.test_streams.StreamTests) ... ok
test_readline_limit_with_existing_data (test.test_asyncio.test_streams.StreamTests) ... ok
test_readline_nolimit_nowait (test.test_asyncio.test_streams.StreamTests) ... ok
test_readline_read_byte_count (test.test_asyncio.test_streams.StreamTests) ... ok
test_readuntil_eof (test.test_asyncio.test_streams.StreamTests) ... ok
test_readuntil_limit_found_sep (test.test_asyncio.test_streams.StreamTests) ... ok
test_readuntil_multi_chunks (test.test_asyncio.test_streams.StreamTests) ... ok
test_readuntil_multi_chunks_1 (test.test_asyncio.test_streams.StreamTests) ... ok
test_readuntil_separator (test.test_asyncio.test_streams.StreamTests) ... ok
test_start_server (test.test_asyncio.test_streams.StreamTests) ... ok
test_start_unix_server (test.test_asyncio.test_streams.StreamTests) ... ok
test_streamreader_constructor (test.test_asyncio.test_streams.StreamTests) ... ok
test_streamreaderprotocol_constructor (test.test_asyncio.test_streams.StreamTests) ... ok
test_wait_closed_on_close (test.test_asyncio.test_streams.StreamTests) ... ok
test_wait_closed_on_close_with_unread_data (test.test_asyncio.test_streams.StreamTests) ... ok
test_cancel_make_subprocess_transport_exec (test.test_asyncio.test_subprocess.SubprocessFastWatcherTests) ... ok
test_cancel_post_init (test.test_asyncio.test_subprocess.SubprocessFastWatcherTests) ... ok
test_cancel_process_wait (test.test_asyncio.test_subprocess.SubprocessFastWatcherTests) ... ok
test_close_dont_kill_finished (test.test_asyncio.test_subprocess.SubprocessFastWatcherTests) ... ok
test_close_kill_running (test.test_asyncio.test_subprocess.SubprocessFastWatcherTests) ... ok
test_communicate (test.test_asyncio.test_subprocess.SubprocessFastWatcherTests) ... ok
test_communicate_ignore_broken_pipe (test.test_asyncio.test_subprocess.SubprocessFastWatcherTests) ... ok
test_create_subprocess_exec_text_mode_fails (test.test_asyncio.test_subprocess.SubprocessFastWatcherTests) ... ok
test_create_subprocess_exec_with_path (test.test_asyncio.test_subprocess.SubprocessFastWatcherTests) ... ok
test_create_subprocess_shell_text_mode_fails (test.test_asyncio.test_subprocess.SubprocessFastWatcherTests) ... ok
test_devnull_error (test.test_asyncio.test_subprocess.SubprocessFastWatcherTests) ... ok
test_devnull_input (test.test_asyncio.test_subprocess.SubprocessFastWatcherTests) ... ok
test_devnull_output (test.test_asyncio.test_subprocess.SubprocessFastWatcherTests) ... ok
test_empty_input (test.test_asyncio.test_subprocess.SubprocessFastWatcherTests) ... ok
test_exec_loop_deprecated (test.test_asyncio.test_subprocess.SubprocessFastWatcherTests) ... ok
test_kill (test.test_asyncio.test_subprocess.SubprocessFastWatcherTests) ... ok
test_pause_reading (test.test_asyncio.test_subprocess.SubprocessFastWatcherTests) ... ok
test_popen_error (test.test_asyncio.test_subprocess.SubprocessFastWatcherTests) ... ok
test_popen_error_with_stdin_pipe (test.test_asyncio.test_subprocess.SubprocessFastWatcherTests) ... ok
test_read_stdout_after_process_exit (test.test_asyncio.test_subprocess.SubprocessFastWatcherTests) ... ok
test_send_signal (test.test_asyncio.test_subprocess.SubprocessFastWatcherTests) ... ok
test_shell (test.test_asyncio.test_subprocess.SubprocessFastWatcherTests) ... ok
test_shell_loop_deprecated (test.test_asyncio.test_subprocess.SubprocessFastWatcherTests) ... ok
test_start_new_session (test.test_asyncio.test_subprocess.SubprocessFastWatcherTests) ... ok
test_stdin_broken_pipe (test.test_asyncio.test_subprocess.SubprocessFastWatcherTests) ... ok
test_stdin_not_inheritable (test.test_asyncio.test_subprocess.SubprocessFastWatcherTests) ... ok
test_stdin_stdout (test.test_asyncio.test_subprocess.SubprocessFastWatcherTests) ... ok
test_terminate (test.test_asyncio.test_subprocess.SubprocessFastWatcherTests) ... ok
test_cancel_make_subprocess_transport_exec (test.test_asyncio.test_subprocess.SubprocessMultiLoopWatcherTests) ... skipped 'bpo-38323: MultiLoopChildWatcher has a race condition                     and these tests can hang the test suite'
test_cancel_post_init (test.test_asyncio.test_subprocess.SubprocessMultiLoopWatcherTests) ... skipped 'bpo-38323: MultiLoopChildWatcher has a race condition                     and these tests can hang the test suite'
test_cancel_process_wait (test.test_asyncio.test_subprocess.SubprocessMultiLoopWatcherTests) ... skipped 'bpo-38323: MultiLoopChildWatcher has a race condition                     and these tests can hang the test suite'
test_close_dont_kill_finished (test.test_asyncio.test_subprocess.SubprocessMultiLoopWatcherTests) ... skipped 'bpo-38323: MultiLoopChildWatcher has a race condition                     and these tests can hang the test suite'
test_close_kill_running (test.test_asyncio.test_subprocess.SubprocessMultiLoopWatcherTests) ... skipped 'bpo-38323: MultiLoopChildWatcher has a race condition                     and these tests can hang the test suite'
test_communicate (test.test_asyncio.test_subprocess.SubprocessMultiLoopWatcherTests) ... skipped 'bpo-38323: MultiLoopChildWatcher has a race condition                     and these tests can hang the test suite'
test_communicate_ignore_broken_pipe (test.test_asyncio.test_subprocess.SubprocessMultiLoopWatcherTests) ... skipped 'bpo-38323: MultiLoopChildWatcher has a race condition                     and these tests can hang the test suite'
test_create_subprocess_exec_text_mode_fails (test.test_asyncio.test_subprocess.SubprocessMultiLoopWatcherTests) ... skipped 'bpo-38323: MultiLoopChildWatcher has a race condition                     and these tests can hang the test suite'
test_create_subprocess_exec_with_path (test.test_asyncio.test_subprocess.SubprocessMultiLoopWatcherTests) ... skipped 'bpo-38323: MultiLoopChildWatcher has a race condition                     and these tests can hang the test suite'
test_create_subprocess_shell_text_mode_fails (test.test_asyncio.test_subprocess.SubprocessMultiLoopWatcherTests) ... skipped 'bpo-38323: MultiLoopChildWatcher has a race condition                     and these tests can hang the test suite'
test_devnull_error (test.test_asyncio.test_subprocess.SubprocessMultiLoopWatcherTests) ... skipped 'bpo-38323: MultiLoopChildWatcher has a race condition                     and these tests can hang the test suite'
test_devnull_input (test.test_asyncio.test_subprocess.SubprocessMultiLoopWatcherTests) ... skipped 'bpo-38323: MultiLoopChildWatcher has a race condition                     and these tests can hang the test suite'
test_devnull_output (test.test_asyncio.test_subprocess.SubprocessMultiLoopWatcherTests) ... skipped 'bpo-38323: MultiLoopChildWatcher has a race condition                     and these tests can hang the test suite'
test_empty_input (test.test_asyncio.test_subprocess.SubprocessMultiLoopWatcherTests) ... skipped 'bpo-38323: MultiLoopChildWatcher has a race condition                     and these tests can hang the test suite'
test_exec_loop_deprecated (test.test_asyncio.test_subprocess.SubprocessMultiLoopWatcherTests) ... skipped 'bpo-38323: MultiLoopChildWatcher has a race condition                     and these tests can hang the test suite'
test_kill (test.test_asyncio.test_subprocess.SubprocessMultiLoopWatcherTests) ... skipped 'bpo-38323: MultiLoopChildWatcher has a race condition                     and these tests can hang the test suite'
test_pause_reading (test.test_asyncio.test_subprocess.SubprocessMultiLoopWatcherTests) ... skipped 'bpo-38323: MultiLoopChildWatcher has a race condition                     and these tests can hang the test suite'
test_popen_error (test.test_asyncio.test_subprocess.SubprocessMultiLoopWatcherTests) ... skipped 'bpo-38323: MultiLoopChildWatcher has a race condition                     and these tests can hang the test suite'
test_popen_error_with_stdin_pipe (test.test_asyncio.test_subprocess.SubprocessMultiLoopWatcherTests) ... skipped 'bpo-38323: MultiLoopChildWatcher has a race condition                     and these tests can hang the test suite'
test_read_stdout_after_process_exit (test.test_asyncio.test_subprocess.SubprocessMultiLoopWatcherTests) ... skipped 'bpo-38323: MultiLoopChildWatcher has a race condition                     and these tests can hang the test suite'
test_send_signal (test.test_asyncio.test_subprocess.SubprocessMultiLoopWatcherTests) ... skipped 'bpo-38323: MultiLoopChildWatcher has a race condition                     and these tests can hang the test suite'
test_shell (test.test_asyncio.test_subprocess.SubprocessMultiLoopWatcherTests) ... skipped 'bpo-38323: MultiLoopChildWatcher has a race condition                     and these tests can hang the test suite'
test_shell_loop_deprecated (test.test_asyncio.test_subprocess.SubprocessMultiLoopWatcherTests) ... skipped 'bpo-38323: MultiLoopChildWatcher has a race condition                     and these tests can hang the test suite'
test_start_new_session (test.test_asyncio.test_subprocess.SubprocessMultiLoopWatcherTests) ... skipped 'bpo-38323: MultiLoopChildWatcher has a race condition                     and these tests can hang the test suite'
test_stdin_broken_pipe (test.test_asyncio.test_subprocess.SubprocessMultiLoopWatcherTests) ... skipped 'bpo-38323: MultiLoopChildWatcher has a race condition                     and these tests can hang the test suite'
test_stdin_not_inheritable (test.test_asyncio.test_subprocess.SubprocessMultiLoopWatcherTests) ... skipped 'bpo-38323: MultiLoopChildWatcher has a race condition                     and these tests can hang the test suite'
test_stdin_stdout (test.test_asyncio.test_subprocess.SubprocessMultiLoopWatcherTests) ... skipped 'bpo-38323: MultiLoopChildWatcher has a race condition                     and these tests can hang the test suite'
test_terminate (test.test_asyncio.test_subprocess.SubprocessMultiLoopWatcherTests) ... skipped 'bpo-38323: MultiLoopChildWatcher has a race condition                     and these tests can hang the test suite'
test_cancel_make_subprocess_transport_exec (test.test_asyncio.test_subprocess.SubprocessPidfdWatcherTests) ... ok
test_cancel_post_init (test.test_asyncio.test_subprocess.SubprocessPidfdWatcherTests) ... ok
test_cancel_process_wait (test.test_asyncio.test_subprocess.SubprocessPidfdWatcherTests) ... ok
test_close_dont_kill_finished (test.test_asyncio.test_subprocess.SubprocessPidfdWatcherTests) ... ok
test_close_kill_running (test.test_asyncio.test_subprocess.SubprocessPidfdWatcherTests) ... ok
test_communicate (test.test_asyncio.test_subprocess.SubprocessPidfdWatcherTests) ... ok
test_communicate_ignore_broken_pipe (test.test_asyncio.test_subprocess.SubprocessPidfdWatcherTests) ... ok
test_create_subprocess_exec_text_mode_fails (test.test_asyncio.test_subprocess.SubprocessPidfdWatcherTests) ... ok
test_create_subprocess_exec_with_path (test.test_asyncio.test_subprocess.SubprocessPidfdWatcherTests) ... ok
test_create_subprocess_shell_text_mode_fails (test.test_asyncio.test_subprocess.SubprocessPidfdWatcherTests) ... ok
test_devnull_error (test.test_asyncio.test_subprocess.SubprocessPidfdWatcherTests) ... ok
test_devnull_input (test.test_asyncio.test_subprocess.SubprocessPidfdWatcherTests) ... ok
test_devnull_output (test.test_asyncio.test_subprocess.SubprocessPidfdWatcherTests) ... ok
test_empty_input (test.test_asyncio.test_subprocess.SubprocessPidfdWatcherTests) ... ok
test_exec_loop_deprecated (test.test_asyncio.test_subprocess.SubprocessPidfdWatcherTests) ... ok
test_kill (test.test_asyncio.test_subprocess.SubprocessPidfdWatcherTests) ... ok
test_pause_reading (test.test_asyncio.test_subprocess.SubprocessPidfdWatcherTests) ... ok
test_popen_error (test.test_asyncio.test_subprocess.SubprocessPidfdWatcherTests) ... ok
test_popen_error_with_stdin_pipe (test.test_asyncio.test_subprocess.SubprocessPidfdWatcherTests) ... ok
test_read_stdout_after_process_exit (test.test_asyncio.test_subprocess.SubprocessPidfdWatcherTests) ... ok
test_send_signal (test.test_asyncio.test_subprocess.SubprocessPidfdWatcherTests) ... ok
test_shell (test.test_asyncio.test_subprocess.SubprocessPidfdWatcherTests) ... ok
test_shell_loop_deprecated (test.test_asyncio.test_subprocess.SubprocessPidfdWatcherTests) ... ok
test_start_new_session (test.test_asyncio.test_subprocess.SubprocessPidfdWatcherTests) ... ok
test_stdin_broken_pipe (test.test_asyncio.test_subprocess.SubprocessPidfdWatcherTests) ... ok
test_stdin_not_inheritable (test.test_asyncio.test_subprocess.SubprocessPidfdWatcherTests) ... ok
test_stdin_stdout (test.test_asyncio.test_subprocess.SubprocessPidfdWatcherTests) ... ok
test_terminate (test.test_asyncio.test_subprocess.SubprocessPidfdWatcherTests) ... ok
test_cancel_make_subprocess_transport_exec (test.test_asyncio.test_subprocess.SubprocessSafeWatcherTests) ... ok
test_cancel_post_init (test.test_asyncio.test_subprocess.SubprocessSafeWatcherTests) ... ok
test_cancel_process_wait (test.test_asyncio.test_subprocess.SubprocessSafeWatcherTests) ... ok
test_close_dont_kill_finished (test.test_asyncio.test_subprocess.SubprocessSafeWatcherTests) ... ok
test_close_kill_running (test.test_asyncio.test_subprocess.SubprocessSafeWatcherTests) ... ok
test_communicate (test.test_asyncio.test_subprocess.SubprocessSafeWatcherTests) ... ok
test_communicate_ignore_broken_pipe (test.test_asyncio.test_subprocess.SubprocessSafeWatcherTests) ... ok
test_create_subprocess_exec_text_mode_fails (test.test_asyncio.test_subprocess.SubprocessSafeWatcherTests) ... ok
test_create_subprocess_exec_with_path (test.test_asyncio.test_subprocess.SubprocessSafeWatcherTests) ... ok
test_create_subprocess_shell_text_mode_fails (test.test_asyncio.test_subprocess.SubprocessSafeWatcherTests) ... ok
test_devnull_error (test.test_asyncio.test_subprocess.SubprocessSafeWatcherTests) ... ok
test_devnull_input (test.test_asyncio.test_subprocess.SubprocessSafeWatcherTests) ... ok
test_devnull_output (test.test_asyncio.test_subprocess.SubprocessSafeWatcherTests) ... ok
test_empty_input (test.test_asyncio.test_subprocess.SubprocessSafeWatcherTests) ... ok
test_exec_loop_deprecated (test.test_asyncio.test_subprocess.SubprocessSafeWatcherTests) ... ok
test_kill (test.test_asyncio.test_subprocess.SubprocessSafeWatcherTests) ... ok
test_pause_reading (test.test_asyncio.test_subprocess.SubprocessSafeWatcherTests) ... ok
test_popen_error (test.test_asyncio.test_subprocess.SubprocessSafeWatcherTests) ... ok
test_popen_error_with_stdin_pipe (test.test_asyncio.test_subprocess.SubprocessSafeWatcherTests) ... ok
test_read_stdout_after_process_exit (test.test_asyncio.test_subprocess.SubprocessSafeWatcherTests) ... ok
test_send_signal (test.test_asyncio.test_subprocess.SubprocessSafeWatcherTests) ... ok
test_shell (test.test_asyncio.test_subprocess.SubprocessSafeWatcherTests) ... ok
test_shell_loop_deprecated (test.test_asyncio.test_subprocess.SubprocessSafeWatcherTests) ... ok
test_start_new_session (test.test_asyncio.test_subprocess.SubprocessSafeWatcherTests) ... ok
test_stdin_broken_pipe (test.test_asyncio.test_subprocess.SubprocessSafeWatcherTests) ... ok
test_stdin_not_inheritable (test.test_asyncio.test_subprocess.SubprocessSafeWatcherTests) ... ok
test_stdin_stdout (test.test_asyncio.test_subprocess.SubprocessSafeWatcherTests) ... ok
test_terminate (test.test_asyncio.test_subprocess.SubprocessSafeWatcherTests) ... ok
test_cancel_make_subprocess_transport_exec (test.test_asyncio.test_subprocess.SubprocessThreadedWatcherTests) ... ok
test_cancel_post_init (test.test_asyncio.test_subprocess.SubprocessThreadedWatcherTests) ... ok
test_cancel_process_wait (test.test_asyncio.test_subprocess.SubprocessThreadedWatcherTests) ... ok
test_close_dont_kill_finished (test.test_asyncio.test_subprocess.SubprocessThreadedWatcherTests) ... ok
test_close_kill_running (test.test_asyncio.test_subprocess.SubprocessThreadedWatcherTests) ... ok
test_communicate (test.test_asyncio.test_subprocess.SubprocessThreadedWatcherTests) ... ok
test_communicate_ignore_broken_pipe (test.test_asyncio.test_subprocess.SubprocessThreadedWatcherTests) ... ok
test_create_subprocess_exec_text_mode_fails (test.test_asyncio.test_subprocess.SubprocessThreadedWatcherTests) ... ok
test_create_subprocess_exec_with_path (test.test_asyncio.test_subprocess.SubprocessThreadedWatcherTests) ... ok
test_create_subprocess_shell_text_mode_fails (test.test_asyncio.test_subprocess.SubprocessThreadedWatcherTests) ... ok
test_devnull_error (test.test_asyncio.test_subprocess.SubprocessThreadedWatcherTests) ... ok
test_devnull_input (test.test_asyncio.test_subprocess.SubprocessThreadedWatcherTests) ... ok
test_devnull_output (test.test_asyncio.test_subprocess.SubprocessThreadedWatcherTests) ... ok
test_empty_input (test.test_asyncio.test_subprocess.SubprocessThreadedWatcherTests) ... ok
test_exec_loop_deprecated (test.test_asyncio.test_subprocess.SubprocessThreadedWatcherTests) ... ok
test_kill (test.test_asyncio.test_subprocess.SubprocessThreadedWatcherTests) ... ok
test_pause_reading (test.test_asyncio.test_subprocess.SubprocessThreadedWatcherTests) ... ok
test_popen_error (test.test_asyncio.test_subprocess.SubprocessThreadedWatcherTests) ... ok
test_popen_error_with_stdin_pipe (test.test_asyncio.test_subprocess.SubprocessThreadedWatcherTests) ... ok
test_read_stdout_after_process_exit (test.test_asyncio.test_subprocess.SubprocessThreadedWatcherTests) ... ok
test_send_signal (test.test_asyncio.test_subprocess.SubprocessThreadedWatcherTests) ... ok
test_shell (test.test_asyncio.test_subprocess.SubprocessThreadedWatcherTests) ... ok
test_shell_loop_deprecated (test.test_asyncio.test_subprocess.SubprocessThreadedWatcherTests) ... ok
test_start_new_session (test.test_asyncio.test_subprocess.SubprocessThreadedWatcherTests) ... ok
test_stdin_broken_pipe (test.test_asyncio.test_subprocess.SubprocessThreadedWatcherTests) ... ok
test_stdin_not_inheritable (test.test_asyncio.test_subprocess.SubprocessThreadedWatcherTests) ... ok
test_stdin_stdout (test.test_asyncio.test_subprocess.SubprocessThreadedWatcherTests) ... ok
test_terminate (test.test_asyncio.test_subprocess.SubprocessThreadedWatcherTests) ... ok
test_proc_exited (test.test_asyncio.test_subprocess.SubprocessTransportTests) ... ok
test_subprocess_repr (test.test_asyncio.test_subprocess.SubprocessTransportTests) ... ok
test_current_task_no_running_loop (test.test_asyncio.test_tasks.CCurrentLoopTests) ... ok
test_current_task_no_running_loop_implicit (test.test_asyncio.test_tasks.CCurrentLoopTests) ... ok
test_current_task_with_implicit_loop (test.test_asyncio.test_tasks.CCurrentLoopTests) ... ok
test__enter_task (test.test_asyncio.test_tasks.CIntrospectionTests) ... ok
test__enter_task_failure (test.test_asyncio.test_tasks.CIntrospectionTests) ... ok
test__leave_task (test.test_asyncio.test_tasks.CIntrospectionTests) ... ok
test__leave_task_failure1 (test.test_asyncio.test_tasks.CIntrospectionTests) ... ok
test__leave_task_failure2 (test.test_asyncio.test_tasks.CIntrospectionTests) ... ok
test__register_task_1 (test.test_asyncio.test_tasks.CIntrospectionTests) ... ok
test__register_task_2 (test.test_asyncio.test_tasks.CIntrospectionTests) ... ok
test__register_task_3 (test.test_asyncio.test_tasks.CIntrospectionTests) ... ok
test__unregister_task (test.test_asyncio.test_tasks.CIntrospectionTests) ... ok
test__unregister_task_not_registered (test.test_asyncio.test_tasks.CIntrospectionTests) ... ok
test_as_completed (test.test_asyncio.test_tasks.CTaskSubclass_PyFuture_Tests) ... ok
test_as_completed_concurrent (test.test_asyncio.test_tasks.CTaskSubclass_PyFuture_Tests) ... ok
test_as_completed_duplicate_coroutines (test.test_asyncio.test_tasks.CTaskSubclass_PyFuture_Tests) ... ok
test_as_completed_invalid_args (test.test_asyncio.test_tasks.CTaskSubclass_PyFuture_Tests) ... ok
test_as_completed_reverse_wait (test.test_asyncio.test_tasks.CTaskSubclass_PyFuture_Tests) ... ok
test_as_completed_with_timeout (test.test_asyncio.test_tasks.CTaskSubclass_PyFuture_Tests) ... ok
test_as_completed_with_unused_timeout (test.test_asyncio.test_tasks.CTaskSubclass_PyFuture_Tests) ... ok
test_bare_create_named_task (test.test_asyncio.test_tasks.CTaskSubclass_PyFuture_Tests) ... ok
test_bare_create_task (test.test_asyncio.test_tasks.CTaskSubclass_PyFuture_Tests) ... ok
test_baseexception_during_cancel (test.test_asyncio.test_tasks.CTaskSubclass_PyFuture_Tests) ... ok
test_cancel (test.test_asyncio.test_tasks.CTaskSubclass_PyFuture_Tests) ... ok
test_cancel_at_end (test.test_asyncio.test_tasks.CTaskSubclass_PyFuture_Tests)
coroutine end right after task is cancelled ... ok
test_cancel_awaited_task (test.test_asyncio.test_tasks.CTaskSubclass_PyFuture_Tests) ... ok
test_cancel_blocking_wait_for (test.test_asyncio.test_tasks.CTaskSubclass_PyFuture_Tests) ... ok
test_cancel_both_task_and_inner_future (test.test_asyncio.test_tasks.CTaskSubclass_PyFuture_Tests) ... ok
test_cancel_current_task (test.test_asyncio.test_tasks.CTaskSubclass_PyFuture_Tests) ... ok
test_cancel_gather_1 (test.test_asyncio.test_tasks.CTaskSubclass_PyFuture_Tests)
Ensure that a gathering future refuses to be cancelled once all ... ok
test_cancel_gather_2 (test.test_asyncio.test_tasks.CTaskSubclass_PyFuture_Tests) ... ok
test_cancel_inner_future (test.test_asyncio.test_tasks.CTaskSubclass_PyFuture_Tests) ... ok
test_cancel_task_catching (test.test_asyncio.test_tasks.CTaskSubclass_PyFuture_Tests) ... ok
test_cancel_task_ignoring (test.test_asyncio.test_tasks.CTaskSubclass_PyFuture_Tests) ... ok
test_cancel_traceback_for_future_exception (test.test_asyncio.test_tasks.CTaskSubclass_PyFuture_Tests) ... ok
test_cancel_traceback_for_future_result (test.test_asyncio.test_tasks.CTaskSubclass_PyFuture_Tests) ... ok
test_cancel_wait_for (test.test_asyncio.test_tasks.CTaskSubclass_PyFuture_Tests) ... ok
test_cancel_with_message_before_starting_task (test.test_asyncio.test_tasks.CTaskSubclass_PyFuture_Tests) ... ok
test_cancel_with_message_then_future_exception (test.test_asyncio.test_tasks.CTaskSubclass_PyFuture_Tests) ... ok
test_cancel_with_message_then_future_result (test.test_asyncio.test_tasks.CTaskSubclass_PyFuture_Tests) ... ok
test_cancel_yield (test.test_asyncio.test_tasks.CTaskSubclass_PyFuture_Tests) ... ok
test_context_1 (test.test_asyncio.test_tasks.CTaskSubclass_PyFuture_Tests) ... ok
test_context_2 (test.test_asyncio.test_tasks.CTaskSubclass_PyFuture_Tests) ... ok
test_context_3 (test.test_asyncio.test_tasks.CTaskSubclass_PyFuture_Tests) ... ok
test_coroutine_never_yielded (test.test_asyncio.test_tasks.CTaskSubclass_PyFuture_Tests) ... ok
test_coroutine_non_gen_function (test.test_asyncio.test_tasks.CTaskSubclass_PyFuture_Tests) ... ok
test_coroutine_non_gen_function_return_future (test.test_asyncio.test_tasks.CTaskSubclass_PyFuture_Tests) ... ok
test_corowrapper_mocks_generator (test.test_asyncio.test_tasks.CTaskSubclass_PyFuture_Tests) ... ok
test_corowrapper_throw (test.test_asyncio.test_tasks.CTaskSubclass_PyFuture_Tests) ... ok
test_corowrapper_weakref (test.test_asyncio.test_tasks.CTaskSubclass_PyFuture_Tests) ... ok
test_create_task_with_async_function (test.test_asyncio.test_tasks.CTaskSubclass_PyFuture_Tests) ... ok
test_create_task_with_asynclike_function (test.test_asyncio.test_tasks.CTaskSubclass_PyFuture_Tests) ... ok
test_create_task_with_noncoroutine (test.test_asyncio.test_tasks.CTaskSubclass_PyFuture_Tests) ... ok
test_create_task_with_oldstyle_coroutine (test.test_asyncio.test_tasks.CTaskSubclass_PyFuture_Tests) ... ok
test_current_task (test.test_asyncio.test_tasks.CTaskSubclass_PyFuture_Tests) ... ok
test_current_task_with_interleaving_tasks (test.test_asyncio.test_tasks.CTaskSubclass_PyFuture_Tests) ... ok
test_ensure_future_awaitable (test.test_asyncio.test_tasks.CTaskSubclass_PyFuture_Tests) ... ok
test_ensure_future_coroutine (test.test_asyncio.test_tasks.CTaskSubclass_PyFuture_Tests) ... ok
test_ensure_future_error_msg (test.test_asyncio.test_tasks.CTaskSubclass_PyFuture_Tests) ... ok
test_ensure_future_future (test.test_asyncio.test_tasks.CTaskSubclass_PyFuture_Tests) ... ok
test_ensure_future_neither (test.test_asyncio.test_tasks.CTaskSubclass_PyFuture_Tests) ... ok
test_ensure_future_task (test.test_asyncio.test_tasks.CTaskSubclass_PyFuture_Tests) ... ok
test_error_in_call_soon (test.test_asyncio.test_tasks.CTaskSubclass_PyFuture_Tests) ... ok
test_exception_chaining_after_await (test.test_asyncio.test_tasks.CTaskSubclass_PyFuture_Tests) ... ok
test_exception_chaining_after_await_with_context_cycle (test.test_asyncio.test_tasks.CTaskSubclass_PyFuture_Tests) ... ok
test_exception_traceback (test.test_asyncio.test_tasks.CTaskSubclass_PyFuture_Tests) ... ok
test_gather_shield (test.test_asyncio.test_tasks.CTaskSubclass_PyFuture_Tests) ... ok
test_get_coro (test.test_asyncio.test_tasks.CTaskSubclass_PyFuture_Tests) ... ok
test_get_stack (test.test_asyncio.test_tasks.CTaskSubclass_PyFuture_Tests) ... ok
test_iscoroutinefunction (test.test_asyncio.test_tasks.CTaskSubclass_PyFuture_Tests) ... ok
test_log_destroyed_pending_task (test.test_asyncio.test_tasks.CTaskSubclass_PyFuture_Tests) ... ok
test_log_traceback (test.test_asyncio.test_tasks.CTaskSubclass_PyFuture_Tests) ... ok
test_other_loop_future (test.test_asyncio.test_tasks.CTaskSubclass_PyFuture_Tests) ... ok
test_return_coroutine_from_coroutine (test.test_asyncio.test_tasks.CTaskSubclass_PyFuture_Tests)
Return of @asyncio.coroutine()-wrapped function generator object ... ok
test_shield_cancel_inner (test.test_asyncio.test_tasks.CTaskSubclass_PyFuture_Tests) ... ok
test_shield_cancel_outer (test.test_asyncio.test_tasks.CTaskSubclass_PyFuture_Tests) ... ok
test_shield_effect (test.test_asyncio.test_tasks.CTaskSubclass_PyFuture_Tests) ... ok
test_shield_exception (test.test_asyncio.test_tasks.CTaskSubclass_PyFuture_Tests) ... ok
test_shield_gather (test.test_asyncio.test_tasks.CTaskSubclass_PyFuture_Tests) ... ok
test_shield_result (test.test_asyncio.test_tasks.CTaskSubclass_PyFuture_Tests) ... ok
test_shield_shortcut (test.test_asyncio.test_tasks.CTaskSubclass_PyFuture_Tests) ... ok
test_sleep (test.test_asyncio.test_tasks.CTaskSubclass_PyFuture_Tests) ... ok
test_sleep_cancel (test.test_asyncio.test_tasks.CTaskSubclass_PyFuture_Tests) ... ok
test_step_result (test.test_asyncio.test_tasks.CTaskSubclass_PyFuture_Tests) ... ok
test_step_result_future (test.test_asyncio.test_tasks.CTaskSubclass_PyFuture_Tests) ... ok
test_stop_while_run_in_complete (test.test_asyncio.test_tasks.CTaskSubclass_PyFuture_Tests) ... ok
test_subclasses_ctask_cfuture (test.test_asyncio.test_tasks.CTaskSubclass_PyFuture_Tests) ... ok
test_task_awaits_on_itself (test.test_asyncio.test_tasks.CTaskSubclass_PyFuture_Tests) ... ok
test_task_basics (test.test_asyncio.test_tasks.CTaskSubclass_PyFuture_Tests) ... ok
test_task_cancel_message_getter (test.test_asyncio.test_tasks.CTaskSubclass_PyFuture_Tests) ... ok
test_task_cancel_message_setter (test.test_asyncio.test_tasks.CTaskSubclass_PyFuture_Tests) ... ok
test_task_cancel_sleeping_task (test.test_asyncio.test_tasks.CTaskSubclass_PyFuture_Tests) ... ok
test_task_cancel_waiter_future (test.test_asyncio.test_tasks.CTaskSubclass_PyFuture_Tests) ... ok
test_task_class (test.test_asyncio.test_tasks.CTaskSubclass_PyFuture_Tests) ... ok
test_task_del_collect (test.test_asyncio.test_tasks.CTaskSubclass_PyFuture_Tests) ... ok
test_task_repr (test.test_asyncio.test_tasks.CTaskSubclass_PyFuture_Tests) ... ok
test_task_repr_autogenerated (test.test_asyncio.test_tasks.CTaskSubclass_PyFuture_Tests) ... ok
test_task_repr_coro_decorator (test.test_asyncio.test_tasks.CTaskSubclass_PyFuture_Tests) ... ok
test_task_repr_name_not_str (test.test_asyncio.test_tasks.CTaskSubclass_PyFuture_Tests) ... ok
test_task_repr_partial_corowrapper (test.test_asyncio.test_tasks.CTaskSubclass_PyFuture_Tests) ... ok
test_task_repr_wait_for (test.test_asyncio.test_tasks.CTaskSubclass_PyFuture_Tests) ... ok
test_task_set_methods (test.test_asyncio.test_tasks.CTaskSubclass_PyFuture_Tests) ... ok
test_tb_logger_not_called_after_cancel (test.test_asyncio.test_tasks.CTaskSubclass_PyFuture_Tests) ... ok
test_wait (test.test_asyncio.test_tasks.CTaskSubclass_PyFuture_Tests) ... ok
test_wait_concurrent_complete (test.test_asyncio.test_tasks.CTaskSubclass_PyFuture_Tests) ... ok
test_wait_duplicate_coroutines (test.test_asyncio.test_tasks.CTaskSubclass_PyFuture_Tests) ... ok
test_wait_errors (test.test_asyncio.test_tasks.CTaskSubclass_PyFuture_Tests) ... ok
test_wait_first_completed (test.test_asyncio.test_tasks.CTaskSubclass_PyFuture_Tests) ... ok
test_wait_first_exception (test.test_asyncio.test_tasks.CTaskSubclass_PyFuture_Tests) ... ok
test_wait_first_exception_in_wait (test.test_asyncio.test_tasks.CTaskSubclass_PyFuture_Tests) ... ok
test_wait_for (test.test_asyncio.test_tasks.CTaskSubclass_PyFuture_Tests) ... ok
test_wait_for_blocking (test.test_asyncio.test_tasks.CTaskSubclass_PyFuture_Tests) ... ok
test_wait_for_cancellation_race_condition (test.test_asyncio.test_tasks.CTaskSubclass_PyFuture_Tests) ... ok
test_wait_for_race_condition (test.test_asyncio.test_tasks.CTaskSubclass_PyFuture_Tests) ... ok
test_wait_for_raises_timeout_error_if_returned_during_cancellation (test.test_asyncio.test_tasks.CTaskSubclass_PyFuture_Tests) ... ok
test_wait_for_reraises_exception_during_cancellation (test.test_asyncio.test_tasks.CTaskSubclass_PyFuture_Tests) ... ok
test_wait_for_self_cancellation (test.test_asyncio.test_tasks.CTaskSubclass_PyFuture_Tests) ... ok
test_wait_for_timeout_less_then_0_or_0 (test.test_asyncio.test_tasks.CTaskSubclass_PyFuture_Tests) ... ok
test_wait_for_timeout_less_then_0_or_0_coroutine_do_not_started (test.test_asyncio.test_tasks.CTaskSubclass_PyFuture_Tests) ... ok
test_wait_for_timeout_less_then_0_or_0_future_done (test.test_asyncio.test_tasks.CTaskSubclass_PyFuture_Tests) ... ok
test_wait_for_waits_for_task_cancellation (test.test_asyncio.test_tasks.CTaskSubclass_PyFuture_Tests) ... ok
test_wait_for_waits_for_task_cancellation_w_timeout_0 (test.test_asyncio.test_tasks.CTaskSubclass_PyFuture_Tests) ... ok
test_wait_for_with_global_loop (test.test_asyncio.test_tasks.CTaskSubclass_PyFuture_Tests) ... ok
test_wait_invalid_args (test.test_asyncio.test_tasks.CTaskSubclass_PyFuture_Tests) ... ok
test_wait_really_done (test.test_asyncio.test_tasks.CTaskSubclass_PyFuture_Tests) ... ok
test_wait_with_exception (test.test_asyncio.test_tasks.CTaskSubclass_PyFuture_Tests) ... ok
test_wait_with_global_loop (test.test_asyncio.test_tasks.CTaskSubclass_PyFuture_Tests) ... ok
test_wait_with_iterator_of_tasks (test.test_asyncio.test_tasks.CTaskSubclass_PyFuture_Tests) ... ok
test_wait_with_timeout (test.test_asyncio.test_tasks.CTaskSubclass_PyFuture_Tests) ... ok
test_yield_from_corowrapper (test.test_asyncio.test_tasks.CTaskSubclass_PyFuture_Tests) ... ok
test_yield_from_corowrapper_send (test.test_asyncio.test_tasks.CTaskSubclass_PyFuture_Tests) ... ok
test_yield_future_passes_cancel (test.test_asyncio.test_tasks.CTaskSubclass_PyFuture_Tests) ... ok
test_yield_vs_yield_from (test.test_asyncio.test_tasks.CTaskSubclass_PyFuture_Tests) ... ok
test_yield_vs_yield_from_generator (test.test_asyncio.test_tasks.CTaskSubclass_PyFuture_Tests) ... ok
test_yield_wait_does_not_shield_cancel (test.test_asyncio.test_tasks.CTaskSubclass_PyFuture_Tests) ... ok
test_as_completed (test.test_asyncio.test_tasks.CTask_CFuture_SubclassTests) ... ok
test_as_completed_concurrent (test.test_asyncio.test_tasks.CTask_CFuture_SubclassTests) ... ok
test_as_completed_duplicate_coroutines (test.test_asyncio.test_tasks.CTask_CFuture_SubclassTests) ... ok
test_as_completed_invalid_args (test.test_asyncio.test_tasks.CTask_CFuture_SubclassTests) ... ok
test_as_completed_reverse_wait (test.test_asyncio.test_tasks.CTask_CFuture_SubclassTests) ... ok
test_as_completed_with_timeout (test.test_asyncio.test_tasks.CTask_CFuture_SubclassTests) ... ok
test_as_completed_with_unused_timeout (test.test_asyncio.test_tasks.CTask_CFuture_SubclassTests) ... ok
test_bare_create_named_task (test.test_asyncio.test_tasks.CTask_CFuture_SubclassTests) ... ok
test_bare_create_task (test.test_asyncio.test_tasks.CTask_CFuture_SubclassTests) ... ok
test_baseexception_during_cancel (test.test_asyncio.test_tasks.CTask_CFuture_SubclassTests) ... ok
test_cancel (test.test_asyncio.test_tasks.CTask_CFuture_SubclassTests) ... ok
test_cancel_at_end (test.test_asyncio.test_tasks.CTask_CFuture_SubclassTests)
coroutine end right after task is cancelled ... ok
test_cancel_awaited_task (test.test_asyncio.test_tasks.CTask_CFuture_SubclassTests) ... ok
test_cancel_blocking_wait_for (test.test_asyncio.test_tasks.CTask_CFuture_SubclassTests) ... ok
test_cancel_both_task_and_inner_future (test.test_asyncio.test_tasks.CTask_CFuture_SubclassTests) ... ok
test_cancel_current_task (test.test_asyncio.test_tasks.CTask_CFuture_SubclassTests) ... ok
test_cancel_gather_1 (test.test_asyncio.test_tasks.CTask_CFuture_SubclassTests)
Ensure that a gathering future refuses to be cancelled once all ... ok
test_cancel_gather_2 (test.test_asyncio.test_tasks.CTask_CFuture_SubclassTests) ... ok
test_cancel_inner_future (test.test_asyncio.test_tasks.CTask_CFuture_SubclassTests) ... ok
test_cancel_task_catching (test.test_asyncio.test_tasks.CTask_CFuture_SubclassTests) ... ok
test_cancel_task_ignoring (test.test_asyncio.test_tasks.CTask_CFuture_SubclassTests) ... ok
test_cancel_traceback_for_future_exception (test.test_asyncio.test_tasks.CTask_CFuture_SubclassTests) ... ok
test_cancel_traceback_for_future_result (test.test_asyncio.test_tasks.CTask_CFuture_SubclassTests) ... ok
test_cancel_wait_for (test.test_asyncio.test_tasks.CTask_CFuture_SubclassTests) ... ok
test_cancel_with_message_before_starting_task (test.test_asyncio.test_tasks.CTask_CFuture_SubclassTests) ... ok
test_cancel_with_message_then_future_exception (test.test_asyncio.test_tasks.CTask_CFuture_SubclassTests) ... ok
test_cancel_with_message_then_future_result (test.test_asyncio.test_tasks.CTask_CFuture_SubclassTests) ... ok
test_cancel_yield (test.test_asyncio.test_tasks.CTask_CFuture_SubclassTests) ... ok
test_context_1 (test.test_asyncio.test_tasks.CTask_CFuture_SubclassTests) ... ok
test_context_2 (test.test_asyncio.test_tasks.CTask_CFuture_SubclassTests) ... ok
test_context_3 (test.test_asyncio.test_tasks.CTask_CFuture_SubclassTests) ... ok
test_coroutine_never_yielded (test.test_asyncio.test_tasks.CTask_CFuture_SubclassTests) ... ok
test_coroutine_non_gen_function (test.test_asyncio.test_tasks.CTask_CFuture_SubclassTests) ... ok
test_coroutine_non_gen_function_return_future (test.test_asyncio.test_tasks.CTask_CFuture_SubclassTests) ... ok
test_corowrapper_mocks_generator (test.test_asyncio.test_tasks.CTask_CFuture_SubclassTests) ... ok
test_corowrapper_throw (test.test_asyncio.test_tasks.CTask_CFuture_SubclassTests) ... ok
test_corowrapper_weakref (test.test_asyncio.test_tasks.CTask_CFuture_SubclassTests) ... ok
test_create_task_with_async_function (test.test_asyncio.test_tasks.CTask_CFuture_SubclassTests) ... ok
test_create_task_with_asynclike_function (test.test_asyncio.test_tasks.CTask_CFuture_SubclassTests) ... ok
test_create_task_with_noncoroutine (test.test_asyncio.test_tasks.CTask_CFuture_SubclassTests) ... ok
test_create_task_with_oldstyle_coroutine (test.test_asyncio.test_tasks.CTask_CFuture_SubclassTests) ... ok
test_current_task (test.test_asyncio.test_tasks.CTask_CFuture_SubclassTests) ... ok
test_current_task_with_interleaving_tasks (test.test_asyncio.test_tasks.CTask_CFuture_SubclassTests) ... ok
test_ensure_future_awaitable (test.test_asyncio.test_tasks.CTask_CFuture_SubclassTests) ... ok
test_ensure_future_coroutine (test.test_asyncio.test_tasks.CTask_CFuture_SubclassTests) ... ok
test_ensure_future_error_msg (test.test_asyncio.test_tasks.CTask_CFuture_SubclassTests) ... ok
test_ensure_future_future (test.test_asyncio.test_tasks.CTask_CFuture_SubclassTests) ... ok
test_ensure_future_neither (test.test_asyncio.test_tasks.CTask_CFuture_SubclassTests) ... ok
test_ensure_future_task (test.test_asyncio.test_tasks.CTask_CFuture_SubclassTests) ... ok
test_error_in_call_soon (test.test_asyncio.test_tasks.CTask_CFuture_SubclassTests) ... ok
test_exception_chaining_after_await (test.test_asyncio.test_tasks.CTask_CFuture_SubclassTests) ... ok
test_exception_chaining_after_await_with_context_cycle (test.test_asyncio.test_tasks.CTask_CFuture_SubclassTests) ... ok
test_exception_traceback (test.test_asyncio.test_tasks.CTask_CFuture_SubclassTests) ... ok
test_gather_shield (test.test_asyncio.test_tasks.CTask_CFuture_SubclassTests) ... ok
test_get_coro (test.test_asyncio.test_tasks.CTask_CFuture_SubclassTests) ... ok
test_get_stack (test.test_asyncio.test_tasks.CTask_CFuture_SubclassTests) ... ok
test_iscoroutinefunction (test.test_asyncio.test_tasks.CTask_CFuture_SubclassTests) ... ok
test_log_destroyed_pending_task (test.test_asyncio.test_tasks.CTask_CFuture_SubclassTests) ... ok
test_log_traceback (test.test_asyncio.test_tasks.CTask_CFuture_SubclassTests) ... ok
test_other_loop_future (test.test_asyncio.test_tasks.CTask_CFuture_SubclassTests) ... ok
test_return_coroutine_from_coroutine (test.test_asyncio.test_tasks.CTask_CFuture_SubclassTests)
Return of @asyncio.coroutine()-wrapped function generator object ... ok
test_shield_cancel_inner (test.test_asyncio.test_tasks.CTask_CFuture_SubclassTests) ... ok
test_shield_cancel_outer (test.test_asyncio.test_tasks.CTask_CFuture_SubclassTests) ... ok
test_shield_effect (test.test_asyncio.test_tasks.CTask_CFuture_SubclassTests) ... ok
test_shield_exception (test.test_asyncio.test_tasks.CTask_CFuture_SubclassTests) ... ok
test_shield_gather (test.test_asyncio.test_tasks.CTask_CFuture_SubclassTests) ... ok
test_shield_result (test.test_asyncio.test_tasks.CTask_CFuture_SubclassTests) ... ok
test_shield_shortcut (test.test_asyncio.test_tasks.CTask_CFuture_SubclassTests) ... ok
test_sleep (test.test_asyncio.test_tasks.CTask_CFuture_SubclassTests) ... ok
test_sleep_cancel (test.test_asyncio.test_tasks.CTask_CFuture_SubclassTests) ... ok
test_step_result (test.test_asyncio.test_tasks.CTask_CFuture_SubclassTests) ... ok
test_step_result_future (test.test_asyncio.test_tasks.CTask_CFuture_SubclassTests) ... ok
test_stop_while_run_in_complete (test.test_asyncio.test_tasks.CTask_CFuture_SubclassTests) ... ok
test_subclasses_ctask_cfuture (test.test_asyncio.test_tasks.CTask_CFuture_SubclassTests) ... ok
test_task_awaits_on_itself (test.test_asyncio.test_tasks.CTask_CFuture_SubclassTests) ... ok
test_task_basics (test.test_asyncio.test_tasks.CTask_CFuture_SubclassTests) ... ok
test_task_cancel_message_getter (test.test_asyncio.test_tasks.CTask_CFuture_SubclassTests) ... ok
test_task_cancel_message_setter (test.test_asyncio.test_tasks.CTask_CFuture_SubclassTests) ... ok
test_task_cancel_sleeping_task (test.test_asyncio.test_tasks.CTask_CFuture_SubclassTests) ... ok
test_task_cancel_waiter_future (test.test_asyncio.test_tasks.CTask_CFuture_SubclassTests) ... ok
test_task_class (test.test_asyncio.test_tasks.CTask_CFuture_SubclassTests) ... ok
test_task_del_collect (test.test_asyncio.test_tasks.CTask_CFuture_SubclassTests) ... ok
test_task_repr (test.test_asyncio.test_tasks.CTask_CFuture_SubclassTests) ... ok
test_task_repr_autogenerated (test.test_asyncio.test_tasks.CTask_CFuture_SubclassTests) ... ok
test_task_repr_coro_decorator (test.test_asyncio.test_tasks.CTask_CFuture_SubclassTests) ... ok
test_task_repr_name_not_str (test.test_asyncio.test_tasks.CTask_CFuture_SubclassTests) ... ok
test_task_repr_partial_corowrapper (test.test_asyncio.test_tasks.CTask_CFuture_SubclassTests) ... ok
test_task_repr_wait_for (test.test_asyncio.test_tasks.CTask_CFuture_SubclassTests) ... ok
test_task_set_methods (test.test_asyncio.test_tasks.CTask_CFuture_SubclassTests) ... ok
test_tb_logger_not_called_after_cancel (test.test_asyncio.test_tasks.CTask_CFuture_SubclassTests) ... ok
test_wait (test.test_asyncio.test_tasks.CTask_CFuture_SubclassTests) ... ok
test_wait_concurrent_complete (test.test_asyncio.test_tasks.CTask_CFuture_SubclassTests) ... ok
test_wait_duplicate_coroutines (test.test_asyncio.test_tasks.CTask_CFuture_SubclassTests) ... ok
test_wait_errors (test.test_asyncio.test_tasks.CTask_CFuture_SubclassTests) ... ok
test_wait_first_completed (test.test_asyncio.test_tasks.CTask_CFuture_SubclassTests) ... ok
test_wait_first_exception (test.test_asyncio.test_tasks.CTask_CFuture_SubclassTests) ... ok
test_wait_first_exception_in_wait (test.test_asyncio.test_tasks.CTask_CFuture_SubclassTests) ... ok
test_wait_for (test.test_asyncio.test_tasks.CTask_CFuture_SubclassTests) ... ok
test_wait_for_blocking (test.test_asyncio.test_tasks.CTask_CFuture_SubclassTests) ... ok
test_wait_for_cancellation_race_condition (test.test_asyncio.test_tasks.CTask_CFuture_SubclassTests) ... ok
test_wait_for_race_condition (test.test_asyncio.test_tasks.CTask_CFuture_SubclassTests) ... ok
test_wait_for_raises_timeout_error_if_returned_during_cancellation (test.test_asyncio.test_tasks.CTask_CFuture_SubclassTests) ... ok
test_wait_for_reraises_exception_during_cancellation (test.test_asyncio.test_tasks.CTask_CFuture_SubclassTests) ... ok
test_wait_for_self_cancellation (test.test_asyncio.test_tasks.CTask_CFuture_SubclassTests) ... ok
test_wait_for_timeout_less_then_0_or_0 (test.test_asyncio.test_tasks.CTask_CFuture_SubclassTests) ... ok
test_wait_for_timeout_less_then_0_or_0_coroutine_do_not_started (test.test_asyncio.test_tasks.CTask_CFuture_SubclassTests) ... ok
test_wait_for_timeout_less_then_0_or_0_future_done (test.test_asyncio.test_tasks.CTask_CFuture_SubclassTests) ... ok
test_wait_for_waits_for_task_cancellation (test.test_asyncio.test_tasks.CTask_CFuture_SubclassTests) ... ok
test_wait_for_waits_for_task_cancellation_w_timeout_0 (test.test_asyncio.test_tasks.CTask_CFuture_SubclassTests) ... ok
test_wait_for_with_global_loop (test.test_asyncio.test_tasks.CTask_CFuture_SubclassTests) ... ok
test_wait_invalid_args (test.test_asyncio.test_tasks.CTask_CFuture_SubclassTests) ... ok
test_wait_really_done (test.test_asyncio.test_tasks.CTask_CFuture_SubclassTests) ... ok
test_wait_with_exception (test.test_asyncio.test_tasks.CTask_CFuture_SubclassTests) ... ok
test_wait_with_global_loop (test.test_asyncio.test_tasks.CTask_CFuture_SubclassTests) ... ok
test_wait_with_iterator_of_tasks (test.test_asyncio.test_tasks.CTask_CFuture_SubclassTests) ... ok
test_wait_with_timeout (test.test_asyncio.test_tasks.CTask_CFuture_SubclassTests) ... ok
test_yield_from_corowrapper (test.test_asyncio.test_tasks.CTask_CFuture_SubclassTests) ... ok
test_yield_from_corowrapper_send (test.test_asyncio.test_tasks.CTask_CFuture_SubclassTests) ... ok
test_yield_future_passes_cancel (test.test_asyncio.test_tasks.CTask_CFuture_SubclassTests) ... ok
test_yield_vs_yield_from (test.test_asyncio.test_tasks.CTask_CFuture_SubclassTests) ... ok
test_yield_vs_yield_from_generator (test.test_asyncio.test_tasks.CTask_CFuture_SubclassTests) ... ok
test_yield_wait_does_not_shield_cancel (test.test_asyncio.test_tasks.CTask_CFuture_SubclassTests) ... ok
test_as_completed (test.test_asyncio.test_tasks.CTask_CFuture_Tests) ... ok
test_as_completed_concurrent (test.test_asyncio.test_tasks.CTask_CFuture_Tests) ... ok
test_as_completed_duplicate_coroutines (test.test_asyncio.test_tasks.CTask_CFuture_Tests) ... ok
test_as_completed_invalid_args (test.test_asyncio.test_tasks.CTask_CFuture_Tests) ... ok
test_as_completed_reverse_wait (test.test_asyncio.test_tasks.CTask_CFuture_Tests) ... ok
test_as_completed_with_timeout (test.test_asyncio.test_tasks.CTask_CFuture_Tests) ... ok
test_as_completed_with_unused_timeout (test.test_asyncio.test_tasks.CTask_CFuture_Tests) ... ok
test_bare_create_named_task (test.test_asyncio.test_tasks.CTask_CFuture_Tests) ... ok
test_bare_create_task (test.test_asyncio.test_tasks.CTask_CFuture_Tests) ... ok
test_baseexception_during_cancel (test.test_asyncio.test_tasks.CTask_CFuture_Tests) ... ok
test_cancel (test.test_asyncio.test_tasks.CTask_CFuture_Tests) ... ok
test_cancel_at_end (test.test_asyncio.test_tasks.CTask_CFuture_Tests)
coroutine end right after task is cancelled ... ok
test_cancel_awaited_task (test.test_asyncio.test_tasks.CTask_CFuture_Tests) ... ok
test_cancel_blocking_wait_for (test.test_asyncio.test_tasks.CTask_CFuture_Tests) ... ok
test_cancel_both_task_and_inner_future (test.test_asyncio.test_tasks.CTask_CFuture_Tests) ... ok
test_cancel_current_task (test.test_asyncio.test_tasks.CTask_CFuture_Tests) ... ok
test_cancel_gather_1 (test.test_asyncio.test_tasks.CTask_CFuture_Tests)
Ensure that a gathering future refuses to be cancelled once all ... ok
test_cancel_gather_2 (test.test_asyncio.test_tasks.CTask_CFuture_Tests) ... ok
test_cancel_inner_future (test.test_asyncio.test_tasks.CTask_CFuture_Tests) ... ok
test_cancel_task_catching (test.test_asyncio.test_tasks.CTask_CFuture_Tests) ... ok
test_cancel_task_ignoring (test.test_asyncio.test_tasks.CTask_CFuture_Tests) ... ok
test_cancel_traceback_for_future_exception (test.test_asyncio.test_tasks.CTask_CFuture_Tests) ... ok
test_cancel_traceback_for_future_result (test.test_asyncio.test_tasks.CTask_CFuture_Tests) ... ok
test_cancel_wait_for (test.test_asyncio.test_tasks.CTask_CFuture_Tests) ... ok
test_cancel_with_message_before_starting_task (test.test_asyncio.test_tasks.CTask_CFuture_Tests) ... ok
test_cancel_with_message_then_future_exception (test.test_asyncio.test_tasks.CTask_CFuture_Tests) ... ok
test_cancel_with_message_then_future_result (test.test_asyncio.test_tasks.CTask_CFuture_Tests) ... ok
test_cancel_yield (test.test_asyncio.test_tasks.CTask_CFuture_Tests) ... ok
test_context_1 (test.test_asyncio.test_tasks.CTask_CFuture_Tests) ... ok
test_context_2 (test.test_asyncio.test_tasks.CTask_CFuture_Tests) ... ok
test_context_3 (test.test_asyncio.test_tasks.CTask_CFuture_Tests) ... ok
test_coroutine_never_yielded (test.test_asyncio.test_tasks.CTask_CFuture_Tests) ... ok
test_coroutine_non_gen_function (test.test_asyncio.test_tasks.CTask_CFuture_Tests) ... ok
test_coroutine_non_gen_function_return_future (test.test_asyncio.test_tasks.CTask_CFuture_Tests) ... ok
test_corowrapper_mocks_generator (test.test_asyncio.test_tasks.CTask_CFuture_Tests) ... ok
test_corowrapper_throw (test.test_asyncio.test_tasks.CTask_CFuture_Tests) ... ok
test_corowrapper_weakref (test.test_asyncio.test_tasks.CTask_CFuture_Tests) ... ok
test_create_task_with_async_function (test.test_asyncio.test_tasks.CTask_CFuture_Tests) ... ok
test_create_task_with_asynclike_function (test.test_asyncio.test_tasks.CTask_CFuture_Tests) ... ok
test_create_task_with_noncoroutine (test.test_asyncio.test_tasks.CTask_CFuture_Tests) ... ok
test_create_task_with_oldstyle_coroutine (test.test_asyncio.test_tasks.CTask_CFuture_Tests) ... ok
test_current_task (test.test_asyncio.test_tasks.CTask_CFuture_Tests) ... ok
test_current_task_with_interleaving_tasks (test.test_asyncio.test_tasks.CTask_CFuture_Tests) ... ok
test_del__log_destroy_pending_segfault (test.test_asyncio.test_tasks.CTask_CFuture_Tests) ... ok
test_ensure_future_awaitable (test.test_asyncio.test_tasks.CTask_CFuture_Tests) ... ok
test_ensure_future_coroutine (test.test_asyncio.test_tasks.CTask_CFuture_Tests) ... ok
test_ensure_future_error_msg (test.test_asyncio.test_tasks.CTask_CFuture_Tests) ... ok
test_ensure_future_future (test.test_asyncio.test_tasks.CTask_CFuture_Tests) ... ok
test_ensure_future_neither (test.test_asyncio.test_tasks.CTask_CFuture_Tests) ... ok
test_ensure_future_task (test.test_asyncio.test_tasks.CTask_CFuture_Tests) ... ok
test_error_in_call_soon (test.test_asyncio.test_tasks.CTask_CFuture_Tests) ... ok
test_exception_chaining_after_await (test.test_asyncio.test_tasks.CTask_CFuture_Tests) ... ok
test_exception_chaining_after_await_with_context_cycle (test.test_asyncio.test_tasks.CTask_CFuture_Tests) ... ok
test_exception_traceback (test.test_asyncio.test_tasks.CTask_CFuture_Tests) ... ok
test_gather_shield (test.test_asyncio.test_tasks.CTask_CFuture_Tests) ... ok
test_get_coro (test.test_asyncio.test_tasks.CTask_CFuture_Tests) ... ok
test_get_stack (test.test_asyncio.test_tasks.CTask_CFuture_Tests) ... ok
test_iscoroutinefunction (test.test_asyncio.test_tasks.CTask_CFuture_Tests) ... ok
test_log_destroyed_pending_task (test.test_asyncio.test_tasks.CTask_CFuture_Tests) ... ok
test_log_traceback (test.test_asyncio.test_tasks.CTask_CFuture_Tests) ... ok
test_other_loop_future (test.test_asyncio.test_tasks.CTask_CFuture_Tests) ... ok
test_refleaks_in_task___init__ (test.test_asyncio.test_tasks.CTask_CFuture_Tests) ... skipped "object <module 'sys' (built-in)> has no attribute 'gettotalrefcount'"
test_return_coroutine_from_coroutine (test.test_asyncio.test_tasks.CTask_CFuture_Tests)
Return of @asyncio.coroutine()-wrapped function generator object ... ok
test_set_exception_causes_invalid_state (test.test_asyncio.test_tasks.CTask_CFuture_Tests) ... ok
test_set_result_causes_invalid_state (test.test_asyncio.test_tasks.CTask_CFuture_Tests) ... ok
test_shield_cancel_inner (test.test_asyncio.test_tasks.CTask_CFuture_Tests) ... ok
test_shield_cancel_outer (test.test_asyncio.test_tasks.CTask_CFuture_Tests) ... ok
test_shield_effect (test.test_asyncio.test_tasks.CTask_CFuture_Tests) ... ok
test_shield_exception (test.test_asyncio.test_tasks.CTask_CFuture_Tests) ... ok
test_shield_gather (test.test_asyncio.test_tasks.CTask_CFuture_Tests) ... ok
test_shield_result (test.test_asyncio.test_tasks.CTask_CFuture_Tests) ... ok
test_shield_shortcut (test.test_asyncio.test_tasks.CTask_CFuture_Tests) ... ok
test_sleep (test.test_asyncio.test_tasks.CTask_CFuture_Tests) ... ok
test_sleep_cancel (test.test_asyncio.test_tasks.CTask_CFuture_Tests) ... ok
test_step_result (test.test_asyncio.test_tasks.CTask_CFuture_Tests) ... ok
test_step_result_future (test.test_asyncio.test_tasks.CTask_CFuture_Tests) ... ok
test_stop_while_run_in_complete (test.test_asyncio.test_tasks.CTask_CFuture_Tests) ... ok
test_task_awaits_on_itself (test.test_asyncio.test_tasks.CTask_CFuture_Tests) ... ok
test_task_basics (test.test_asyncio.test_tasks.CTask_CFuture_Tests) ... ok
test_task_cancel_message_getter (test.test_asyncio.test_tasks.CTask_CFuture_Tests) ... ok
test_task_cancel_message_setter (test.test_asyncio.test_tasks.CTask_CFuture_Tests) ... ok
test_task_cancel_sleeping_task (test.test_asyncio.test_tasks.CTask_CFuture_Tests) ... ok
test_task_cancel_waiter_future (test.test_asyncio.test_tasks.CTask_CFuture_Tests) ... ok
test_task_class (test.test_asyncio.test_tasks.CTask_CFuture_Tests) ... ok
test_task_del_collect (test.test_asyncio.test_tasks.CTask_CFuture_Tests) ... ok
test_task_repr (test.test_asyncio.test_tasks.CTask_CFuture_Tests) ... ok
test_task_repr_autogenerated (test.test_asyncio.test_tasks.CTask_CFuture_Tests) ... ok
test_task_repr_coro_decorator (test.test_asyncio.test_tasks.CTask_CFuture_Tests) ... ok
test_task_repr_name_not_str (test.test_asyncio.test_tasks.CTask_CFuture_Tests) ... ok
test_task_repr_partial_corowrapper (test.test_asyncio.test_tasks.CTask_CFuture_Tests) ... ok
test_task_repr_wait_for (test.test_asyncio.test_tasks.CTask_CFuture_Tests) ... ok
test_task_set_methods (test.test_asyncio.test_tasks.CTask_CFuture_Tests) ... ok
test_task_source_traceback (test.test_asyncio.test_tasks.CTask_CFuture_Tests) ... ok
test_tb_logger_not_called_after_cancel (test.test_asyncio.test_tasks.CTask_CFuture_Tests) ... ok
test_wait (test.test_asyncio.test_tasks.CTask_CFuture_Tests) ... ok
test_wait_concurrent_complete (test.test_asyncio.test_tasks.CTask_CFuture_Tests) ... ok
test_wait_duplicate_coroutines (test.test_asyncio.test_tasks.CTask_CFuture_Tests) ... ok
test_wait_errors (test.test_asyncio.test_tasks.CTask_CFuture_Tests) ... ok
test_wait_first_completed (test.test_asyncio.test_tasks.CTask_CFuture_Tests) ... ok
test_wait_first_exception (test.test_asyncio.test_tasks.CTask_CFuture_Tests) ... ok
test_wait_first_exception_in_wait (test.test_asyncio.test_tasks.CTask_CFuture_Tests) ... ok
test_wait_for (test.test_asyncio.test_tasks.CTask_CFuture_Tests) ... ok
test_wait_for_blocking (test.test_asyncio.test_tasks.CTask_CFuture_Tests) ... ok
test_wait_for_cancellation_race_condition (test.test_asyncio.test_tasks.CTask_CFuture_Tests) ... ok
test_wait_for_race_condition (test.test_asyncio.test_tasks.CTask_CFuture_Tests) ... ok
test_wait_for_raises_timeout_error_if_returned_during_cancellation (test.test_asyncio.test_tasks.CTask_CFuture_Tests) ... ok
test_wait_for_reraises_exception_during_cancellation (test.test_asyncio.test_tasks.CTask_CFuture_Tests) ... ok
test_wait_for_self_cancellation (test.test_asyncio.test_tasks.CTask_CFuture_Tests) ... ok
test_wait_for_timeout_less_then_0_or_0 (test.test_asyncio.test_tasks.CTask_CFuture_Tests) ... ok
test_wait_for_timeout_less_then_0_or_0_coroutine_do_not_started (test.test_asyncio.test_tasks.CTask_CFuture_Tests) ... ok
test_wait_for_timeout_less_then_0_or_0_future_done (test.test_asyncio.test_tasks.CTask_CFuture_Tests) ... ok
test_wait_for_waits_for_task_cancellation (test.test_asyncio.test_tasks.CTask_CFuture_Tests) ... ok
test_wait_for_waits_for_task_cancellation_w_timeout_0 (test.test_asyncio.test_tasks.CTask_CFuture_Tests) ... ok
test_wait_for_with_global_loop (test.test_asyncio.test_tasks.CTask_CFuture_Tests) ... ok
test_wait_invalid_args (test.test_asyncio.test_tasks.CTask_CFuture_Tests) ... ok
test_wait_really_done (test.test_asyncio.test_tasks.CTask_CFuture_Tests) ... ok
test_wait_with_exception (test.test_asyncio.test_tasks.CTask_CFuture_Tests) ... ok
test_wait_with_global_loop (test.test_asyncio.test_tasks.CTask_CFuture_Tests) ... ok
test_wait_with_iterator_of_tasks (test.test_asyncio.test_tasks.CTask_CFuture_Tests) ... ok
test_wait_with_timeout (test.test_asyncio.test_tasks.CTask_CFuture_Tests) ... ok
test_yield_from_corowrapper (test.test_asyncio.test_tasks.CTask_CFuture_Tests) ... ok
test_yield_from_corowrapper_send (test.test_asyncio.test_tasks.CTask_CFuture_Tests) ... ok
test_yield_future_passes_cancel (test.test_asyncio.test_tasks.CTask_CFuture_Tests) ... ok
test_yield_vs_yield_from (test.test_asyncio.test_tasks.CTask_CFuture_Tests) ... ok
test_yield_vs_yield_from_generator (test.test_asyncio.test_tasks.CTask_CFuture_Tests) ... ok
test_yield_wait_does_not_shield_cancel (test.test_asyncio.test_tasks.CTask_CFuture_Tests) ... ok
test_foobar (test.test_asyncio.test_tasks.CTask_Future_Tests) ... ok
test_as_completed (test.test_asyncio.test_tasks.CTask_PyFuture_Tests) ... ok
test_as_completed_concurrent (test.test_asyncio.test_tasks.CTask_PyFuture_Tests) ... ok
test_as_completed_duplicate_coroutines (test.test_asyncio.test_tasks.CTask_PyFuture_Tests) ... ok
test_as_completed_invalid_args (test.test_asyncio.test_tasks.CTask_PyFuture_Tests) ... ok
test_as_completed_reverse_wait (test.test_asyncio.test_tasks.CTask_PyFuture_Tests) ... ok
test_as_completed_with_timeout (test.test_asyncio.test_tasks.CTask_PyFuture_Tests) ... ok
test_as_completed_with_unused_timeout (test.test_asyncio.test_tasks.CTask_PyFuture_Tests) ... ok
test_bare_create_named_task (test.test_asyncio.test_tasks.CTask_PyFuture_Tests) ... ok
test_bare_create_task (test.test_asyncio.test_tasks.CTask_PyFuture_Tests) ... ok
test_baseexception_during_cancel (test.test_asyncio.test_tasks.CTask_PyFuture_Tests) ... ok
test_cancel (test.test_asyncio.test_tasks.CTask_PyFuture_Tests) ... ok
test_cancel_at_end (test.test_asyncio.test_tasks.CTask_PyFuture_Tests)
coroutine end right after task is cancelled ... ok
test_cancel_awaited_task (test.test_asyncio.test_tasks.CTask_PyFuture_Tests) ... ok
test_cancel_blocking_wait_for (test.test_asyncio.test_tasks.CTask_PyFuture_Tests) ... ok
test_cancel_both_task_and_inner_future (test.test_asyncio.test_tasks.CTask_PyFuture_Tests) ... ok
test_cancel_current_task (test.test_asyncio.test_tasks.CTask_PyFuture_Tests) ... ok
test_cancel_gather_1 (test.test_asyncio.test_tasks.CTask_PyFuture_Tests)
Ensure that a gathering future refuses to be cancelled once all ... ok
test_cancel_gather_2 (test.test_asyncio.test_tasks.CTask_PyFuture_Tests) ... ok
test_cancel_inner_future (test.test_asyncio.test_tasks.CTask_PyFuture_Tests) ... ok
test_cancel_task_catching (test.test_asyncio.test_tasks.CTask_PyFuture_Tests) ... ok
test_cancel_task_ignoring (test.test_asyncio.test_tasks.CTask_PyFuture_Tests) ... ok
test_cancel_traceback_for_future_exception (test.test_asyncio.test_tasks.CTask_PyFuture_Tests) ... ok
test_cancel_traceback_for_future_result (test.test_asyncio.test_tasks.CTask_PyFuture_Tests) ... ok
test_cancel_wait_for (test.test_asyncio.test_tasks.CTask_PyFuture_Tests) ... ok
test_cancel_with_message_before_starting_task (test.test_asyncio.test_tasks.CTask_PyFuture_Tests) ... ok
test_cancel_with_message_then_future_exception (test.test_asyncio.test_tasks.CTask_PyFuture_Tests) ... ok
test_cancel_with_message_then_future_result (test.test_asyncio.test_tasks.CTask_PyFuture_Tests) ... ok
test_cancel_yield (test.test_asyncio.test_tasks.CTask_PyFuture_Tests) ... ok
test_context_1 (test.test_asyncio.test_tasks.CTask_PyFuture_Tests) ... ok
test_context_2 (test.test_asyncio.test_tasks.CTask_PyFuture_Tests) ... ok
test_context_3 (test.test_asyncio.test_tasks.CTask_PyFuture_Tests) ... ok
test_coroutine_never_yielded (test.test_asyncio.test_tasks.CTask_PyFuture_Tests) ... ok
test_coroutine_non_gen_function (test.test_asyncio.test_tasks.CTask_PyFuture_Tests) ... ok
test_coroutine_non_gen_function_return_future (test.test_asyncio.test_tasks.CTask_PyFuture_Tests) ... ok
test_corowrapper_mocks_generator (test.test_asyncio.test_tasks.CTask_PyFuture_Tests) ... ok
test_corowrapper_throw (test.test_asyncio.test_tasks.CTask_PyFuture_Tests) ... ok
test_corowrapper_weakref (test.test_asyncio.test_tasks.CTask_PyFuture_Tests) ... ok
test_create_task_with_async_function (test.test_asyncio.test_tasks.CTask_PyFuture_Tests) ... ok
test_create_task_with_asynclike_function (test.test_asyncio.test_tasks.CTask_PyFuture_Tests) ... ok
test_create_task_with_noncoroutine (test.test_asyncio.test_tasks.CTask_PyFuture_Tests) ... ok
test_create_task_with_oldstyle_coroutine (test.test_asyncio.test_tasks.CTask_PyFuture_Tests) ... ok
test_current_task (test.test_asyncio.test_tasks.CTask_PyFuture_Tests) ... ok
test_current_task_with_interleaving_tasks (test.test_asyncio.test_tasks.CTask_PyFuture_Tests) ... ok
test_ensure_future_awaitable (test.test_asyncio.test_tasks.CTask_PyFuture_Tests) ... ok
test_ensure_future_coroutine (test.test_asyncio.test_tasks.CTask_PyFuture_Tests) ... ok
test_ensure_future_error_msg (test.test_asyncio.test_tasks.CTask_PyFuture_Tests) ... ok
test_ensure_future_future (test.test_asyncio.test_tasks.CTask_PyFuture_Tests) ... ok
test_ensure_future_neither (test.test_asyncio.test_tasks.CTask_PyFuture_Tests) ... ok
test_ensure_future_task (test.test_asyncio.test_tasks.CTask_PyFuture_Tests) ... ok
test_error_in_call_soon (test.test_asyncio.test_tasks.CTask_PyFuture_Tests) ... ok
test_exception_chaining_after_await (test.test_asyncio.test_tasks.CTask_PyFuture_Tests) ... ok
test_exception_chaining_after_await_with_context_cycle (test.test_asyncio.test_tasks.CTask_PyFuture_Tests) ... ok
test_exception_traceback (test.test_asyncio.test_tasks.CTask_PyFuture_Tests) ... ok
test_gather_shield (test.test_asyncio.test_tasks.CTask_PyFuture_Tests) ... ok
test_get_coro (test.test_asyncio.test_tasks.CTask_PyFuture_Tests) ... ok
test_get_stack (test.test_asyncio.test_tasks.CTask_PyFuture_Tests) ... ok
test_iscoroutinefunction (test.test_asyncio.test_tasks.CTask_PyFuture_Tests) ... ok
test_log_destroyed_pending_task (test.test_asyncio.test_tasks.CTask_PyFuture_Tests) ... ok
test_log_traceback (test.test_asyncio.test_tasks.CTask_PyFuture_Tests) ... ok
test_other_loop_future (test.test_asyncio.test_tasks.CTask_PyFuture_Tests) ... ok
test_return_coroutine_from_coroutine (test.test_asyncio.test_tasks.CTask_PyFuture_Tests)
Return of @asyncio.coroutine()-wrapped function generator object ... ok
test_shield_cancel_inner (test.test_asyncio.test_tasks.CTask_PyFuture_Tests) ... ok
test_shield_cancel_outer (test.test_asyncio.test_tasks.CTask_PyFuture_Tests) ... ok
test_shield_effect (test.test_asyncio.test_tasks.CTask_PyFuture_Tests) ... ok
test_shield_exception (test.test_asyncio.test_tasks.CTask_PyFuture_Tests) ... ok
test_shield_gather (test.test_asyncio.test_tasks.CTask_PyFuture_Tests) ... ok
test_shield_result (test.test_asyncio.test_tasks.CTask_PyFuture_Tests) ... ok
test_shield_shortcut (test.test_asyncio.test_tasks.CTask_PyFuture_Tests) ... ok
test_sleep (test.test_asyncio.test_tasks.CTask_PyFuture_Tests) ... ok
test_sleep_cancel (test.test_asyncio.test_tasks.CTask_PyFuture_Tests) ... ok
test_step_result (test.test_asyncio.test_tasks.CTask_PyFuture_Tests) ... ok
test_step_result_future (test.test_asyncio.test_tasks.CTask_PyFuture_Tests) ... ok
test_stop_while_run_in_complete (test.test_asyncio.test_tasks.CTask_PyFuture_Tests) ... ok
test_task_awaits_on_itself (test.test_asyncio.test_tasks.CTask_PyFuture_Tests) ... ok
test_task_basics (test.test_asyncio.test_tasks.CTask_PyFuture_Tests) ... ok
test_task_cancel_message_getter (test.test_asyncio.test_tasks.CTask_PyFuture_Tests) ... ok
test_task_cancel_message_setter (test.test_asyncio.test_tasks.CTask_PyFuture_Tests) ... ok
test_task_cancel_sleeping_task (test.test_asyncio.test_tasks.CTask_PyFuture_Tests) ... ok
test_task_cancel_waiter_future (test.test_asyncio.test_tasks.CTask_PyFuture_Tests) ... ok
test_task_class (test.test_asyncio.test_tasks.CTask_PyFuture_Tests) ... ok
test_task_del_collect (test.test_asyncio.test_tasks.CTask_PyFuture_Tests) ... ok
test_task_repr (test.test_asyncio.test_tasks.CTask_PyFuture_Tests) ... ok
test_task_repr_autogenerated (test.test_asyncio.test_tasks.CTask_PyFuture_Tests) ... ok
test_task_repr_coro_decorator (test.test_asyncio.test_tasks.CTask_PyFuture_Tests) ... ok
test_task_repr_name_not_str (test.test_asyncio.test_tasks.CTask_PyFuture_Tests) ... ok
test_task_repr_partial_corowrapper (test.test_asyncio.test_tasks.CTask_PyFuture_Tests) ... ok
test_task_repr_wait_for (test.test_asyncio.test_tasks.CTask_PyFuture_Tests) ... ok
test_task_set_methods (test.test_asyncio.test_tasks.CTask_PyFuture_Tests) ... ok
test_task_source_traceback (test.test_asyncio.test_tasks.CTask_PyFuture_Tests) ... ok
test_tb_logger_not_called_after_cancel (test.test_asyncio.test_tasks.CTask_PyFuture_Tests) ... ok
test_wait (test.test_asyncio.test_tasks.CTask_PyFuture_Tests) ... ok
test_wait_concurrent_complete (test.test_asyncio.test_tasks.CTask_PyFuture_Tests) ... ok
test_wait_duplicate_coroutines (test.test_asyncio.test_tasks.CTask_PyFuture_Tests) ... ok
test_wait_errors (test.test_asyncio.test_tasks.CTask_PyFuture_Tests) ... ok
test_wait_first_completed (test.test_asyncio.test_tasks.CTask_PyFuture_Tests) ... ok
test_wait_first_exception (test.test_asyncio.test_tasks.CTask_PyFuture_Tests) ... ok
test_wait_first_exception_in_wait (test.test_asyncio.test_tasks.CTask_PyFuture_Tests) ... ok
test_wait_for (test.test_asyncio.test_tasks.CTask_PyFuture_Tests) ... ok
test_wait_for_blocking (test.test_asyncio.test_tasks.CTask_PyFuture_Tests) ... ok
test_wait_for_cancellation_race_condition (test.test_asyncio.test_tasks.CTask_PyFuture_Tests) ... ok
test_wait_for_race_condition (test.test_asyncio.test_tasks.CTask_PyFuture_Tests) ... ok
test_wait_for_raises_timeout_error_if_returned_during_cancellation (test.test_asyncio.test_tasks.CTask_PyFuture_Tests) ... ok
test_wait_for_reraises_exception_during_cancellation (test.test_asyncio.test_tasks.CTask_PyFuture_Tests) ... ok
test_wait_for_self_cancellation (test.test_asyncio.test_tasks.CTask_PyFuture_Tests) ... ok
test_wait_for_timeout_less_then_0_or_0 (test.test_asyncio.test_tasks.CTask_PyFuture_Tests) ... ok
test_wait_for_timeout_less_then_0_or_0_coroutine_do_not_started (test.test_asyncio.test_tasks.CTask_PyFuture_Tests) ... ok
test_wait_for_timeout_less_then_0_or_0_future_done (test.test_asyncio.test_tasks.CTask_PyFuture_Tests) ... ok
test_wait_for_waits_for_task_cancellation (test.test_asyncio.test_tasks.CTask_PyFuture_Tests) ... ok
test_wait_for_waits_for_task_cancellation_w_timeout_0 (test.test_asyncio.test_tasks.CTask_PyFuture_Tests) ... ok
test_wait_for_with_global_loop (test.test_asyncio.test_tasks.CTask_PyFuture_Tests) ... ok
test_wait_invalid_args (test.test_asyncio.test_tasks.CTask_PyFuture_Tests) ... ok
test_wait_really_done (test.test_asyncio.test_tasks.CTask_PyFuture_Tests) ... ok
test_wait_with_exception (test.test_asyncio.test_tasks.CTask_PyFuture_Tests) ... ok
test_wait_with_global_loop (test.test_asyncio.test_tasks.CTask_PyFuture_Tests) ... ok
test_wait_with_iterator_of_tasks (test.test_asyncio.test_tasks.CTask_PyFuture_Tests) ... ok
test_wait_with_timeout (test.test_asyncio.test_tasks.CTask_PyFuture_Tests) ... ok
test_yield_from_corowrapper (test.test_asyncio.test_tasks.CTask_PyFuture_Tests) ... ok
test_yield_from_corowrapper_send (test.test_asyncio.test_tasks.CTask_PyFuture_Tests) ... ok
test_yield_future_passes_cancel (test.test_asyncio.test_tasks.CTask_PyFuture_Tests) ... ok
test_yield_vs_yield_from (test.test_asyncio.test_tasks.CTask_PyFuture_Tests) ... ok
test_yield_vs_yield_from_generator (test.test_asyncio.test_tasks.CTask_PyFuture_Tests) ... ok
test_yield_wait_does_not_shield_cancel (test.test_asyncio.test_tasks.CTask_PyFuture_Tests) ... ok
test_await_old_style_coro (test.test_asyncio.test_tasks.CompatibilityTests) ... ok
test_debug_mode_interop (test.test_asyncio.test_tasks.CompatibilityTests) ... ok
test_yield_from_awaitable (test.test_asyncio.test_tasks.CompatibilityTests) ... ok
test_cancellation_broadcast (test.test_asyncio.test_tasks.CoroutineGatherTests) ... ok
test_constructor_loop_selection (test.test_asyncio.test_tasks.CoroutineGatherTests) ... ok
test_duplicate_coroutines (test.test_asyncio.test_tasks.CoroutineGatherTests) ... ok
test_env_var_debug (test.test_asyncio.test_tasks.CoroutineGatherTests) ... ok
test_exception_marking (test.test_asyncio.test_tasks.CoroutineGatherTests) ... ok
test_one_exception (test.test_asyncio.test_tasks.CoroutineGatherTests) ... ok
test_result_exception_success (test.test_asyncio.test_tasks.CoroutineGatherTests) ... ok
test_return_exceptions (test.test_asyncio.test_tasks.CoroutineGatherTests) ... ok
test_success (test.test_asyncio.test_tasks.CoroutineGatherTests) ... ok
test_constructor_empty_sequence (test.test_asyncio.test_tasks.FutureGatherTests) ... ok
test_constructor_heterogenous_futures (test.test_asyncio.test_tasks.FutureGatherTests) ... ok
test_constructor_homogenous_futures (test.test_asyncio.test_tasks.FutureGatherTests) ... ok
test_env_var_debug (test.test_asyncio.test_tasks.FutureGatherTests) ... ok
test_one_cancellation (test.test_asyncio.test_tasks.FutureGatherTests) ... ok
test_one_exception (test.test_asyncio.test_tasks.FutureGatherTests) ... ok
test_result_exception_one_cancellation (test.test_asyncio.test_tasks.FutureGatherTests) ... ok
test_result_exception_success (test.test_asyncio.test_tasks.FutureGatherTests) ... ok
test_return_exceptions (test.test_asyncio.test_tasks.FutureGatherTests) ... ok
test_success (test.test_asyncio.test_tasks.FutureGatherTests) ... ok
test_asyncio_module_compiled (test.test_asyncio.test_tasks.GenericTaskTests) ... ok
test_future_subclass (test.test_asyncio.test_tasks.GenericTaskTests) ... ok
test_current_task_no_running_loop (test.test_asyncio.test_tasks.PyCurrentLoopTests) ... ok
test_current_task_no_running_loop_implicit (test.test_asyncio.test_tasks.PyCurrentLoopTests) ... ok
test_current_task_with_implicit_loop (test.test_asyncio.test_tasks.PyCurrentLoopTests) ... ok
test__enter_task (test.test_asyncio.test_tasks.PyIntrospectionTests) ... ok
test__enter_task_failure (test.test_asyncio.test_tasks.PyIntrospectionTests) ... ok
test__leave_task (test.test_asyncio.test_tasks.PyIntrospectionTests) ... ok
test__leave_task_failure1 (test.test_asyncio.test_tasks.PyIntrospectionTests) ... ok
test__leave_task_failure2 (test.test_asyncio.test_tasks.PyIntrospectionTests) ... ok
test__register_task_1 (test.test_asyncio.test_tasks.PyIntrospectionTests) ... ok
test__register_task_2 (test.test_asyncio.test_tasks.PyIntrospectionTests) ... ok
test__register_task_3 (test.test_asyncio.test_tasks.PyIntrospectionTests) ... ok
test__unregister_task (test.test_asyncio.test_tasks.PyIntrospectionTests) ... ok
test__unregister_task_not_registered (test.test_asyncio.test_tasks.PyIntrospectionTests) ... ok
test_as_completed (test.test_asyncio.test_tasks.PyTask_CFutureSubclass_Tests) ... ok
test_as_completed_concurrent (test.test_asyncio.test_tasks.PyTask_CFutureSubclass_Tests) ... ok
test_as_completed_duplicate_coroutines (test.test_asyncio.test_tasks.PyTask_CFutureSubclass_Tests) ... ok
test_as_completed_invalid_args (test.test_asyncio.test_tasks.PyTask_CFutureSubclass_Tests) ... ok
test_as_completed_reverse_wait (test.test_asyncio.test_tasks.PyTask_CFutureSubclass_Tests) ... ok
test_as_completed_with_timeout (test.test_asyncio.test_tasks.PyTask_CFutureSubclass_Tests) ... ok
test_as_completed_with_unused_timeout (test.test_asyncio.test_tasks.PyTask_CFutureSubclass_Tests) ... ok
test_bare_create_named_task (test.test_asyncio.test_tasks.PyTask_CFutureSubclass_Tests) ... ok
test_bare_create_task (test.test_asyncio.test_tasks.PyTask_CFutureSubclass_Tests) ... ok
test_baseexception_during_cancel (test.test_asyncio.test_tasks.PyTask_CFutureSubclass_Tests) ... ok
test_cancel (test.test_asyncio.test_tasks.PyTask_CFutureSubclass_Tests) ... ok
test_cancel_at_end (test.test_asyncio.test_tasks.PyTask_CFutureSubclass_Tests)
coroutine end right after task is cancelled ... ok
test_cancel_awaited_task (test.test_asyncio.test_tasks.PyTask_CFutureSubclass_Tests) ... ok
test_cancel_blocking_wait_for (test.test_asyncio.test_tasks.PyTask_CFutureSubclass_Tests) ... ok
test_cancel_both_task_and_inner_future (test.test_asyncio.test_tasks.PyTask_CFutureSubclass_Tests) ... ok
test_cancel_current_task (test.test_asyncio.test_tasks.PyTask_CFutureSubclass_Tests) ... ok
test_cancel_gather_1 (test.test_asyncio.test_tasks.PyTask_CFutureSubclass_Tests)
Ensure that a gathering future refuses to be cancelled once all ... ok
test_cancel_gather_2 (test.test_asyncio.test_tasks.PyTask_CFutureSubclass_Tests) ... ok
test_cancel_inner_future (test.test_asyncio.test_tasks.PyTask_CFutureSubclass_Tests) ... ok
test_cancel_task_catching (test.test_asyncio.test_tasks.PyTask_CFutureSubclass_Tests) ... ok
test_cancel_task_ignoring (test.test_asyncio.test_tasks.PyTask_CFutureSubclass_Tests) ... ok
test_cancel_traceback_for_future_exception (test.test_asyncio.test_tasks.PyTask_CFutureSubclass_Tests) ... ok
test_cancel_traceback_for_future_result (test.test_asyncio.test_tasks.PyTask_CFutureSubclass_Tests) ... ok
test_cancel_wait_for (test.test_asyncio.test_tasks.PyTask_CFutureSubclass_Tests) ... ok
test_cancel_with_message_before_starting_task (test.test_asyncio.test_tasks.PyTask_CFutureSubclass_Tests) ... ok
test_cancel_with_message_then_future_exception (test.test_asyncio.test_tasks.PyTask_CFutureSubclass_Tests) ... ok
test_cancel_with_message_then_future_result (test.test_asyncio.test_tasks.PyTask_CFutureSubclass_Tests) ... ok
test_cancel_yield (test.test_asyncio.test_tasks.PyTask_CFutureSubclass_Tests) ... ok
test_context_1 (test.test_asyncio.test_tasks.PyTask_CFutureSubclass_Tests) ... ok
test_context_2 (test.test_asyncio.test_tasks.PyTask_CFutureSubclass_Tests) ... ok
test_context_3 (test.test_asyncio.test_tasks.PyTask_CFutureSubclass_Tests) ... ok
test_coroutine_never_yielded (test.test_asyncio.test_tasks.PyTask_CFutureSubclass_Tests) ... ok
test_coroutine_non_gen_function (test.test_asyncio.test_tasks.PyTask_CFutureSubclass_Tests) ... ok
test_coroutine_non_gen_function_return_future (test.test_asyncio.test_tasks.PyTask_CFutureSubclass_Tests) ... ok
test_corowrapper_mocks_generator (test.test_asyncio.test_tasks.PyTask_CFutureSubclass_Tests) ... ok
test_corowrapper_throw (test.test_asyncio.test_tasks.PyTask_CFutureSubclass_Tests) ... ok
test_corowrapper_weakref (test.test_asyncio.test_tasks.PyTask_CFutureSubclass_Tests) ... ok
test_create_task_with_async_function (test.test_asyncio.test_tasks.PyTask_CFutureSubclass_Tests) ... ok
test_create_task_with_asynclike_function (test.test_asyncio.test_tasks.PyTask_CFutureSubclass_Tests) ... ok
test_create_task_with_noncoroutine (test.test_asyncio.test_tasks.PyTask_CFutureSubclass_Tests) ... ok
test_create_task_with_oldstyle_coroutine (test.test_asyncio.test_tasks.PyTask_CFutureSubclass_Tests) ... ok
test_current_task (test.test_asyncio.test_tasks.PyTask_CFutureSubclass_Tests) ... ok
test_current_task_with_interleaving_tasks (test.test_asyncio.test_tasks.PyTask_CFutureSubclass_Tests) ... ok
test_ensure_future_awaitable (test.test_asyncio.test_tasks.PyTask_CFutureSubclass_Tests) ... ok
test_ensure_future_coroutine (test.test_asyncio.test_tasks.PyTask_CFutureSubclass_Tests) ... ok
test_ensure_future_error_msg (test.test_asyncio.test_tasks.PyTask_CFutureSubclass_Tests) ... ok
test_ensure_future_future (test.test_asyncio.test_tasks.PyTask_CFutureSubclass_Tests) ... ok
test_ensure_future_neither (test.test_asyncio.test_tasks.PyTask_CFutureSubclass_Tests) ... ok
test_ensure_future_task (test.test_asyncio.test_tasks.PyTask_CFutureSubclass_Tests) ... ok
test_error_in_call_soon (test.test_asyncio.test_tasks.PyTask_CFutureSubclass_Tests) ... ok
test_exception_chaining_after_await (test.test_asyncio.test_tasks.PyTask_CFutureSubclass_Tests) ... ok
test_exception_chaining_after_await_with_context_cycle (test.test_asyncio.test_tasks.PyTask_CFutureSubclass_Tests) ... ok
test_exception_traceback (test.test_asyncio.test_tasks.PyTask_CFutureSubclass_Tests) ... ok
test_gather_shield (test.test_asyncio.test_tasks.PyTask_CFutureSubclass_Tests) ... ok
test_get_coro (test.test_asyncio.test_tasks.PyTask_CFutureSubclass_Tests) ... ok
test_get_stack (test.test_asyncio.test_tasks.PyTask_CFutureSubclass_Tests) ... ok
test_iscoroutinefunction (test.test_asyncio.test_tasks.PyTask_CFutureSubclass_Tests) ... ok
test_log_destroyed_pending_task (test.test_asyncio.test_tasks.PyTask_CFutureSubclass_Tests) ... ok
test_log_traceback (test.test_asyncio.test_tasks.PyTask_CFutureSubclass_Tests) ... ok
test_other_loop_future (test.test_asyncio.test_tasks.PyTask_CFutureSubclass_Tests) ... ok
test_return_coroutine_from_coroutine (test.test_asyncio.test_tasks.PyTask_CFutureSubclass_Tests)
Return of @asyncio.coroutine()-wrapped function generator object ... ok
test_shield_cancel_inner (test.test_asyncio.test_tasks.PyTask_CFutureSubclass_Tests) ... ok
test_shield_cancel_outer (test.test_asyncio.test_tasks.PyTask_CFutureSubclass_Tests) ... ok
test_shield_effect (test.test_asyncio.test_tasks.PyTask_CFutureSubclass_Tests) ... ok
test_shield_exception (test.test_asyncio.test_tasks.PyTask_CFutureSubclass_Tests) ... ok
test_shield_gather (test.test_asyncio.test_tasks.PyTask_CFutureSubclass_Tests) ... ok
test_shield_result (test.test_asyncio.test_tasks.PyTask_CFutureSubclass_Tests) ... ok
test_shield_shortcut (test.test_asyncio.test_tasks.PyTask_CFutureSubclass_Tests) ... ok
test_sleep (test.test_asyncio.test_tasks.PyTask_CFutureSubclass_Tests) ... ok
test_sleep_cancel (test.test_asyncio.test_tasks.PyTask_CFutureSubclass_Tests) ... ok
test_step_result (test.test_asyncio.test_tasks.PyTask_CFutureSubclass_Tests) ... ok
test_step_result_future (test.test_asyncio.test_tasks.PyTask_CFutureSubclass_Tests) ... ok
test_stop_while_run_in_complete (test.test_asyncio.test_tasks.PyTask_CFutureSubclass_Tests) ... ok
test_subclasses_ctask_cfuture (test.test_asyncio.test_tasks.PyTask_CFutureSubclass_Tests) ... ok
test_task_awaits_on_itself (test.test_asyncio.test_tasks.PyTask_CFutureSubclass_Tests) ... ok
test_task_basics (test.test_asyncio.test_tasks.PyTask_CFutureSubclass_Tests) ... ok
test_task_cancel_message_getter (test.test_asyncio.test_tasks.PyTask_CFutureSubclass_Tests) ... ok
test_task_cancel_message_setter (test.test_asyncio.test_tasks.PyTask_CFutureSubclass_Tests) ... ok
test_task_cancel_sleeping_task (test.test_asyncio.test_tasks.PyTask_CFutureSubclass_Tests) ... ok
test_task_cancel_waiter_future (test.test_asyncio.test_tasks.PyTask_CFutureSubclass_Tests) ... ok
test_task_class (test.test_asyncio.test_tasks.PyTask_CFutureSubclass_Tests) ... ok
test_task_del_collect (test.test_asyncio.test_tasks.PyTask_CFutureSubclass_Tests) ... ok
test_task_repr (test.test_asyncio.test_tasks.PyTask_CFutureSubclass_Tests) ... ok
test_task_repr_autogenerated (test.test_asyncio.test_tasks.PyTask_CFutureSubclass_Tests) ... ok
test_task_repr_coro_decorator (test.test_asyncio.test_tasks.PyTask_CFutureSubclass_Tests) ... ok
test_task_repr_name_not_str (test.test_asyncio.test_tasks.PyTask_CFutureSubclass_Tests) ... ok
test_task_repr_partial_corowrapper (test.test_asyncio.test_tasks.PyTask_CFutureSubclass_Tests) ... ok
test_task_repr_wait_for (test.test_asyncio.test_tasks.PyTask_CFutureSubclass_Tests) ... ok
test_task_set_methods (test.test_asyncio.test_tasks.PyTask_CFutureSubclass_Tests) ... ok
test_tb_logger_not_called_after_cancel (test.test_asyncio.test_tasks.PyTask_CFutureSubclass_Tests) ... ok
test_wait (test.test_asyncio.test_tasks.PyTask_CFutureSubclass_Tests) ... ok
test_wait_concurrent_complete (test.test_asyncio.test_tasks.PyTask_CFutureSubclass_Tests) ... ok
test_wait_duplicate_coroutines (test.test_asyncio.test_tasks.PyTask_CFutureSubclass_Tests) ... ok
test_wait_errors (test.test_asyncio.test_tasks.PyTask_CFutureSubclass_Tests) ... ok
test_wait_first_completed (test.test_asyncio.test_tasks.PyTask_CFutureSubclass_Tests) ... ok
test_wait_first_exception (test.test_asyncio.test_tasks.PyTask_CFutureSubclass_Tests) ... ok
test_wait_first_exception_in_wait (test.test_asyncio.test_tasks.PyTask_CFutureSubclass_Tests) ... ok
test_wait_for (test.test_asyncio.test_tasks.PyTask_CFutureSubclass_Tests) ... ok
test_wait_for_blocking (test.test_asyncio.test_tasks.PyTask_CFutureSubclass_Tests) ... ok
test_wait_for_cancellation_race_condition (test.test_asyncio.test_tasks.PyTask_CFutureSubclass_Tests) ... ok
test_wait_for_race_condition (test.test_asyncio.test_tasks.PyTask_CFutureSubclass_Tests) ... ok
test_wait_for_raises_timeout_error_if_returned_during_cancellation (test.test_asyncio.test_tasks.PyTask_CFutureSubclass_Tests) ... ok
test_wait_for_reraises_exception_during_cancellation (test.test_asyncio.test_tasks.PyTask_CFutureSubclass_Tests) ... ok
test_wait_for_self_cancellation (test.test_asyncio.test_tasks.PyTask_CFutureSubclass_Tests) ... ok
test_wait_for_timeout_less_then_0_or_0 (test.test_asyncio.test_tasks.PyTask_CFutureSubclass_Tests) ... ok
test_wait_for_timeout_less_then_0_or_0_coroutine_do_not_started (test.test_asyncio.test_tasks.PyTask_CFutureSubclass_Tests) ... ok
test_wait_for_timeout_less_then_0_or_0_future_done (test.test_asyncio.test_tasks.PyTask_CFutureSubclass_Tests) ... ok
test_wait_for_waits_for_task_cancellation (test.test_asyncio.test_tasks.PyTask_CFutureSubclass_Tests) ... ok
test_wait_for_waits_for_task_cancellation_w_timeout_0 (test.test_asyncio.test_tasks.PyTask_CFutureSubclass_Tests) ... ok
test_wait_for_with_global_loop (test.test_asyncio.test_tasks.PyTask_CFutureSubclass_Tests) ... ok
test_wait_invalid_args (test.test_asyncio.test_tasks.PyTask_CFutureSubclass_Tests) ... ok
test_wait_really_done (test.test_asyncio.test_tasks.PyTask_CFutureSubclass_Tests) ... ok
test_wait_with_exception (test.test_asyncio.test_tasks.PyTask_CFutureSubclass_Tests) ... ok
test_wait_with_global_loop (test.test_asyncio.test_tasks.PyTask_CFutureSubclass_Tests) ... ok
test_wait_with_iterator_of_tasks (test.test_asyncio.test_tasks.PyTask_CFutureSubclass_Tests) ... ok
test_wait_with_timeout (test.test_asyncio.test_tasks.PyTask_CFutureSubclass_Tests) ... ok
test_yield_from_corowrapper (test.test_asyncio.test_tasks.PyTask_CFutureSubclass_Tests) ... ok
test_yield_from_corowrapper_send (test.test_asyncio.test_tasks.PyTask_CFutureSubclass_Tests) ... ok
test_yield_future_passes_cancel (test.test_asyncio.test_tasks.PyTask_CFutureSubclass_Tests) ... ok
test_yield_vs_yield_from (test.test_asyncio.test_tasks.PyTask_CFutureSubclass_Tests) ... ok
test_yield_vs_yield_from_generator (test.test_asyncio.test_tasks.PyTask_CFutureSubclass_Tests) ... ok
test_yield_wait_does_not_shield_cancel (test.test_asyncio.test_tasks.PyTask_CFutureSubclass_Tests) ... ok
test_as_completed (test.test_asyncio.test_tasks.PyTask_CFuture_Tests) ... ok
test_as_completed_concurrent (test.test_asyncio.test_tasks.PyTask_CFuture_Tests) ... ok
test_as_completed_duplicate_coroutines (test.test_asyncio.test_tasks.PyTask_CFuture_Tests) ... ok
test_as_completed_invalid_args (test.test_asyncio.test_tasks.PyTask_CFuture_Tests) ... ok
test_as_completed_reverse_wait (test.test_asyncio.test_tasks.PyTask_CFuture_Tests) ... ok
test_as_completed_with_timeout (test.test_asyncio.test_tasks.PyTask_CFuture_Tests) ... ok
test_as_completed_with_unused_timeout (test.test_asyncio.test_tasks.PyTask_CFuture_Tests) ... ok
test_bare_create_named_task (test.test_asyncio.test_tasks.PyTask_CFuture_Tests) ... ok
test_bare_create_task (test.test_asyncio.test_tasks.PyTask_CFuture_Tests) ... ok
test_baseexception_during_cancel (test.test_asyncio.test_tasks.PyTask_CFuture_Tests) ... ok
test_cancel (test.test_asyncio.test_tasks.PyTask_CFuture_Tests) ... ok
test_cancel_at_end (test.test_asyncio.test_tasks.PyTask_CFuture_Tests)
coroutine end right after task is cancelled ... ok
test_cancel_awaited_task (test.test_asyncio.test_tasks.PyTask_CFuture_Tests) ... ok
test_cancel_blocking_wait_for (test.test_asyncio.test_tasks.PyTask_CFuture_Tests) ... ok
test_cancel_both_task_and_inner_future (test.test_asyncio.test_tasks.PyTask_CFuture_Tests) ... ok
test_cancel_current_task (test.test_asyncio.test_tasks.PyTask_CFuture_Tests) ... ok
test_cancel_gather_1 (test.test_asyncio.test_tasks.PyTask_CFuture_Tests)
Ensure that a gathering future refuses to be cancelled once all ... ok
test_cancel_gather_2 (test.test_asyncio.test_tasks.PyTask_CFuture_Tests) ... ok
test_cancel_inner_future (test.test_asyncio.test_tasks.PyTask_CFuture_Tests) ... ok
test_cancel_task_catching (test.test_asyncio.test_tasks.PyTask_CFuture_Tests) ... ok
test_cancel_task_ignoring (test.test_asyncio.test_tasks.PyTask_CFuture_Tests) ... ok
test_cancel_traceback_for_future_exception (test.test_asyncio.test_tasks.PyTask_CFuture_Tests) ... ok
test_cancel_traceback_for_future_result (test.test_asyncio.test_tasks.PyTask_CFuture_Tests) ... ok
test_cancel_wait_for (test.test_asyncio.test_tasks.PyTask_CFuture_Tests) ... ok
test_cancel_with_message_before_starting_task (test.test_asyncio.test_tasks.PyTask_CFuture_Tests) ... ok
test_cancel_with_message_then_future_exception (test.test_asyncio.test_tasks.PyTask_CFuture_Tests) ... ok
test_cancel_with_message_then_future_result (test.test_asyncio.test_tasks.PyTask_CFuture_Tests) ... ok
test_cancel_yield (test.test_asyncio.test_tasks.PyTask_CFuture_Tests) ... ok
test_context_1 (test.test_asyncio.test_tasks.PyTask_CFuture_Tests) ... ok
test_context_2 (test.test_asyncio.test_tasks.PyTask_CFuture_Tests) ... ok
test_context_3 (test.test_asyncio.test_tasks.PyTask_CFuture_Tests) ... ok
test_coroutine_never_yielded (test.test_asyncio.test_tasks.PyTask_CFuture_Tests) ... ok
test_coroutine_non_gen_function (test.test_asyncio.test_tasks.PyTask_CFuture_Tests) ... ok
test_coroutine_non_gen_function_return_future (test.test_asyncio.test_tasks.PyTask_CFuture_Tests) ... ok
test_corowrapper_mocks_generator (test.test_asyncio.test_tasks.PyTask_CFuture_Tests) ... ok
test_corowrapper_throw (test.test_asyncio.test_tasks.PyTask_CFuture_Tests) ... ok
test_corowrapper_weakref (test.test_asyncio.test_tasks.PyTask_CFuture_Tests) ... ok
test_create_task_with_async_function (test.test_asyncio.test_tasks.PyTask_CFuture_Tests) ... ok
test_create_task_with_asynclike_function (test.test_asyncio.test_tasks.PyTask_CFuture_Tests) ... ok
test_create_task_with_noncoroutine (test.test_asyncio.test_tasks.PyTask_CFuture_Tests) ... ok
test_create_task_with_oldstyle_coroutine (test.test_asyncio.test_tasks.PyTask_CFuture_Tests) ... ok
test_current_task (test.test_asyncio.test_tasks.PyTask_CFuture_Tests) ... ok
test_current_task_with_interleaving_tasks (test.test_asyncio.test_tasks.PyTask_CFuture_Tests) ... ok
test_ensure_future_awaitable (test.test_asyncio.test_tasks.PyTask_CFuture_Tests) ... ok
test_ensure_future_coroutine (test.test_asyncio.test_tasks.PyTask_CFuture_Tests) ... ok
test_ensure_future_error_msg (test.test_asyncio.test_tasks.PyTask_CFuture_Tests) ... ok
test_ensure_future_future (test.test_asyncio.test_tasks.PyTask_CFuture_Tests) ... ok
test_ensure_future_neither (test.test_asyncio.test_tasks.PyTask_CFuture_Tests) ... ok
test_ensure_future_task (test.test_asyncio.test_tasks.PyTask_CFuture_Tests) ... ok
test_error_in_call_soon (test.test_asyncio.test_tasks.PyTask_CFuture_Tests) ... ok
test_exception_chaining_after_await (test.test_asyncio.test_tasks.PyTask_CFuture_Tests) ... ok
test_exception_chaining_after_await_with_context_cycle (test.test_asyncio.test_tasks.PyTask_CFuture_Tests) ... ok
test_exception_traceback (test.test_asyncio.test_tasks.PyTask_CFuture_Tests) ... ok
test_gather_shield (test.test_asyncio.test_tasks.PyTask_CFuture_Tests) ... ok
test_get_coro (test.test_asyncio.test_tasks.PyTask_CFuture_Tests) ... ok
test_get_stack (test.test_asyncio.test_tasks.PyTask_CFuture_Tests) ... ok
test_iscoroutinefunction (test.test_asyncio.test_tasks.PyTask_CFuture_Tests) ... ok
test_log_destroyed_pending_task (test.test_asyncio.test_tasks.PyTask_CFuture_Tests) ... ok
test_log_traceback (test.test_asyncio.test_tasks.PyTask_CFuture_Tests) ... ok
test_other_loop_future (test.test_asyncio.test_tasks.PyTask_CFuture_Tests) ... ok
test_return_coroutine_from_coroutine (test.test_asyncio.test_tasks.PyTask_CFuture_Tests)
Return of @asyncio.coroutine()-wrapped function generator object ... ok
test_shield_cancel_inner (test.test_asyncio.test_tasks.PyTask_CFuture_Tests) ... ok
test_shield_cancel_outer (test.test_asyncio.test_tasks.PyTask_CFuture_Tests) ... ok
test_shield_effect (test.test_asyncio.test_tasks.PyTask_CFuture_Tests) ... ok
test_shield_exception (test.test_asyncio.test_tasks.PyTask_CFuture_Tests) ... ok
test_shield_gather (test.test_asyncio.test_tasks.PyTask_CFuture_Tests) ... ok
test_shield_result (test.test_asyncio.test_tasks.PyTask_CFuture_Tests) ... ok
test_shield_shortcut (test.test_asyncio.test_tasks.PyTask_CFuture_Tests) ... ok
test_sleep (test.test_asyncio.test_tasks.PyTask_CFuture_Tests) ... ok
test_sleep_cancel (test.test_asyncio.test_tasks.PyTask_CFuture_Tests) ... ok
test_step_result (test.test_asyncio.test_tasks.PyTask_CFuture_Tests) ... ok
test_step_result_future (test.test_asyncio.test_tasks.PyTask_CFuture_Tests) ... ok
test_stop_while_run_in_complete (test.test_asyncio.test_tasks.PyTask_CFuture_Tests) ... ok
test_task_awaits_on_itself (test.test_asyncio.test_tasks.PyTask_CFuture_Tests) ... ok
test_task_basics (test.test_asyncio.test_tasks.PyTask_CFuture_Tests) ... ok
test_task_cancel_message_getter (test.test_asyncio.test_tasks.PyTask_CFuture_Tests) ... ok
test_task_cancel_message_setter (test.test_asyncio.test_tasks.PyTask_CFuture_Tests) ... ok
test_task_cancel_sleeping_task (test.test_asyncio.test_tasks.PyTask_CFuture_Tests) ... ok
test_task_cancel_waiter_future (test.test_asyncio.test_tasks.PyTask_CFuture_Tests) ... ok
test_task_class (test.test_asyncio.test_tasks.PyTask_CFuture_Tests) ... ok
test_task_del_collect (test.test_asyncio.test_tasks.PyTask_CFuture_Tests) ... ok
test_task_repr (test.test_asyncio.test_tasks.PyTask_CFuture_Tests) ... ok
test_task_repr_autogenerated (test.test_asyncio.test_tasks.PyTask_CFuture_Tests) ... ok
test_task_repr_coro_decorator (test.test_asyncio.test_tasks.PyTask_CFuture_Tests) ... ok
test_task_repr_name_not_str (test.test_asyncio.test_tasks.PyTask_CFuture_Tests) ... ok
test_task_repr_partial_corowrapper (test.test_asyncio.test_tasks.PyTask_CFuture_Tests) ... ok
test_task_repr_wait_for (test.test_asyncio.test_tasks.PyTask_CFuture_Tests) ... ok
test_task_set_methods (test.test_asyncio.test_tasks.PyTask_CFuture_Tests) ... ok
test_task_source_traceback (test.test_asyncio.test_tasks.PyTask_CFuture_Tests) ... ok
test_tb_logger_not_called_after_cancel (test.test_asyncio.test_tasks.PyTask_CFuture_Tests) ... ok
test_wait (test.test_asyncio.test_tasks.PyTask_CFuture_Tests) ... ok
test_wait_concurrent_complete (test.test_asyncio.test_tasks.PyTask_CFuture_Tests) ... ok
test_wait_duplicate_coroutines (test.test_asyncio.test_tasks.PyTask_CFuture_Tests) ... ok
test_wait_errors (test.test_asyncio.test_tasks.PyTask_CFuture_Tests) ... ok
test_wait_first_completed (test.test_asyncio.test_tasks.PyTask_CFuture_Tests) ... ok
test_wait_first_exception (test.test_asyncio.test_tasks.PyTask_CFuture_Tests) ... ok
test_wait_first_exception_in_wait (test.test_asyncio.test_tasks.PyTask_CFuture_Tests) ... ok
test_wait_for (test.test_asyncio.test_tasks.PyTask_CFuture_Tests) ... ok
test_wait_for_blocking (test.test_asyncio.test_tasks.PyTask_CFuture_Tests) ... ok
test_wait_for_cancellation_race_condition (test.test_asyncio.test_tasks.PyTask_CFuture_Tests) ... ok
test_wait_for_race_condition (test.test_asyncio.test_tasks.PyTask_CFuture_Tests) ... ok
test_wait_for_raises_timeout_error_if_returned_during_cancellation (test.test_asyncio.test_tasks.PyTask_CFuture_Tests) ... ok
test_wait_for_reraises_exception_during_cancellation (test.test_asyncio.test_tasks.PyTask_CFuture_Tests) ... ok
test_wait_for_self_cancellation (test.test_asyncio.test_tasks.PyTask_CFuture_Tests) ... ok
test_wait_for_timeout_less_then_0_or_0 (test.test_asyncio.test_tasks.PyTask_CFuture_Tests) ... ok
test_wait_for_timeout_less_then_0_or_0_coroutine_do_not_started (test.test_asyncio.test_tasks.PyTask_CFuture_Tests) ... ok
test_wait_for_timeout_less_then_0_or_0_future_done (test.test_asyncio.test_tasks.PyTask_CFuture_Tests) ... ok
test_wait_for_waits_for_task_cancellation (test.test_asyncio.test_tasks.PyTask_CFuture_Tests) ... ok
test_wait_for_waits_for_task_cancellation_w_timeout_0 (test.test_asyncio.test_tasks.PyTask_CFuture_Tests) ... ok
test_wait_for_with_global_loop (test.test_asyncio.test_tasks.PyTask_CFuture_Tests) ... ok
test_wait_invalid_args (test.test_asyncio.test_tasks.PyTask_CFuture_Tests) ... ok
test_wait_really_done (test.test_asyncio.test_tasks.PyTask_CFuture_Tests) ... ok
test_wait_with_exception (test.test_asyncio.test_tasks.PyTask_CFuture_Tests) ... ok
test_wait_with_global_loop (test.test_asyncio.test_tasks.PyTask_CFuture_Tests) ... ok
test_wait_with_iterator_of_tasks (test.test_asyncio.test_tasks.PyTask_CFuture_Tests) ... ok
test_wait_with_timeout (test.test_asyncio.test_tasks.PyTask_CFuture_Tests) ... ok
test_yield_from_corowrapper (test.test_asyncio.test_tasks.PyTask_CFuture_Tests) ... ok
test_yield_from_corowrapper_send (test.test_asyncio.test_tasks.PyTask_CFuture_Tests) ... ok
test_yield_future_passes_cancel (test.test_asyncio.test_tasks.PyTask_CFuture_Tests) ... ok
test_yield_vs_yield_from (test.test_asyncio.test_tasks.PyTask_CFuture_Tests) ... ok
test_yield_vs_yield_from_generator (test.test_asyncio.test_tasks.PyTask_CFuture_Tests) ... ok
test_yield_wait_does_not_shield_cancel (test.test_asyncio.test_tasks.PyTask_CFuture_Tests) ... ok
test_as_completed (test.test_asyncio.test_tasks.PyTask_PyFuture_SubclassTests) ... ok
test_as_completed_concurrent (test.test_asyncio.test_tasks.PyTask_PyFuture_SubclassTests) ... ok
test_as_completed_duplicate_coroutines (test.test_asyncio.test_tasks.PyTask_PyFuture_SubclassTests) ... ok
test_as_completed_invalid_args (test.test_asyncio.test_tasks.PyTask_PyFuture_SubclassTests) ... ok
test_as_completed_reverse_wait (test.test_asyncio.test_tasks.PyTask_PyFuture_SubclassTests) ... ok
test_as_completed_with_timeout (test.test_asyncio.test_tasks.PyTask_PyFuture_SubclassTests) ... ok
test_as_completed_with_unused_timeout (test.test_asyncio.test_tasks.PyTask_PyFuture_SubclassTests) ... ok
test_bare_create_named_task (test.test_asyncio.test_tasks.PyTask_PyFuture_SubclassTests) ... ok
test_bare_create_task (test.test_asyncio.test_tasks.PyTask_PyFuture_SubclassTests) ... ok
test_baseexception_during_cancel (test.test_asyncio.test_tasks.PyTask_PyFuture_SubclassTests) ... ok
test_cancel (test.test_asyncio.test_tasks.PyTask_PyFuture_SubclassTests) ... ok
test_cancel_at_end (test.test_asyncio.test_tasks.PyTask_PyFuture_SubclassTests)
coroutine end right after task is cancelled ... ok
test_cancel_awaited_task (test.test_asyncio.test_tasks.PyTask_PyFuture_SubclassTests) ... ok
test_cancel_blocking_wait_for (test.test_asyncio.test_tasks.PyTask_PyFuture_SubclassTests) ... ok
test_cancel_both_task_and_inner_future (test.test_asyncio.test_tasks.PyTask_PyFuture_SubclassTests) ... ok
test_cancel_current_task (test.test_asyncio.test_tasks.PyTask_PyFuture_SubclassTests) ... ok
test_cancel_gather_1 (test.test_asyncio.test_tasks.PyTask_PyFuture_SubclassTests)
Ensure that a gathering future refuses to be cancelled once all ... ok
test_cancel_gather_2 (test.test_asyncio.test_tasks.PyTask_PyFuture_SubclassTests) ... ok
test_cancel_inner_future (test.test_asyncio.test_tasks.PyTask_PyFuture_SubclassTests) ... ok
test_cancel_task_catching (test.test_asyncio.test_tasks.PyTask_PyFuture_SubclassTests) ... ok
test_cancel_task_ignoring (test.test_asyncio.test_tasks.PyTask_PyFuture_SubclassTests) ... ok
test_cancel_traceback_for_future_exception (test.test_asyncio.test_tasks.PyTask_PyFuture_SubclassTests) ... ok
test_cancel_traceback_for_future_result (test.test_asyncio.test_tasks.PyTask_PyFuture_SubclassTests) ... ok
test_cancel_wait_for (test.test_asyncio.test_tasks.PyTask_PyFuture_SubclassTests) ... ok
test_cancel_with_message_before_starting_task (test.test_asyncio.test_tasks.PyTask_PyFuture_SubclassTests) ... ok
test_cancel_with_message_then_future_exception (test.test_asyncio.test_tasks.PyTask_PyFuture_SubclassTests) ... ok
test_cancel_with_message_then_future_result (test.test_asyncio.test_tasks.PyTask_PyFuture_SubclassTests) ... ok
test_cancel_yield (test.test_asyncio.test_tasks.PyTask_PyFuture_SubclassTests) ... ok
test_context_1 (test.test_asyncio.test_tasks.PyTask_PyFuture_SubclassTests) ... ok
test_context_2 (test.test_asyncio.test_tasks.PyTask_PyFuture_SubclassTests) ... ok
test_context_3 (test.test_asyncio.test_tasks.PyTask_PyFuture_SubclassTests) ... ok
test_coroutine_never_yielded (test.test_asyncio.test_tasks.PyTask_PyFuture_SubclassTests) ... ok
test_coroutine_non_gen_function (test.test_asyncio.test_tasks.PyTask_PyFuture_SubclassTests) ... ok
test_coroutine_non_gen_function_return_future (test.test_asyncio.test_tasks.PyTask_PyFuture_SubclassTests) ... ok
test_corowrapper_mocks_generator (test.test_asyncio.test_tasks.PyTask_PyFuture_SubclassTests) ... ok
test_corowrapper_throw (test.test_asyncio.test_tasks.PyTask_PyFuture_SubclassTests) ... ok
test_corowrapper_weakref (test.test_asyncio.test_tasks.PyTask_PyFuture_SubclassTests) ... ok
test_create_task_with_async_function (test.test_asyncio.test_tasks.PyTask_PyFuture_SubclassTests) ... ok
test_create_task_with_asynclike_function (test.test_asyncio.test_tasks.PyTask_PyFuture_SubclassTests) ... ok
test_create_task_with_noncoroutine (test.test_asyncio.test_tasks.PyTask_PyFuture_SubclassTests) ... ok
test_create_task_with_oldstyle_coroutine (test.test_asyncio.test_tasks.PyTask_PyFuture_SubclassTests) ... ok
test_current_task (test.test_asyncio.test_tasks.PyTask_PyFuture_SubclassTests) ... ok
test_current_task_with_interleaving_tasks (test.test_asyncio.test_tasks.PyTask_PyFuture_SubclassTests) ... ok
test_ensure_future_awaitable (test.test_asyncio.test_tasks.PyTask_PyFuture_SubclassTests) ... ok
test_ensure_future_coroutine (test.test_asyncio.test_tasks.PyTask_PyFuture_SubclassTests) ... ok
test_ensure_future_error_msg (test.test_asyncio.test_tasks.PyTask_PyFuture_SubclassTests) ... ok
test_ensure_future_future (test.test_asyncio.test_tasks.PyTask_PyFuture_SubclassTests) ... ok
test_ensure_future_neither (test.test_asyncio.test_tasks.PyTask_PyFuture_SubclassTests) ... ok
test_ensure_future_task (test.test_asyncio.test_tasks.PyTask_PyFuture_SubclassTests) ... ok
test_error_in_call_soon (test.test_asyncio.test_tasks.PyTask_PyFuture_SubclassTests) ... ok
test_exception_chaining_after_await (test.test_asyncio.test_tasks.PyTask_PyFuture_SubclassTests) ... ok
test_exception_chaining_after_await_with_context_cycle (test.test_asyncio.test_tasks.PyTask_PyFuture_SubclassTests) ... ok
test_exception_traceback (test.test_asyncio.test_tasks.PyTask_PyFuture_SubclassTests) ... ok
test_gather_shield (test.test_asyncio.test_tasks.PyTask_PyFuture_SubclassTests) ... ok
test_get_coro (test.test_asyncio.test_tasks.PyTask_PyFuture_SubclassTests) ... ok
test_get_stack (test.test_asyncio.test_tasks.PyTask_PyFuture_SubclassTests) ... ok
test_iscoroutinefunction (test.test_asyncio.test_tasks.PyTask_PyFuture_SubclassTests) ... ok
test_log_destroyed_pending_task (test.test_asyncio.test_tasks.PyTask_PyFuture_SubclassTests) ... ok
test_log_traceback (test.test_asyncio.test_tasks.PyTask_PyFuture_SubclassTests) ... ok
test_other_loop_future (test.test_asyncio.test_tasks.PyTask_PyFuture_SubclassTests) ... ok
test_return_coroutine_from_coroutine (test.test_asyncio.test_tasks.PyTask_PyFuture_SubclassTests)
Return of @asyncio.coroutine()-wrapped function generator object ... ok
test_shield_cancel_inner (test.test_asyncio.test_tasks.PyTask_PyFuture_SubclassTests) ... ok
test_shield_cancel_outer (test.test_asyncio.test_tasks.PyTask_PyFuture_SubclassTests) ... ok
test_shield_effect (test.test_asyncio.test_tasks.PyTask_PyFuture_SubclassTests) ... ok
test_shield_exception (test.test_asyncio.test_tasks.PyTask_PyFuture_SubclassTests) ... ok
test_shield_gather (test.test_asyncio.test_tasks.PyTask_PyFuture_SubclassTests) ... ok
test_shield_result (test.test_asyncio.test_tasks.PyTask_PyFuture_SubclassTests) ... ok
test_shield_shortcut (test.test_asyncio.test_tasks.PyTask_PyFuture_SubclassTests) ... ok
test_sleep (test.test_asyncio.test_tasks.PyTask_PyFuture_SubclassTests) ... ok
test_sleep_cancel (test.test_asyncio.test_tasks.PyTask_PyFuture_SubclassTests) ... ok
test_step_result (test.test_asyncio.test_tasks.PyTask_PyFuture_SubclassTests) ... ok
test_step_result_future (test.test_asyncio.test_tasks.PyTask_PyFuture_SubclassTests) ... ok
test_stop_while_run_in_complete (test.test_asyncio.test_tasks.PyTask_PyFuture_SubclassTests) ... ok
test_subclasses_ctask_cfuture (test.test_asyncio.test_tasks.PyTask_PyFuture_SubclassTests) ... ok
test_task_awaits_on_itself (test.test_asyncio.test_tasks.PyTask_PyFuture_SubclassTests) ... ok
test_task_basics (test.test_asyncio.test_tasks.PyTask_PyFuture_SubclassTests) ... ok
test_task_cancel_message_getter (test.test_asyncio.test_tasks.PyTask_PyFuture_SubclassTests) ... ok
test_task_cancel_message_setter (test.test_asyncio.test_tasks.PyTask_PyFuture_SubclassTests) ... ok
test_task_cancel_sleeping_task (test.test_asyncio.test_tasks.PyTask_PyFuture_SubclassTests) ... ok
test_task_cancel_waiter_future (test.test_asyncio.test_tasks.PyTask_PyFuture_SubclassTests) ... ok
test_task_class (test.test_asyncio.test_tasks.PyTask_PyFuture_SubclassTests) ... ok
test_task_del_collect (test.test_asyncio.test_tasks.PyTask_PyFuture_SubclassTests) ... ok
test_task_repr (test.test_asyncio.test_tasks.PyTask_PyFuture_SubclassTests) ... ok
test_task_repr_autogenerated (test.test_asyncio.test_tasks.PyTask_PyFuture_SubclassTests) ... ok
test_task_repr_coro_decorator (test.test_asyncio.test_tasks.PyTask_PyFuture_SubclassTests) ... ok
test_task_repr_name_not_str (test.test_asyncio.test_tasks.PyTask_PyFuture_SubclassTests) ... ok
test_task_repr_partial_corowrapper (test.test_asyncio.test_tasks.PyTask_PyFuture_SubclassTests) ... ok
test_task_repr_wait_for (test.test_asyncio.test_tasks.PyTask_PyFuture_SubclassTests) ... ok
test_task_set_methods (test.test_asyncio.test_tasks.PyTask_PyFuture_SubclassTests) ... ok
test_tb_logger_not_called_after_cancel (test.test_asyncio.test_tasks.PyTask_PyFuture_SubclassTests) ... ok
test_wait (test.test_asyncio.test_tasks.PyTask_PyFuture_SubclassTests) ... ok
test_wait_concurrent_complete (test.test_asyncio.test_tasks.PyTask_PyFuture_SubclassTests) ... ok
test_wait_duplicate_coroutines (test.test_asyncio.test_tasks.PyTask_PyFuture_SubclassTests) ... ok
test_wait_errors (test.test_asyncio.test_tasks.PyTask_PyFuture_SubclassTests) ... ok
test_wait_first_completed (test.test_asyncio.test_tasks.PyTask_PyFuture_SubclassTests) ... ok
test_wait_first_exception (test.test_asyncio.test_tasks.PyTask_PyFuture_SubclassTests) ... ok
test_wait_first_exception_in_wait (test.test_asyncio.test_tasks.PyTask_PyFuture_SubclassTests) ... ok
test_wait_for (test.test_asyncio.test_tasks.PyTask_PyFuture_SubclassTests) ... ok
test_wait_for_blocking (test.test_asyncio.test_tasks.PyTask_PyFuture_SubclassTests) ... ok
test_wait_for_cancellation_race_condition (test.test_asyncio.test_tasks.PyTask_PyFuture_SubclassTests) ... ok
test_wait_for_race_condition (test.test_asyncio.test_tasks.PyTask_PyFuture_SubclassTests) ... ok
test_wait_for_raises_timeout_error_if_returned_during_cancellation (test.test_asyncio.test_tasks.PyTask_PyFuture_SubclassTests) ... ok
test_wait_for_reraises_exception_during_cancellation (test.test_asyncio.test_tasks.PyTask_PyFuture_SubclassTests) ... ok
test_wait_for_self_cancellation (test.test_asyncio.test_tasks.PyTask_PyFuture_SubclassTests) ... ok
test_wait_for_timeout_less_then_0_or_0 (test.test_asyncio.test_tasks.PyTask_PyFuture_SubclassTests) ... ok
test_wait_for_timeout_less_then_0_or_0_coroutine_do_not_started (test.test_asyncio.test_tasks.PyTask_PyFuture_SubclassTests) ... ok
test_wait_for_timeout_less_then_0_or_0_future_done (test.test_asyncio.test_tasks.PyTask_PyFuture_SubclassTests) ... ok
test_wait_for_waits_for_task_cancellation (test.test_asyncio.test_tasks.PyTask_PyFuture_SubclassTests) ... ok
test_wait_for_waits_for_task_cancellation_w_timeout_0 (test.test_asyncio.test_tasks.PyTask_PyFuture_SubclassTests) ... ok
test_wait_for_with_global_loop (test.test_asyncio.test_tasks.PyTask_PyFuture_SubclassTests) ... ok
test_wait_invalid_args (test.test_asyncio.test_tasks.PyTask_PyFuture_SubclassTests) ... ok
test_wait_really_done (test.test_asyncio.test_tasks.PyTask_PyFuture_SubclassTests) ... ok
test_wait_with_exception (test.test_asyncio.test_tasks.PyTask_PyFuture_SubclassTests) ... ok
test_wait_with_global_loop (test.test_asyncio.test_tasks.PyTask_PyFuture_SubclassTests) ... ok
test_wait_with_iterator_of_tasks (test.test_asyncio.test_tasks.PyTask_PyFuture_SubclassTests) ... ok
test_wait_with_timeout (test.test_asyncio.test_tasks.PyTask_PyFuture_SubclassTests) ... ok
test_yield_from_corowrapper (test.test_asyncio.test_tasks.PyTask_PyFuture_SubclassTests) ... ok
test_yield_from_corowrapper_send (test.test_asyncio.test_tasks.PyTask_PyFuture_SubclassTests) ... ok
test_yield_future_passes_cancel (test.test_asyncio.test_tasks.PyTask_PyFuture_SubclassTests) ... ok
test_yield_vs_yield_from (test.test_asyncio.test_tasks.PyTask_PyFuture_SubclassTests) ... ok
test_yield_vs_yield_from_generator (test.test_asyncio.test_tasks.PyTask_PyFuture_SubclassTests) ... ok
test_yield_wait_does_not_shield_cancel (test.test_asyncio.test_tasks.PyTask_PyFuture_SubclassTests) ... ok
test_as_completed (test.test_asyncio.test_tasks.PyTask_PyFuture_Tests) ... ok
test_as_completed_concurrent (test.test_asyncio.test_tasks.PyTask_PyFuture_Tests) ... ok
test_as_completed_duplicate_coroutines (test.test_asyncio.test_tasks.PyTask_PyFuture_Tests) ... ok
test_as_completed_invalid_args (test.test_asyncio.test_tasks.PyTask_PyFuture_Tests) ... ok
test_as_completed_reverse_wait (test.test_asyncio.test_tasks.PyTask_PyFuture_Tests) ... ok
test_as_completed_with_timeout (test.test_asyncio.test_tasks.PyTask_PyFuture_Tests) ... ok
test_as_completed_with_unused_timeout (test.test_asyncio.test_tasks.PyTask_PyFuture_Tests) ... ok
test_bare_create_named_task (test.test_asyncio.test_tasks.PyTask_PyFuture_Tests) ... ok
test_bare_create_task (test.test_asyncio.test_tasks.PyTask_PyFuture_Tests) ... ok
test_baseexception_during_cancel (test.test_asyncio.test_tasks.PyTask_PyFuture_Tests) ... ok
test_cancel (test.test_asyncio.test_tasks.PyTask_PyFuture_Tests) ... ok
test_cancel_at_end (test.test_asyncio.test_tasks.PyTask_PyFuture_Tests)
coroutine end right after task is cancelled ... ok
test_cancel_awaited_task (test.test_asyncio.test_tasks.PyTask_PyFuture_Tests) ... ok
test_cancel_blocking_wait_for (test.test_asyncio.test_tasks.PyTask_PyFuture_Tests) ... ok
test_cancel_both_task_and_inner_future (test.test_asyncio.test_tasks.PyTask_PyFuture_Tests) ... ok
test_cancel_current_task (test.test_asyncio.test_tasks.PyTask_PyFuture_Tests) ... ok
test_cancel_gather_1 (test.test_asyncio.test_tasks.PyTask_PyFuture_Tests)
Ensure that a gathering future refuses to be cancelled once all ... ok
test_cancel_gather_2 (test.test_asyncio.test_tasks.PyTask_PyFuture_Tests) ... ok
test_cancel_inner_future (test.test_asyncio.test_tasks.PyTask_PyFuture_Tests) ... ok
test_cancel_task_catching (test.test_asyncio.test_tasks.PyTask_PyFuture_Tests) ... ok
test_cancel_task_ignoring (test.test_asyncio.test_tasks.PyTask_PyFuture_Tests) ... ok
test_cancel_traceback_for_future_exception (test.test_asyncio.test_tasks.PyTask_PyFuture_Tests) ... ok
test_cancel_traceback_for_future_result (test.test_asyncio.test_tasks.PyTask_PyFuture_Tests) ... ok
test_cancel_wait_for (test.test_asyncio.test_tasks.PyTask_PyFuture_Tests) ... ok
test_cancel_with_message_before_starting_task (test.test_asyncio.test_tasks.PyTask_PyFuture_Tests) ... ok
test_cancel_with_message_then_future_exception (test.test_asyncio.test_tasks.PyTask_PyFuture_Tests) ... ok
test_cancel_with_message_then_future_result (test.test_asyncio.test_tasks.PyTask_PyFuture_Tests) ... ok
test_cancel_yield (test.test_asyncio.test_tasks.PyTask_PyFuture_Tests) ... ok
test_context_1 (test.test_asyncio.test_tasks.PyTask_PyFuture_Tests) ... ok
test_context_2 (test.test_asyncio.test_tasks.PyTask_PyFuture_Tests) ... ok
test_context_3 (test.test_asyncio.test_tasks.PyTask_PyFuture_Tests) ... ok
test_coroutine_never_yielded (test.test_asyncio.test_tasks.PyTask_PyFuture_Tests) ... ok
test_coroutine_non_gen_function (test.test_asyncio.test_tasks.PyTask_PyFuture_Tests) ... ok
test_coroutine_non_gen_function_return_future (test.test_asyncio.test_tasks.PyTask_PyFuture_Tests) ... ok
test_corowrapper_mocks_generator (test.test_asyncio.test_tasks.PyTask_PyFuture_Tests) ... ok
test_corowrapper_throw (test.test_asyncio.test_tasks.PyTask_PyFuture_Tests) ... ok
test_corowrapper_weakref (test.test_asyncio.test_tasks.PyTask_PyFuture_Tests) ... ok
test_create_task_with_async_function (test.test_asyncio.test_tasks.PyTask_PyFuture_Tests) ... ok
test_create_task_with_asynclike_function (test.test_asyncio.test_tasks.PyTask_PyFuture_Tests) ... ok
test_create_task_with_noncoroutine (test.test_asyncio.test_tasks.PyTask_PyFuture_Tests) ... ok
test_create_task_with_oldstyle_coroutine (test.test_asyncio.test_tasks.PyTask_PyFuture_Tests) ... ok
test_current_task (test.test_asyncio.test_tasks.PyTask_PyFuture_Tests) ... ok
test_current_task_with_interleaving_tasks (test.test_asyncio.test_tasks.PyTask_PyFuture_Tests) ... ok
test_ensure_future_awaitable (test.test_asyncio.test_tasks.PyTask_PyFuture_Tests) ... ok
test_ensure_future_coroutine (test.test_asyncio.test_tasks.PyTask_PyFuture_Tests) ... ok
test_ensure_future_error_msg (test.test_asyncio.test_tasks.PyTask_PyFuture_Tests) ... ok
test_ensure_future_future (test.test_asyncio.test_tasks.PyTask_PyFuture_Tests) ... ok
test_ensure_future_neither (test.test_asyncio.test_tasks.PyTask_PyFuture_Tests) ... ok
test_ensure_future_task (test.test_asyncio.test_tasks.PyTask_PyFuture_Tests) ... ok
test_error_in_call_soon (test.test_asyncio.test_tasks.PyTask_PyFuture_Tests) ... ok
test_exception_chaining_after_await (test.test_asyncio.test_tasks.PyTask_PyFuture_Tests) ... ok
test_exception_chaining_after_await_with_context_cycle (test.test_asyncio.test_tasks.PyTask_PyFuture_Tests) ... ok
test_exception_traceback (test.test_asyncio.test_tasks.PyTask_PyFuture_Tests) ... ok
test_gather_shield (test.test_asyncio.test_tasks.PyTask_PyFuture_Tests) ... ok
test_get_coro (test.test_asyncio.test_tasks.PyTask_PyFuture_Tests) ... ok
test_get_stack (test.test_asyncio.test_tasks.PyTask_PyFuture_Tests) ... ok
test_iscoroutinefunction (test.test_asyncio.test_tasks.PyTask_PyFuture_Tests) ... ok
test_log_destroyed_pending_task (test.test_asyncio.test_tasks.PyTask_PyFuture_Tests) ... ok
test_log_traceback (test.test_asyncio.test_tasks.PyTask_PyFuture_Tests) ... ok
test_other_loop_future (test.test_asyncio.test_tasks.PyTask_PyFuture_Tests) ... ok
test_return_coroutine_from_coroutine (test.test_asyncio.test_tasks.PyTask_PyFuture_Tests)
Return of @asyncio.coroutine()-wrapped function generator object ... ok
test_set_exception_causes_invalid_state (test.test_asyncio.test_tasks.PyTask_PyFuture_Tests) ... ok
test_set_result_causes_invalid_state (test.test_asyncio.test_tasks.PyTask_PyFuture_Tests) ... ok
test_shield_cancel_inner (test.test_asyncio.test_tasks.PyTask_PyFuture_Tests) ... ok
test_shield_cancel_outer (test.test_asyncio.test_tasks.PyTask_PyFuture_Tests) ... ok
test_shield_effect (test.test_asyncio.test_tasks.PyTask_PyFuture_Tests) ... ok
test_shield_exception (test.test_asyncio.test_tasks.PyTask_PyFuture_Tests) ... ok
test_shield_gather (test.test_asyncio.test_tasks.PyTask_PyFuture_Tests) ... ok
test_shield_result (test.test_asyncio.test_tasks.PyTask_PyFuture_Tests) ... ok
test_shield_shortcut (test.test_asyncio.test_tasks.PyTask_PyFuture_Tests) ... ok
test_sleep (test.test_asyncio.test_tasks.PyTask_PyFuture_Tests) ... ok
test_sleep_cancel (test.test_asyncio.test_tasks.PyTask_PyFuture_Tests) ... ok
test_step_result (test.test_asyncio.test_tasks.PyTask_PyFuture_Tests) ... ok
test_step_result_future (test.test_asyncio.test_tasks.PyTask_PyFuture_Tests) ... ok
test_stop_while_run_in_complete (test.test_asyncio.test_tasks.PyTask_PyFuture_Tests) ... ok
test_task_awaits_on_itself (test.test_asyncio.test_tasks.PyTask_PyFuture_Tests) ... ok
test_task_basics (test.test_asyncio.test_tasks.PyTask_PyFuture_Tests) ... ok
test_task_cancel_message_getter (test.test_asyncio.test_tasks.PyTask_PyFuture_Tests) ... ok
test_task_cancel_message_setter (test.test_asyncio.test_tasks.PyTask_PyFuture_Tests) ... ok
test_task_cancel_sleeping_task (test.test_asyncio.test_tasks.PyTask_PyFuture_Tests) ... ok
test_task_cancel_waiter_future (test.test_asyncio.test_tasks.PyTask_PyFuture_Tests) ... ok
test_task_class (test.test_asyncio.test_tasks.PyTask_PyFuture_Tests) ... ok
test_task_del_collect (test.test_asyncio.test_tasks.PyTask_PyFuture_Tests) ... ok
test_task_repr (test.test_asyncio.test_tasks.PyTask_PyFuture_Tests) ... ok
test_task_repr_autogenerated (test.test_asyncio.test_tasks.PyTask_PyFuture_Tests) ... ok
test_task_repr_coro_decorator (test.test_asyncio.test_tasks.PyTask_PyFuture_Tests) ... ok
test_task_repr_name_not_str (test.test_asyncio.test_tasks.PyTask_PyFuture_Tests) ... ok
test_task_repr_partial_corowrapper (test.test_asyncio.test_tasks.PyTask_PyFuture_Tests) ... ok
test_task_repr_wait_for (test.test_asyncio.test_tasks.PyTask_PyFuture_Tests) ... ok
test_task_set_methods (test.test_asyncio.test_tasks.PyTask_PyFuture_Tests) ... ok
test_task_source_traceback (test.test_asyncio.test_tasks.PyTask_PyFuture_Tests) ... ok
test_tb_logger_not_called_after_cancel (test.test_asyncio.test_tasks.PyTask_PyFuture_Tests) ... ok
test_wait (test.test_asyncio.test_tasks.PyTask_PyFuture_Tests) ... ok
test_wait_concurrent_complete (test.test_asyncio.test_tasks.PyTask_PyFuture_Tests) ... ok
test_wait_duplicate_coroutines (test.test_asyncio.test_tasks.PyTask_PyFuture_Tests) ... ok
test_wait_errors (test.test_asyncio.test_tasks.PyTask_PyFuture_Tests) ... ok
test_wait_first_completed (test.test_asyncio.test_tasks.PyTask_PyFuture_Tests) ... ok
test_wait_first_exception (test.test_asyncio.test_tasks.PyTask_PyFuture_Tests) ... ok
test_wait_first_exception_in_wait (test.test_asyncio.test_tasks.PyTask_PyFuture_Tests) ... ok
test_wait_for (test.test_asyncio.test_tasks.PyTask_PyFuture_Tests) ... ok
test_wait_for_blocking (test.test_asyncio.test_tasks.PyTask_PyFuture_Tests) ... ok
test_wait_for_cancellation_race_condition (test.test_asyncio.test_tasks.PyTask_PyFuture_Tests) ... ok
test_wait_for_race_condition (test.test_asyncio.test_tasks.PyTask_PyFuture_Tests) ... ok
test_wait_for_raises_timeout_error_if_returned_during_cancellation (test.test_asyncio.test_tasks.PyTask_PyFuture_Tests) ... ok
test_wait_for_reraises_exception_during_cancellation (test.test_asyncio.test_tasks.PyTask_PyFuture_Tests) ... ok
test_wait_for_self_cancellation (test.test_asyncio.test_tasks.PyTask_PyFuture_Tests) ... ok
test_wait_for_timeout_less_then_0_or_0 (test.test_asyncio.test_tasks.PyTask_PyFuture_Tests) ... ok
test_wait_for_timeout_less_then_0_or_0_coroutine_do_not_started (test.test_asyncio.test_tasks.PyTask_PyFuture_Tests) ... ok
test_wait_for_timeout_less_then_0_or_0_future_done (test.test_asyncio.test_tasks.PyTask_PyFuture_Tests) ... ok
test_wait_for_waits_for_task_cancellation (test.test_asyncio.test_tasks.PyTask_PyFuture_Tests) ... ok
test_wait_for_waits_for_task_cancellation_w_timeout_0 (test.test_asyncio.test_tasks.PyTask_PyFuture_Tests) ... ok
test_wait_for_with_global_loop (test.test_asyncio.test_tasks.PyTask_PyFuture_Tests) ... ok
test_wait_invalid_args (test.test_asyncio.test_tasks.PyTask_PyFuture_Tests) ... ok
test_wait_really_done (test.test_asyncio.test_tasks.PyTask_PyFuture_Tests) ... ok
test_wait_with_exception (test.test_asyncio.test_tasks.PyTask_PyFuture_Tests) ... ok
test_wait_with_global_loop (test.test_asyncio.test_tasks.PyTask_PyFuture_Tests) ... ok
test_wait_with_iterator_of_tasks (test.test_asyncio.test_tasks.PyTask_PyFuture_Tests) ... ok
test_wait_with_timeout (test.test_asyncio.test_tasks.PyTask_PyFuture_Tests) ... ok
test_yield_from_corowrapper (test.test_asyncio.test_tasks.PyTask_PyFuture_Tests) ... ok
test_yield_from_corowrapper_send (test.test_asyncio.test_tasks.PyTask_PyFuture_Tests) ... ok
test_yield_future_passes_cancel (test.test_asyncio.test_tasks.PyTask_PyFuture_Tests) ... ok
test_yield_vs_yield_from (test.test_asyncio.test_tasks.PyTask_PyFuture_Tests) ... ok
test_yield_vs_yield_from_generator (test.test_asyncio.test_tasks.PyTask_PyFuture_Tests) ... ok
test_yield_wait_does_not_shield_cancel (test.test_asyncio.test_tasks.PyTask_PyFuture_Tests) ... ok
test_run_coroutine_threadsafe (test.test_asyncio.test_tasks.RunCoroutineThreadsafeTests)
Test coroutine submission from a thread to an event loop. ... ok
test_run_coroutine_threadsafe_task_cancelled (test.test_asyncio.test_tasks.RunCoroutineThreadsafeTests)
Test coroutine submission from a tread to an event loop ... ok
test_run_coroutine_threadsafe_task_factory_exception (test.test_asyncio.test_tasks.RunCoroutineThreadsafeTests)
Test coroutine submission from a tread to an event loop ... ok
test_run_coroutine_threadsafe_with_exception (test.test_asyncio.test_tasks.RunCoroutineThreadsafeTests)
Test coroutine submission from a thread to an event loop ... ok
test_run_coroutine_threadsafe_with_timeout (test.test_asyncio.test_tasks.RunCoroutineThreadsafeTests)
Test coroutine submission from a thread to an event loop ... ok
test_loop_argument_is_deprecated (test.test_asyncio.test_tasks.SleepTests) ... ok
test_sleep_zero (test.test_asyncio.test_tasks.SleepTests) ... ok
test_coro_is_deprecated_in_wait (test.test_asyncio.test_tasks.WaitTests) ... ok
test_loop_argument_is_deprecated_in_wait (test.test_asyncio.test_tasks.WaitTests) ... ok
test_loop_argument_is_deprecated_in_wait_for (test.test_asyncio.test_tasks.WaitTests) ... ok
test_to_thread (test.test_asyncio.test_threads.ToThreadTests) ... ok
test_to_thread_args_kwargs (test.test_asyncio.test_threads.ToThreadTests) ... ok
test_to_thread_concurrent (test.test_asyncio.test_threads.ToThreadTests) ... ok
test_to_thread_contextvars (test.test_asyncio.test_threads.ToThreadTests) ... ok
test_to_thread_exception (test.test_asyncio.test_threads.ToThreadTests) ... ok
test_to_thread_once (test.test_asyncio.test_threads.ToThreadTests) ... ok
test_ctor_extra_is_none (test.test_asyncio.test_transports.TransportTests) ... ok
test_dgram_not_implemented (test.test_asyncio.test_transports.TransportTests) ... ok
test_flowcontrol_mixin_set_write_limits (test.test_asyncio.test_transports.TransportTests) ... ok
test_get_extra_info (test.test_asyncio.test_transports.TransportTests) ... ok
test_not_implemented (test.test_asyncio.test_transports.TransportTests) ... ok
test_subprocess_transport_not_implemented (test.test_asyncio.test_transports.TransportTests) ... ok
test_writelines (test.test_asyncio.test_transports.TransportTests) ... ok
test_not_implemented (test.test_asyncio.test_unix_events.AbstractChildWatcherTests) ... ok
test_not_implemented (test.test_asyncio.test_unix_events.BaseChildWatcherTests) ... ok
test_close (test.test_asyncio.test_unix_events.FastChildWatcherTests) ... ok
test_create_watcher (test.test_asyncio.test_unix_events.FastChildWatcherTests) ... ok
test_remove_child_handler (test.test_asyncio.test_unix_events.FastChildWatcherTests) ... ok
test_set_loop (test.test_asyncio.test_unix_events.FastChildWatcherTests) ... ok
test_set_loop_race_condition (test.test_asyncio.test_unix_events.FastChildWatcherTests) ... ok
test_sigchld (test.test_asyncio.test_unix_events.FastChildWatcherTests) ... ok
test_sigchld_child_reaped_elsewhere (test.test_asyncio.test_unix_events.FastChildWatcherTests) ... ok
test_sigchld_race_condition (test.test_asyncio.test_unix_events.FastChildWatcherTests) ... ok
test_sigchld_remove_handler (test.test_asyncio.test_unix_events.FastChildWatcherTests) ... ok
test_sigchld_replace_handler (test.test_asyncio.test_unix_events.FastChildWatcherTests) ... ok
test_sigchld_two_children (test.test_asyncio.test_unix_events.FastChildWatcherTests) ... ok
test_sigchld_two_children_terminating_together (test.test_asyncio.test_unix_events.FastChildWatcherTests) ... ok
test_sigchld_unhandled_exception (test.test_asyncio.test_unix_events.FastChildWatcherTests) ... ok
test_sigchld_unknown_pid_during_registration (test.test_asyncio.test_unix_events.FastChildWatcherTests) ... ok
test_sigchld_unknown_status (test.test_asyncio.test_unix_events.FastChildWatcherTests) ... ok
test_child_watcher_replace_mainloop_existing (test.test_asyncio.test_unix_events.PolicyTests) ... ok
test_get_child_watcher_after_set (test.test_asyncio.test_unix_events.PolicyTests) ... ok
test_get_child_watcher_thread (test.test_asyncio.test_unix_events.PolicyTests) ... ok
test_get_default_child_watcher (test.test_asyncio.test_unix_events.PolicyTests) ... ok
test_close (test.test_asyncio.test_unix_events.SafeChildWatcherTests) ... ok
test_create_watcher (test.test_asyncio.test_unix_events.SafeChildWatcherTests) ... ok
test_remove_child_handler (test.test_asyncio.test_unix_events.SafeChildWatcherTests) ... ok
test_set_loop (test.test_asyncio.test_unix_events.SafeChildWatcherTests) ... ok
test_set_loop_race_condition (test.test_asyncio.test_unix_events.SafeChildWatcherTests) ... ok
test_sigchld (test.test_asyncio.test_unix_events.SafeChildWatcherTests) ... ok
test_sigchld_child_reaped_elsewhere (test.test_asyncio.test_unix_events.SafeChildWatcherTests) ... ok
test_sigchld_race_condition (test.test_asyncio.test_unix_events.SafeChildWatcherTests) ... ok
test_sigchld_remove_handler (test.test_asyncio.test_unix_events.SafeChildWatcherTests) ... ok
test_sigchld_replace_handler (test.test_asyncio.test_unix_events.SafeChildWatcherTests) ... ok
test_sigchld_two_children (test.test_asyncio.test_unix_events.SafeChildWatcherTests) ... ok
test_sigchld_two_children_terminating_together (test.test_asyncio.test_unix_events.SafeChildWatcherTests) ... ok
test_sigchld_unhandled_exception (test.test_asyncio.test_unix_events.SafeChildWatcherTests) ... ok
test_sigchld_unknown_pid_during_registration (test.test_asyncio.test_unix_events.SafeChildWatcherTests) ... ok
test_sigchld_unknown_status (test.test_asyncio.test_unix_events.SafeChildWatcherTests) ... ok
test_add_signal_handler (test.test_asyncio.test_unix_events.SelectorEventLoopSignalTests) ... ok
test_add_signal_handler_coroutine_error (test.test_asyncio.test_unix_events.SelectorEventLoopSignalTests) ... ok
test_add_signal_handler_install_error (test.test_asyncio.test_unix_events.SelectorEventLoopSignalTests) ... ok
test_add_signal_handler_install_error2 (test.test_asyncio.test_unix_events.SelectorEventLoopSignalTests) ... ok
test_add_signal_handler_install_error3 (test.test_asyncio.test_unix_events.SelectorEventLoopSignalTests) ... ok
test_add_signal_handler_setup_error (test.test_asyncio.test_unix_events.SelectorEventLoopSignalTests) ... ok
test_check_signal (test.test_asyncio.test_unix_events.SelectorEventLoopSignalTests) ... ok
test_close (test.test_asyncio.test_unix_events.SelectorEventLoopSignalTests) ... ok
test_close_on_finalizing (test.test_asyncio.test_unix_events.SelectorEventLoopSignalTests) ... ok
test_handle_signal_cancelled_handler (test.test_asyncio.test_unix_events.SelectorEventLoopSignalTests) ... ok
test_handle_signal_no_handler (test.test_asyncio.test_unix_events.SelectorEventLoopSignalTests) ... ok
test_remove_signal_handler (test.test_asyncio.test_unix_events.SelectorEventLoopSignalTests) ... ok
test_remove_signal_handler_2 (test.test_asyncio.test_unix_events.SelectorEventLoopSignalTests) ... ok
test_remove_signal_handler_cleanup_error (test.test_asyncio.test_unix_events.SelectorEventLoopSignalTests) ... ok
test_remove_signal_handler_error (test.test_asyncio.test_unix_events.SelectorEventLoopSignalTests) ... ok
test_remove_signal_handler_error2 (test.test_asyncio.test_unix_events.SelectorEventLoopSignalTests) ... ok
test_sock_sendfile_blocking_error (test.test_asyncio.test_unix_events.SelectorEventLoopUnixSockSendfileTests) ... ok
test_sock_sendfile_cancel1 (test.test_asyncio.test_unix_events.SelectorEventLoopUnixSockSendfileTests) ... ok
test_sock_sendfile_cancel2 (test.test_asyncio.test_unix_events.SelectorEventLoopUnixSockSendfileTests) ... ok
test_sock_sendfile_exception (test.test_asyncio.test_unix_events.SelectorEventLoopUnixSockSendfileTests) ... ok
test_sock_sendfile_iobuffer (test.test_asyncio.test_unix_events.SelectorEventLoopUnixSockSendfileTests) ... ok
test_sock_sendfile_not_a_file (test.test_asyncio.test_unix_events.SelectorEventLoopUnixSockSendfileTests) ... ok
test_sock_sendfile_not_available (test.test_asyncio.test_unix_events.SelectorEventLoopUnixSockSendfileTests) ... ok
test_sock_sendfile_not_regular_file (test.test_asyncio.test_unix_events.SelectorEventLoopUnixSockSendfileTests) ... ok
test_sock_sendfile_os_error_first_call (test.test_asyncio.test_unix_events.SelectorEventLoopUnixSockSendfileTests) ... ok
test_sock_sendfile_os_error_next_call (test.test_asyncio.test_unix_events.SelectorEventLoopUnixSockSendfileTests) ... ok
test_create_unix_connection_nopath_nosock (test.test_asyncio.test_unix_events.SelectorEventLoopUnixSocketTests) ... ok
test_create_unix_connection_nossl_serverhost (test.test_asyncio.test_unix_events.SelectorEventLoopUnixSocketTests) ... ok
test_create_unix_connection_path_inetsock (test.test_asyncio.test_unix_events.SelectorEventLoopUnixSocketTests) ... ok
test_create_unix_connection_path_sock (test.test_asyncio.test_unix_events.SelectorEventLoopUnixSocketTests) ... ok
test_create_unix_connection_pathlib (test.test_asyncio.test_unix_events.SelectorEventLoopUnixSocketTests) ... ok
test_create_unix_connection_ssl_noserverhost (test.test_asyncio.test_unix_events.SelectorEventLoopUnixSocketTests) ... ok
test_create_unix_connection_ssl_timeout_with_plain_sock (test.test_asyncio.test_unix_events.SelectorEventLoopUnixSocketTests) ... ok
test_create_unix_server_bind_error (test.test_asyncio.test_unix_events.SelectorEventLoopUnixSocketTests) ... ok
test_create_unix_server_existing_path_nonsock (test.test_asyncio.test_unix_events.SelectorEventLoopUnixSocketTests) ... ok
test_create_unix_server_existing_path_sock (test.test_asyncio.test_unix_events.SelectorEventLoopUnixSocketTests) ... ok
test_create_unix_server_nopath_nosock (test.test_asyncio.test_unix_events.SelectorEventLoopUnixSocketTests) ... ok
test_create_unix_server_path_dgram (test.test_asyncio.test_unix_events.SelectorEventLoopUnixSocketTests) ... ok
test_create_unix_server_path_inetsock (test.test_asyncio.test_unix_events.SelectorEventLoopUnixSocketTests) ... ok
test_create_unix_server_path_stream_bittype (test.test_asyncio.test_unix_events.SelectorEventLoopUnixSocketTests) ... ok
test_create_unix_server_pathlib (test.test_asyncio.test_unix_events.SelectorEventLoopUnixSocketTests) ... ok
test_create_unix_server_ssl_bool (test.test_asyncio.test_unix_events.SelectorEventLoopUnixSocketTests) ... ok
test_create_unix_server_ssl_timeout_with_plain_sock (test.test_asyncio.test_unix_events.SelectorEventLoopUnixSocketTests) ... ok
test_add_reader_invalid_argument (test.test_asyncio.test_unix_events.TestFunctional) ... ok
test_add_reader_or_writer_transport_fd (test.test_asyncio.test_unix_events.TestFunctional) ... ok
test__call_connection_lost (test.test_asyncio.test_unix_events.UnixReadPipeTransportTests) ... ok
test__call_connection_lost_with_err (test.test_asyncio.test_unix_events.UnixReadPipeTransportTests) ... ok
test__close (test.test_asyncio.test_unix_events.UnixReadPipeTransportTests) ... ok
test__read_ready (test.test_asyncio.test_unix_events.UnixReadPipeTransportTests) ... ok
test__read_ready_blocked (test.test_asyncio.test_unix_events.UnixReadPipeTransportTests) ... ok
test__read_ready_eof (test.test_asyncio.test_unix_events.UnixReadPipeTransportTests) ... ok
test__read_ready_error (test.test_asyncio.test_unix_events.UnixReadPipeTransportTests) ... ok
test_close (test.test_asyncio.test_unix_events.UnixReadPipeTransportTests) ... ok
test_close_already_closing (test.test_asyncio.test_unix_events.UnixReadPipeTransportTests) ... ok
test_ctor (test.test_asyncio.test_unix_events.UnixReadPipeTransportTests) ... ok
test_pause_reading (test.test_asyncio.test_unix_events.UnixReadPipeTransportTests) ... ok
test_pause_reading_on_closed_pipe (test.test_asyncio.test_unix_events.UnixReadPipeTransportTests) ... ok
test_pause_reading_on_paused_pipe (test.test_asyncio.test_unix_events.UnixReadPipeTransportTests) ... ok
test_resume_reading (test.test_asyncio.test_unix_events.UnixReadPipeTransportTests) ... ok
test_resume_reading_on_closed_pipe (test.test_asyncio.test_unix_events.UnixReadPipeTransportTests) ... ok
test_resume_reading_on_paused_pipe (test.test_asyncio.test_unix_events.UnixReadPipeTransportTests) ... ok
test__call_connection_lost (test.test_asyncio.test_unix_events.UnixWritePipeTransportTests) ... ok
test__call_connection_lost_with_err (test.test_asyncio.test_unix_events.UnixWritePipeTransportTests) ... ok
test__read_ready (test.test_asyncio.test_unix_events.UnixWritePipeTransportTests) ... ok
test__write_ready (test.test_asyncio.test_unix_events.UnixWritePipeTransportTests) ... ok
test__write_ready_again (test.test_asyncio.test_unix_events.UnixWritePipeTransportTests) ... ok
test__write_ready_closing (test.test_asyncio.test_unix_events.UnixWritePipeTransportTests) ... ok
test__write_ready_empty (test.test_asyncio.test_unix_events.UnixWritePipeTransportTests) ... ok
test__write_ready_err (test.test_asyncio.test_unix_events.UnixWritePipeTransportTests) ... ok
test__write_ready_partial (test.test_asyncio.test_unix_events.UnixWritePipeTransportTests) ... ok
test_abort (test.test_asyncio.test_unix_events.UnixWritePipeTransportTests) ... ok
test_can_write_eof (test.test_asyncio.test_unix_events.UnixWritePipeTransportTests) ... ok
test_close (test.test_asyncio.test_unix_events.UnixWritePipeTransportTests) ... ok
test_close_closing (test.test_asyncio.test_unix_events.UnixWritePipeTransportTests) ... ok
test_ctor (test.test_asyncio.test_unix_events.UnixWritePipeTransportTests) ... ok
test_write (test.test_asyncio.test_unix_events.UnixWritePipeTransportTests) ... ok
test_write_again (test.test_asyncio.test_unix_events.UnixWritePipeTransportTests) ... ok
test_write_buffer (test.test_asyncio.test_unix_events.UnixWritePipeTransportTests) ... ok
test_write_close (test.test_asyncio.test_unix_events.UnixWritePipeTransportTests) ... ok
test_write_eof (test.test_asyncio.test_unix_events.UnixWritePipeTransportTests) ... ok
test_write_eof_pending (test.test_asyncio.test_unix_events.UnixWritePipeTransportTests) ... ok
test_write_err (test.test_asyncio.test_unix_events.UnixWritePipeTransportTests) ... ok
test_write_no_data (test.test_asyncio.test_unix_events.UnixWritePipeTransportTests) ... ok
test_write_partial (test.test_asyncio.test_unix_events.UnixWritePipeTransportTests) ... ok
test.test_asyncio.test_windows_events (unittest.loader.ModuleSkipped) ... skipped 'Windows only'
test.test_asyncio.test_windows_utils (unittest.loader.ModuleSkipped) ... skipped 'Windows only'

----------------------------------------------------------------------

Ran 2309 tests in 483.340s

OK (skipped=47)

== Tests result: FAILURE then SUCCESS ==

400 tests OK.

24 tests skipped:
    test_asdl_parser test_check_c_globals test_clinic test_curses
    test_devpoll test_gdb test_idle test_kqueue test_msilib
    test_ossaudiodev test_smtpnet test_socketserver test_startfile
    test_timeout test_tix test_tk test_ttk_guionly test_urllib2net
    test_urllibnet test_winconsoleio test_winreg test_winsound
    test_xmlrpc_net test_zipfile64

1 test run no tests:
    test_sqlite

Total duration: 1 hour 43 min
Tests result: FAILURE then SUCCESS
